20-Jun-2020 13:05:01 CDT  Initiating request to open input file "/pnfs/GM2/mc/run1_gasgun_1062/runs_1567190000/1567190852/gm2ringsim_muon_gasgun_truth_22551540_1567190852.1.root"
20-Jun-2020 13:05:01 CDT  Opened input file "/pnfs/GM2/mc/run1_gasgun_1062/runs_1567190000/1567190852/gm2ringsim_muon_gasgun_truth_22551540_1567190852.1.root"
Begin processing the 1st record. run: 1567190852 subRun: 1 event: 1 at 20-Jun-2020 13:06:47 CDT
Begin processing the 101st record. run: 1567190852 subRun: 1 event: 101 at 20-Jun-2020 13:06:51 CDT
Begin processing the 201st record. run: 1567190852 subRun: 1 event: 201 at 20-Jun-2020 13:06:54 CDT
Begin processing the 301st record. run: 1567190852 subRun: 1 event: 301 at 20-Jun-2020 13:06:56 CDT
Begin processing the 401st record. run: 1567190852 subRun: 1 event: 401 at 20-Jun-2020 13:06:56 CDT
Begin processing the 501st record. run: 1567190852 subRun: 1 event: 501 at 20-Jun-2020 13:06:58 CDT
Begin processing the 601st record. run: 1567190852 subRun: 1 event: 601 at 20-Jun-2020 13:06:59 CDT
Begin processing the 701st record. run: 1567190852 subRun: 1 event: 701 at 20-Jun-2020 13:07:00 CDT
Begin processing the 801st record. run: 1567190852 subRun: 1 event: 801 at 20-Jun-2020 13:07:01 CDT
Begin processing the 901st record. run: 1567190852 subRun: 1 event: 901 at 20-Jun-2020 13:07:03 CDT
Begin processing the 2000th record. run: 1567190852 subRun: 1 event: 2000 at 20-Jun-2020 13:07:26 CDT
Begin processing the 3000th record. run: 1567190852 subRun: 1 event: 3000 at 20-Jun-2020 13:07:54 CDT
Begin processing the 5000th record. run: 1567190852 subRun: 1 event: 5000 at 20-Jun-2020 13:08:57 CDT
20-Jun-2020 13:08:57 CDT  Closed input file "/pnfs/GM2/mc/run1_gasgun_1062/runs_1567190000/1567190852/gm2ringsim_muon_gasgun_truth_22551540_1567190852.1.root"
20-Jun-2020 13:08:57 CDT  Initiating request to open input file "/pnfs/GM2/mc/run1_gasgun_1062/runs_1567190000/1567190852/gm2ringsim_muon_gasgun_truth_22551541_1567190852.1.root"
20-Jun-2020 13:08:57 CDT  Opened input file "/pnfs/GM2/mc/run1_gasgun_1062/runs_1567190000/1567190852/gm2ringsim_muon_gasgun_truth_22551541_1567190852.1.root"
Begin processing the 9000th record. run: 1567190852 subRun: 1 event: 4000 at 20-Jun-2020 13:10:09 CDT
20-Jun-2020 13:10:24 CDT  Closed input file "/pnfs/GM2/mc/run1_gasgun_1062/runs_1567190000/1567190852/gm2ringsim_muon_gasgun_truth_22551541_1567190852.1.root"
20-Jun-2020 13:10:24 CDT  Initiating request to open input file "/pnfs/GM2/mc/run1_gasgun_1062/runs_1567190000/1567190852/gm2ringsim_muon_gasgun_truth_22551542_1567190852.1.root"
20-Jun-2020 13:10:24 CDT  Opened input file "/pnfs/GM2/mc/run1_gasgun_1062/runs_1567190000/1567190852/gm2ringsim_muon_gasgun_truth_22551542_1567190852.1.root"
20-Jun-2020 13:11:52 CDT  Closed input file "/pnfs/GM2/mc/run1_gasgun_1062/runs_1567190000/1567190852/gm2ringsim_muon_gasgun_truth_22551542_1567190852.1.root"
20-Jun-2020 13:11:52 CDT  Initiating request to open input file "/pnfs/GM2/mc/run1_gasgun_1062/runs_1567190000/1567190852/gm2ringsim_muon_gasgun_truth_22551543_1567190852.1.root"
20-Jun-2020 13:11:52 CDT  Opened input file "/pnfs/GM2/mc/run1_gasgun_1062/runs_1567190000/1567190852/gm2ringsim_muon_gasgun_truth_22551543_1567190852.1.root"
Begin processing the 17000th record. run: 1567190852 subRun: 1 event: 2000 at 20-Jun-2020 13:12:28 CDT
20-Jun-2020 13:13:18 CDT  Closed input file "/pnfs/GM2/mc/run1_gasgun_1062/runs_1567190000/1567190852/gm2ringsim_muon_gasgun_truth_22551543_1567190852.1.root"
20-Jun-2020 13:13:18 CDT  Initiating request to open input file "/pnfs/GM2/mc/run1_gasgun_1062/runs_1567190000/1567190852/gm2ringsim_muon_gasgun_truth_22551544_1567190852.1.root"
20-Jun-2020 13:13:18 CDT  Opened input file "/pnfs/GM2/mc/run1_gasgun_1062/runs_1567190000/1567190852/gm2ringsim_muon_gasgun_truth_22551544_1567190852.1.root"
20-Jun-2020 13:14:52 CDT  Closed input file "/pnfs/GM2/mc/run1_gasgun_1062/runs_1567190000/1567190852/gm2ringsim_muon_gasgun_truth_22551544_1567190852.1.root"
20-Jun-2020 13:14:52 CDT  Initiating request to open input file "/pnfs/GM2/mc/run1_gasgun_1062/runs_1567190000/1567190852/gm2ringsim_muon_gasgun_truth_22551545_1567190852.1.root"
20-Jun-2020 13:14:52 CDT  Opened input file "/pnfs/GM2/mc/run1_gasgun_1062/runs_1567190000/1567190852/gm2ringsim_muon_gasgun_truth_22551545_1567190852.1.root"
20-Jun-2020 13:16:14 CDT  Closed input file "/pnfs/GM2/mc/run1_gasgun_1062/runs_1567190000/1567190852/gm2ringsim_muon_gasgun_truth_22551545_1567190852.1.root"
20-Jun-2020 13:16:14 CDT  Initiating request to open input file "/pnfs/GM2/mc/run1_gasgun_1062/runs_1567190000/1567190852/gm2ringsim_muon_gasgun_truth_22551546_1567190852.1.root"
20-Jun-2020 13:16:14 CDT  Opened input file "/pnfs/GM2/mc/run1_gasgun_1062/runs_1567190000/1567190852/gm2ringsim_muon_gasgun_truth_22551546_1567190852.1.root"
Begin processing the 33000th record. run: 1567190852 subRun: 1 event: 3000 at 20-Jun-2020 13:17:10 CDT
20-Jun-2020 13:17:41 CDT  Closed input file "/pnfs/GM2/mc/run1_gasgun_1062/runs_1567190000/1567190852/gm2ringsim_muon_gasgun_truth_22551546_1567190852.1.root"
20-Jun-2020 13:17:41 CDT  Initiating request to open input file "/pnfs/GM2/mc/run1_gasgun_1062/runs_1567190000/1567190852/gm2ringsim_muon_gasgun_truth_22551547_1567190852.1.root"
20-Jun-2020 13:17:41 CDT  Opened input file "/pnfs/GM2/mc/run1_gasgun_1062/runs_1567190000/1567190852/gm2ringsim_muon_gasgun_truth_22551547_1567190852.1.root"
20-Jun-2020 13:19:16 CDT  Closed input file "/pnfs/GM2/mc/run1_gasgun_1062/runs_1567190000/1567190852/gm2ringsim_muon_gasgun_truth_22551547_1567190852.1.root"
20-Jun-2020 13:19:16 CDT  Initiating request to open input file "/pnfs/GM2/mc/run1_gasgun_1062/runs_1567190000/1567190852/gm2ringsim_muon_gasgun_truth_22551548_1567190852.1.root"
20-Jun-2020 13:19:16 CDT  Opened input file "/pnfs/GM2/mc/run1_gasgun_1062/runs_1567190000/1567190852/gm2ringsim_muon_gasgun_truth_22551548_1567190852.1.root"
20-Jun-2020 13:20:43 CDT  Closed input file "/pnfs/GM2/mc/run1_gasgun_1062/runs_1567190000/1567190852/gm2ringsim_muon_gasgun_truth_22551548_1567190852.1.root"
20-Jun-2020 13:20:43 CDT  Initiating request to open input file "/pnfs/GM2/mc/run1_gasgun_1062/runs_1567190000/1567190852/gm2ringsim_muon_gasgun_truth_22551549_1567190852.1.root"
20-Jun-2020 13:20:43 CDT  Opened input file "/pnfs/GM2/mc/run1_gasgun_1062/runs_1567190000/1567190852/gm2ringsim_muon_gasgun_truth_22551549_1567190852.1.root"
20-Jun-2020 13:22:13 CDT  Closed input file "/pnfs/GM2/mc/run1_gasgun_1062/runs_1567190000/1567190852/gm2ringsim_muon_gasgun_truth_22551549_1567190852.1.root"
20-Jun-2020 13:22:13 CDT  Initiating request to open input file "/pnfs/GM2/mc/run1_gasgun_1062/runs_1567190000/1567190852/gm2ringsim_muon_gasgun_truth_22551550_1567190852.1.root"
20-Jun-2020 13:22:13 CDT  Opened input file "/pnfs/GM2/mc/run1_gasgun_1062/runs_1567190000/1567190852/gm2ringsim_muon_gasgun_truth_22551550_1567190852.1.root"
20-Jun-2020 13:23:38 CDT  Closed input file "/pnfs/GM2/mc/run1_gasgun_1062/runs_1567190000/1567190852/gm2ringsim_muon_gasgun_truth_22551550_1567190852.1.root"
20-Jun-2020 13:23:38 CDT  Initiating request to open input file "/pnfs/GM2/mc/run1_gasgun_1062/runs_1567190000/1567190852/gm2ringsim_muon_gasgun_truth_22551551_1567190852.1.root"
20-Jun-2020 13:23:38 CDT  Opened input file "/pnfs/GM2/mc/run1_gasgun_1062/runs_1567190000/1567190852/gm2ringsim_muon_gasgun_truth_22551551_1567190852.1.root"
20-Jun-2020 13:25:17 CDT  Closed input file "/pnfs/GM2/mc/run1_gasgun_1062/runs_1567190000/1567190852/gm2ringsim_muon_gasgun_truth_22551551_1567190852.1.root"
20-Jun-2020 13:25:17 CDT  Initiating request to open input file "/pnfs/GM2/mc/run1_gasgun_1062/runs_1567190000/1567190852/gm2ringsim_muon_gasgun_truth_22551552_1567190852.1.root"
20-Jun-2020 13:25:17 CDT  Opened input file "/pnfs/GM2/mc/run1_gasgun_1062/runs_1567190000/1567190852/gm2ringsim_muon_gasgun_truth_22551552_1567190852.1.root"
Begin processing the 65000th record. run: 1567190852 subRun: 1 event: 5000 at 20-Jun-2020 13:26:37 CDT
20-Jun-2020 13:26:37 CDT  Closed input file "/pnfs/GM2/mc/run1_gasgun_1062/runs_1567190000/1567190852/gm2ringsim_muon_gasgun_truth_22551552_1567190852.1.root"
20-Jun-2020 13:26:37 CDT  Initiating request to open input file "/pnfs/GM2/mc/run1_gasgun_1062/runs_1567190000/1567190852/gm2ringsim_muon_gasgun_truth_22551553_1567190852.1.root"
20-Jun-2020 13:26:37 CDT  Opened input file "/pnfs/GM2/mc/run1_gasgun_1062/runs_1567190000/1567190852/gm2ringsim_muon_gasgun_truth_22551553_1567190852.1.root"
20-Jun-2020 13:27:58 CDT  Closed input file "/pnfs/GM2/mc/run1_gasgun_1062/runs_1567190000/1567190852/gm2ringsim_muon_gasgun_truth_22551553_1567190852.1.root"
20-Jun-2020 13:27:58 CDT  Initiating request to open input file "/pnfs/GM2/mc/run1_gasgun_1062/runs_1567190000/1567190852/gm2ringsim_muon_gasgun_truth_22551554_1567190852.1.root"
20-Jun-2020 13:27:58 CDT  Opened input file "/pnfs/GM2/mc/run1_gasgun_1062/runs_1567190000/1567190852/gm2ringsim_muon_gasgun_truth_22551554_1567190852.1.root"
20-Jun-2020 13:29:27 CDT  Closed input file "/pnfs/GM2/mc/run1_gasgun_1062/runs_1567190000/1567190852/gm2ringsim_muon_gasgun_truth_22551554_1567190852.1.root"
20-Jun-2020 13:29:27 CDT  Initiating request to open input file "/pnfs/GM2/mc/run1_gasgun_1062/runs_1567190000/1567190852/gm2ringsim_muon_gasgun_truth_22551555_1567190852.1.root"
20-Jun-2020 13:29:27 CDT  Opened input file "/pnfs/GM2/mc/run1_gasgun_1062/runs_1567190000/1567190852/gm2ringsim_muon_gasgun_truth_22551555_1567190852.1.root"
20-Jun-2020 13:30:48 CDT  Closed input file "/pnfs/GM2/mc/run1_gasgun_1062/runs_1567190000/1567190852/gm2ringsim_muon_gasgun_truth_22551555_1567190852.1.root"
20-Jun-2020 13:30:48 CDT  Initiating request to open input file "/pnfs/GM2/mc/run1_gasgun_1062/runs_1567190000/1567190852/gm2ringsim_muon_gasgun_truth_22551556_1567190852.1.root"
20-Jun-2020 13:30:48 CDT  Opened input file "/pnfs/GM2/mc/run1_gasgun_1062/runs_1567190000/1567190852/gm2ringsim_muon_gasgun_truth_22551556_1567190852.1.root"
20-Jun-2020 13:32:17 CDT  Closed input file "/pnfs/GM2/mc/run1_gasgun_1062/runs_1567190000/1567190852/gm2ringsim_muon_gasgun_truth_22551556_1567190852.1.root"
20-Jun-2020 13:32:17 CDT  Initiating request to open input file "/pnfs/GM2/mc/run1_gasgun_1062/runs_1567190000/1567190852/gm2ringsim_muon_gasgun_truth_22551557_1567190852.1.root"
20-Jun-2020 13:32:17 CDT  Opened input file "/pnfs/GM2/mc/run1_gasgun_1062/runs_1567190000/1567190852/gm2ringsim_muon_gasgun_truth_22551557_1567190852.1.root"
20-Jun-2020 13:33:43 CDT  Closed input file "/pnfs/GM2/mc/run1_gasgun_1062/runs_1567190000/1567190852/gm2ringsim_muon_gasgun_truth_22551557_1567190852.1.root"
20-Jun-2020 13:33:43 CDT  Initiating request to open input file "/pnfs/GM2/mc/run1_gasgun_1062/runs_1567190000/1567190852/gm2ringsim_muon_gasgun_truth_22551558_1567190852.1.root"
20-Jun-2020 13:33:43 CDT  Opened input file "/pnfs/GM2/mc/run1_gasgun_1062/runs_1567190000/1567190852/gm2ringsim_muon_gasgun_truth_22551558_1567190852.1.root"
20-Jun-2020 13:35:16 CDT  Closed input file "/pnfs/GM2/mc/run1_gasgun_1062/runs_1567190000/1567190852/gm2ringsim_muon_gasgun_truth_22551558_1567190852.1.root"
20-Jun-2020 13:35:16 CDT  Initiating request to open input file "/pnfs/GM2/mc/run1_gasgun_1062/runs_1567190000/1567190852/gm2ringsim_muon_gasgun_truth_22551559_1567190852.1.root"
20-Jun-2020 13:35:16 CDT  Opened input file "/pnfs/GM2/mc/run1_gasgun_1062/runs_1567190000/1567190852/gm2ringsim_muon_gasgun_truth_22551559_1567190852.1.root"
20-Jun-2020 13:36:51 CDT  Closed input file "/pnfs/GM2/mc/run1_gasgun_1062/runs_1567190000/1567190852/gm2ringsim_muon_gasgun_truth_22551559_1567190852.1.root"
%MSG-i summary:  ImposeDeadTime:deadTime@EndJob 20-Jun-2020 13:36:51 CDT  ModuleEndJob

--------- Tracker Impose Dead Time Report ---------
  Total num digits killed = 0 (of 87041, 0%)
  Total num digits kept = 87041 (of 87041, 100%)
------------------------------------------------

%MSG
%MSG-i summary:  KillStraws:killStraws@EndJob 20-Jun-2020 13:36:51 CDT  ModuleEndJob

--------- Tracker Kill Straws Report ---------
  Num straws to kill = 0
  Total num digits killed = 0 (of 87041, 0%)
  Total num digits kept = 87041 (of 87041, 100%)
----------------------------------------------

%MSG
%MSG-i summary:  RemoveFlash:removeFlash@EndJob 20-Jun-2020 13:36:51 CDT  ModuleEndJob

--------- Tracker Remove Flash Report ---------
  Total num digits removed = 0 (of 87041, 0%)
  Total num digits kept = 87041 (of 87041, 100%)
----------------------------------------------

%MSG

TrigReport ---------- Event  Summary ------------
TrigReport Events total = 100000 passed = 100000 failed = 0

TrigReport ------ Modules in End-Path: end_path ------------
TrigReport  Trig Bit#        Run    Success      Error Name
TrigReport     0    0     100000     100000          0 zero
TrigReport     0    0     100000     100000          0 one
TrigReport     0    0     100000     100000          0 two
TrigReport     0    0     100000     100000          0 three
TrigReport     0    0     100000     100000          0 four
TrigReport     0    0     100000     100000          0 five
TrigReport     0    0     100000     100000          0 six
TrigReport     0    0     100000     100000          0 seven
TrigReport     0    0     100000     100000          0 eight
TrigReport     0    0     100000     100000          0 nine
TrigReport     0    0     100000     100000          0 ten
TrigReport     0    0     100000     100000          0 eleven
TrigReport     0    0     100000     100000          0 twelve
TrigReport     0    0     100000     100000          0 thirteen
TrigReport     0    0     100000     100000          0 fourteen
TrigReport     0    0     100000     100000          0 fifteen
TrigReport     0    0     100000     100000          0 sixteen
TrigReport     0    0     100000     100000          0 seventeen
TrigReport     0    0     100000     100000          0 eighteen
TrigReport     0    0     100000     100000          0 nineteen
TrigReport     0    0     100000     100000          0 twenty

TimeReport ---------- Time  Summary ---[sec]----
TimeReport CPU = 1873.009260 Real = 1875.111837

MemReport  ---------- Memory  Summary ---[base-10 MB]----
MemReport  VmPeak = 2362.5 VmHWM = 1186.57

