20-Jun-2020 18:24:58 CDT  Initiating request to open input file "/pnfs/GM2/mc/run1_gasgun_1062/runs_1567190000/1567190852/gm2ringsim_muon_gasgun_truth_22551600_1567190852.1.root"
20-Jun-2020 18:24:59 CDT  Opened input file "/pnfs/GM2/mc/run1_gasgun_1062/runs_1567190000/1567190852/gm2ringsim_muon_gasgun_truth_22551600_1567190852.1.root"
Begin processing the 1st record. run: 1567190852 subRun: 1 event: 1 at 20-Jun-2020 18:26:45 CDT
Begin processing the 101st record. run: 1567190852 subRun: 1 event: 101 at 20-Jun-2020 18:26:50 CDT
Begin processing the 201st record. run: 1567190852 subRun: 1 event: 201 at 20-Jun-2020 18:26:52 CDT
Begin processing the 301st record. run: 1567190852 subRun: 1 event: 301 at 20-Jun-2020 18:26:56 CDT
Begin processing the 401st record. run: 1567190852 subRun: 1 event: 401 at 20-Jun-2020 18:26:58 CDT
Begin processing the 501st record. run: 1567190852 subRun: 1 event: 501 at 20-Jun-2020 18:27:00 CDT
Begin processing the 601st record. run: 1567190852 subRun: 1 event: 601 at 20-Jun-2020 18:27:02 CDT
Begin processing the 701st record. run: 1567190852 subRun: 1 event: 701 at 20-Jun-2020 18:27:04 CDT
Begin processing the 801st record. run: 1567190852 subRun: 1 event: 801 at 20-Jun-2020 18:27:06 CDT
Begin processing the 901st record. run: 1567190852 subRun: 1 event: 901 at 20-Jun-2020 18:27:08 CDT
Begin processing the 2000th record. run: 1567190852 subRun: 1 event: 2000 at 20-Jun-2020 18:27:35 CDT
Begin processing the 3000th record. run: 1567190852 subRun: 1 event: 3000 at 20-Jun-2020 18:28:01 CDT
Begin processing the 5000th record. run: 1567190852 subRun: 1 event: 5000 at 20-Jun-2020 18:28:46 CDT
20-Jun-2020 18:28:46 CDT  Closed input file "/pnfs/GM2/mc/run1_gasgun_1062/runs_1567190000/1567190852/gm2ringsim_muon_gasgun_truth_22551600_1567190852.1.root"
20-Jun-2020 18:28:46 CDT  Initiating request to open input file "/pnfs/GM2/mc/run1_gasgun_1062/runs_1567190000/1567190852/gm2ringsim_muon_gasgun_truth_22551601_1567190852.1.root"
20-Jun-2020 18:28:47 CDT  Opened input file "/pnfs/GM2/mc/run1_gasgun_1062/runs_1567190000/1567190852/gm2ringsim_muon_gasgun_truth_22551601_1567190852.1.root"
Begin processing the 9000th record. run: 1567190852 subRun: 1 event: 4000 at 20-Jun-2020 18:29:58 CDT
20-Jun-2020 18:30:12 CDT  Closed input file "/pnfs/GM2/mc/run1_gasgun_1062/runs_1567190000/1567190852/gm2ringsim_muon_gasgun_truth_22551601_1567190852.1.root"
20-Jun-2020 18:30:12 CDT  Initiating request to open input file "/pnfs/GM2/mc/run1_gasgun_1062/runs_1567190000/1567190852/gm2ringsim_muon_gasgun_truth_22551602_1567190852.1.root"
20-Jun-2020 18:30:13 CDT  Opened input file "/pnfs/GM2/mc/run1_gasgun_1062/runs_1567190000/1567190852/gm2ringsim_muon_gasgun_truth_22551602_1567190852.1.root"
20-Jun-2020 18:31:32 CDT  Closed input file "/pnfs/GM2/mc/run1_gasgun_1062/runs_1567190000/1567190852/gm2ringsim_muon_gasgun_truth_22551602_1567190852.1.root"
20-Jun-2020 18:31:32 CDT  Initiating request to open input file "/pnfs/GM2/mc/run1_gasgun_1062/runs_1567190000/1567190852/gm2ringsim_muon_gasgun_truth_22551603_1567190852.1.root"
20-Jun-2020 18:31:32 CDT  Opened input file "/pnfs/GM2/mc/run1_gasgun_1062/runs_1567190000/1567190852/gm2ringsim_muon_gasgun_truth_22551603_1567190852.1.root"
Begin processing the 17000th record. run: 1567190852 subRun: 1 event: 2000 at 20-Jun-2020 18:32:02 CDT
20-Jun-2020 18:32:57 CDT  Closed input file "/pnfs/GM2/mc/run1_gasgun_1062/runs_1567190000/1567190852/gm2ringsim_muon_gasgun_truth_22551603_1567190852.1.root"
20-Jun-2020 18:32:57 CDT  Initiating request to open input file "/pnfs/GM2/mc/run1_gasgun_1062/runs_1567190000/1567190852/gm2ringsim_muon_gasgun_truth_22551604_1567190852.1.root"
20-Jun-2020 18:32:57 CDT  Opened input file "/pnfs/GM2/mc/run1_gasgun_1062/runs_1567190000/1567190852/gm2ringsim_muon_gasgun_truth_22551604_1567190852.1.root"
20-Jun-2020 18:34:29 CDT  Closed input file "/pnfs/GM2/mc/run1_gasgun_1062/runs_1567190000/1567190852/gm2ringsim_muon_gasgun_truth_22551604_1567190852.1.root"
20-Jun-2020 18:34:29 CDT  Initiating request to open input file "/pnfs/GM2/mc/run1_gasgun_1062/runs_1567190000/1567190852/gm2ringsim_muon_gasgun_truth_22551605_1567190852.1.root"
20-Jun-2020 18:34:29 CDT  Opened input file "/pnfs/GM2/mc/run1_gasgun_1062/runs_1567190000/1567190852/gm2ringsim_muon_gasgun_truth_22551605_1567190852.1.root"
20-Jun-2020 18:36:03 CDT  Closed input file "/pnfs/GM2/mc/run1_gasgun_1062/runs_1567190000/1567190852/gm2ringsim_muon_gasgun_truth_22551605_1567190852.1.root"
20-Jun-2020 18:36:03 CDT  Initiating request to open input file "/pnfs/GM2/mc/run1_gasgun_1062/runs_1567190000/1567190852/gm2ringsim_muon_gasgun_truth_22551606_1567190852.1.root"
20-Jun-2020 18:36:03 CDT  Opened input file "/pnfs/GM2/mc/run1_gasgun_1062/runs_1567190000/1567190852/gm2ringsim_muon_gasgun_truth_22551606_1567190852.1.root"
Begin processing the 33000th record. run: 1567190852 subRun: 1 event: 3000 at 20-Jun-2020 18:36:55 CDT
20-Jun-2020 18:37:30 CDT  Closed input file "/pnfs/GM2/mc/run1_gasgun_1062/runs_1567190000/1567190852/gm2ringsim_muon_gasgun_truth_22551606_1567190852.1.root"
20-Jun-2020 18:37:30 CDT  Initiating request to open input file "/pnfs/GM2/mc/run1_gasgun_1062/runs_1567190000/1567190852/gm2ringsim_muon_gasgun_truth_22551607_1567190852.1.root"
20-Jun-2020 18:37:30 CDT  Opened input file "/pnfs/GM2/mc/run1_gasgun_1062/runs_1567190000/1567190852/gm2ringsim_muon_gasgun_truth_22551607_1567190852.1.root"
20-Jun-2020 18:38:59 CDT  Closed input file "/pnfs/GM2/mc/run1_gasgun_1062/runs_1567190000/1567190852/gm2ringsim_muon_gasgun_truth_22551607_1567190852.1.root"
20-Jun-2020 18:38:59 CDT  Initiating request to open input file "/pnfs/GM2/mc/run1_gasgun_1062/runs_1567190000/1567190852/gm2ringsim_muon_gasgun_truth_22551608_1567190852.1.root"
20-Jun-2020 18:38:59 CDT  Opened input file "/pnfs/GM2/mc/run1_gasgun_1062/runs_1567190000/1567190852/gm2ringsim_muon_gasgun_truth_22551608_1567190852.1.root"
20-Jun-2020 18:40:42 CDT  Closed input file "/pnfs/GM2/mc/run1_gasgun_1062/runs_1567190000/1567190852/gm2ringsim_muon_gasgun_truth_22551608_1567190852.1.root"
20-Jun-2020 18:40:42 CDT  Initiating request to open input file "/pnfs/GM2/mc/run1_gasgun_1062/runs_1567190000/1567190852/gm2ringsim_muon_gasgun_truth_22551609_1567190852.1.root"
20-Jun-2020 18:40:42 CDT  Opened input file "/pnfs/GM2/mc/run1_gasgun_1062/runs_1567190000/1567190852/gm2ringsim_muon_gasgun_truth_22551609_1567190852.1.root"
20-Jun-2020 18:42:04 CDT  Closed input file "/pnfs/GM2/mc/run1_gasgun_1062/runs_1567190000/1567190852/gm2ringsim_muon_gasgun_truth_22551609_1567190852.1.root"
20-Jun-2020 18:42:04 CDT  Initiating request to open input file "/pnfs/GM2/mc/run1_gasgun_1062/runs_1567190000/1567190852/gm2ringsim_muon_gasgun_truth_22551610_1567190852.1.root"
20-Jun-2020 18:42:04 CDT  Opened input file "/pnfs/GM2/mc/run1_gasgun_1062/runs_1567190000/1567190852/gm2ringsim_muon_gasgun_truth_22551610_1567190852.1.root"
20-Jun-2020 18:43:40 CDT  Closed input file "/pnfs/GM2/mc/run1_gasgun_1062/runs_1567190000/1567190852/gm2ringsim_muon_gasgun_truth_22551610_1567190852.1.root"
20-Jun-2020 18:43:40 CDT  Initiating request to open input file "/pnfs/GM2/mc/run1_gasgun_1062/runs_1567190000/1567190852/gm2ringsim_muon_gasgun_truth_22551611_1567190852.1.root"
20-Jun-2020 18:43:40 CDT  Opened input file "/pnfs/GM2/mc/run1_gasgun_1062/runs_1567190000/1567190852/gm2ringsim_muon_gasgun_truth_22551611_1567190852.1.root"
20-Jun-2020 18:45:11 CDT  Closed input file "/pnfs/GM2/mc/run1_gasgun_1062/runs_1567190000/1567190852/gm2ringsim_muon_gasgun_truth_22551611_1567190852.1.root"
20-Jun-2020 18:45:11 CDT  Initiating request to open input file "/pnfs/GM2/mc/run1_gasgun_1062/runs_1567190000/1567190852/gm2ringsim_muon_gasgun_truth_22551612_1567190852.1.root"
20-Jun-2020 18:45:11 CDT  Opened input file "/pnfs/GM2/mc/run1_gasgun_1062/runs_1567190000/1567190852/gm2ringsim_muon_gasgun_truth_22551612_1567190852.1.root"
Begin processing the 65000th record. run: 1567190852 subRun: 1 event: 5000 at 20-Jun-2020 18:46:42 CDT
20-Jun-2020 18:46:42 CDT  Closed input file "/pnfs/GM2/mc/run1_gasgun_1062/runs_1567190000/1567190852/gm2ringsim_muon_gasgun_truth_22551612_1567190852.1.root"
20-Jun-2020 18:46:42 CDT  Initiating request to open input file "/pnfs/GM2/mc/run1_gasgun_1062/runs_1567190000/1567190852/gm2ringsim_muon_gasgun_truth_22551613_1567190852.1.root"
20-Jun-2020 18:46:42 CDT  Opened input file "/pnfs/GM2/mc/run1_gasgun_1062/runs_1567190000/1567190852/gm2ringsim_muon_gasgun_truth_22551613_1567190852.1.root"
20-Jun-2020 18:48:12 CDT  Closed input file "/pnfs/GM2/mc/run1_gasgun_1062/runs_1567190000/1567190852/gm2ringsim_muon_gasgun_truth_22551613_1567190852.1.root"
20-Jun-2020 18:48:12 CDT  Initiating request to open input file "/pnfs/GM2/mc/run1_gasgun_1062/runs_1567190000/1567190852/gm2ringsim_muon_gasgun_truth_22551615_1567190852.1.root"
20-Jun-2020 18:48:12 CDT  Opened input file "/pnfs/GM2/mc/run1_gasgun_1062/runs_1567190000/1567190852/gm2ringsim_muon_gasgun_truth_22551615_1567190852.1.root"
20-Jun-2020 18:49:48 CDT  Closed input file "/pnfs/GM2/mc/run1_gasgun_1062/runs_1567190000/1567190852/gm2ringsim_muon_gasgun_truth_22551615_1567190852.1.root"
20-Jun-2020 18:49:48 CDT  Initiating request to open input file "/pnfs/GM2/mc/run1_gasgun_1062/runs_1567190000/1567190852/gm2ringsim_muon_gasgun_truth_22551616_1567190852.1.root"
20-Jun-2020 18:49:48 CDT  Opened input file "/pnfs/GM2/mc/run1_gasgun_1062/runs_1567190000/1567190852/gm2ringsim_muon_gasgun_truth_22551616_1567190852.1.root"
20-Jun-2020 18:51:25 CDT  Closed input file "/pnfs/GM2/mc/run1_gasgun_1062/runs_1567190000/1567190852/gm2ringsim_muon_gasgun_truth_22551616_1567190852.1.root"
20-Jun-2020 18:51:25 CDT  Initiating request to open input file "/pnfs/GM2/mc/run1_gasgun_1062/runs_1567190000/1567190852/gm2ringsim_muon_gasgun_truth_22551617_1567190852.1.root"
20-Jun-2020 18:51:25 CDT  Opened input file "/pnfs/GM2/mc/run1_gasgun_1062/runs_1567190000/1567190852/gm2ringsim_muon_gasgun_truth_22551617_1567190852.1.root"
20-Jun-2020 18:52:56 CDT  Closed input file "/pnfs/GM2/mc/run1_gasgun_1062/runs_1567190000/1567190852/gm2ringsim_muon_gasgun_truth_22551617_1567190852.1.root"
20-Jun-2020 18:52:56 CDT  Initiating request to open input file "/pnfs/GM2/mc/run1_gasgun_1062/runs_1567190000/1567190852/gm2ringsim_muon_gasgun_truth_22551618_1567190852.1.root"
20-Jun-2020 18:52:56 CDT  Opened input file "/pnfs/GM2/mc/run1_gasgun_1062/runs_1567190000/1567190852/gm2ringsim_muon_gasgun_truth_22551618_1567190852.1.root"
20-Jun-2020 18:54:22 CDT  Closed input file "/pnfs/GM2/mc/run1_gasgun_1062/runs_1567190000/1567190852/gm2ringsim_muon_gasgun_truth_22551618_1567190852.1.root"
20-Jun-2020 18:54:22 CDT  Initiating request to open input file "/pnfs/GM2/mc/run1_gasgun_1062/runs_1567190000/1567190852/gm2ringsim_muon_gasgun_truth_22551619_1567190852.1.root"
20-Jun-2020 18:54:23 CDT  Opened input file "/pnfs/GM2/mc/run1_gasgun_1062/runs_1567190000/1567190852/gm2ringsim_muon_gasgun_truth_22551619_1567190852.1.root"
20-Jun-2020 18:55:58 CDT  Closed input file "/pnfs/GM2/mc/run1_gasgun_1062/runs_1567190000/1567190852/gm2ringsim_muon_gasgun_truth_22551619_1567190852.1.root"
%MSG-i summary:  ImposeDeadTime:deadTime@EndJob 20-Jun-2020 18:55:58 CDT  ModuleEndJob

--------- Tracker Impose Dead Time Report ---------
  Total num digits killed = 0 (of 82708, 0%)
  Total num digits kept = 82708 (of 82708, 100%)
------------------------------------------------

%MSG
%MSG-i summary:  KillStraws:killStraws@EndJob 20-Jun-2020 18:55:58 CDT  ModuleEndJob

--------- Tracker Kill Straws Report ---------
  Num straws to kill = 0
  Total num digits killed = 0 (of 82708, 0%)
  Total num digits kept = 82708 (of 82708, 100%)
----------------------------------------------

%MSG
%MSG-i summary:  RemoveFlash:removeFlash@EndJob 20-Jun-2020 18:55:58 CDT  ModuleEndJob

--------- Tracker Remove Flash Report ---------
  Total num digits removed = 0 (of 82708, 0%)
  Total num digits kept = 82708 (of 82708, 100%)
----------------------------------------------

%MSG

TrigReport ---------- Event  Summary ------------
TrigReport Events total = 95000 passed = 95000 failed = 0

TrigReport ------ Modules in End-Path: end_path ------------
TrigReport  Trig Bit#        Run    Success      Error Name
TrigReport     0    0      95000      95000          0 zero
TrigReport     0    0      95000      95000          0 one
TrigReport     0    0      95000      95000          0 two
TrigReport     0    0      95000      95000          0 three
TrigReport     0    0      95000      95000          0 four
TrigReport     0    0      95000      95000          0 five
TrigReport     0    0      95000      95000          0 six
TrigReport     0    0      95000      95000          0 seven
TrigReport     0    0      95000      95000          0 eight
TrigReport     0    0      95000      95000          0 nine
TrigReport     0    0      95000      95000          0 ten
TrigReport     0    0      95000      95000          0 eleven
TrigReport     0    0      95000      95000          0 twelve
TrigReport     0    0      95000      95000          0 thirteen
TrigReport     0    0      95000      95000          0 fourteen
TrigReport     0    0      95000      95000          0 fifteen
TrigReport     0    0      95000      95000          0 sixteen
TrigReport     0    0      95000      95000          0 seventeen
TrigReport     0    0      95000      95000          0 eighteen
TrigReport     0    0      95000      95000          0 nineteen
TrigReport     0    0      95000      95000          0 twenty

TimeReport ---------- Time  Summary ---[sec]----
TimeReport CPU = 1793.346370 Real = 1825.041724

MemReport  ---------- Memory  Summary ---[base-10 MB]----
MemReport  VmPeak = 2353.76 VmHWM = 1219.1

