18-Jun-2020 05:46:31 CDT  Initiating request to open input file "/pnfs/GM2/mc/run1_gasgun_1062/runs_1567190000/1567190852/gm2ringsim_muon_gasgun_truth_22551400_1567190852.1.root"
18-Jun-2020 05:46:31 CDT  Opened input file "/pnfs/GM2/mc/run1_gasgun_1062/runs_1567190000/1567190852/gm2ringsim_muon_gasgun_truth_22551400_1567190852.1.root"
Begin processing the 1st record. run: 1567190852 subRun: 1 event: 1 at 18-Jun-2020 05:48:39 CDT
Begin processing the 101st record. run: 1567190852 subRun: 1 event: 101 at 18-Jun-2020 05:48:43 CDT
Begin processing the 201st record. run: 1567190852 subRun: 1 event: 201 at 18-Jun-2020 05:48:44 CDT
Begin processing the 301st record. run: 1567190852 subRun: 1 event: 301 at 18-Jun-2020 05:48:47 CDT
Begin processing the 401st record. run: 1567190852 subRun: 1 event: 401 at 18-Jun-2020 05:48:54 CDT
Begin processing the 501st record. run: 1567190852 subRun: 1 event: 501 at 18-Jun-2020 05:48:58 CDT
Begin processing the 601st record. run: 1567190852 subRun: 1 event: 601 at 18-Jun-2020 05:49:04 CDT
Begin processing the 701st record. run: 1567190852 subRun: 1 event: 701 at 18-Jun-2020 05:49:12 CDT
Begin processing the 801st record. run: 1567190852 subRun: 1 event: 801 at 18-Jun-2020 05:49:15 CDT
Begin processing the 901st record. run: 1567190852 subRun: 1 event: 901 at 18-Jun-2020 05:49:21 CDT
Begin processing the 2000th record. run: 1567190852 subRun: 1 event: 2000 at 18-Jun-2020 05:49:58 CDT
Begin processing the 3000th record. run: 1567190852 subRun: 1 event: 3000 at 18-Jun-2020 05:50:36 CDT
Begin processing the 5000th record. run: 1567190852 subRun: 1 event: 5000 at 18-Jun-2020 05:51:49 CDT
18-Jun-2020 05:51:51 CDT  Closed input file "/pnfs/GM2/mc/run1_gasgun_1062/runs_1567190000/1567190852/gm2ringsim_muon_gasgun_truth_22551400_1567190852.1.root"
18-Jun-2020 05:51:51 CDT  Initiating request to open input file "/pnfs/GM2/mc/run1_gasgun_1062/runs_1567190000/1567190852/gm2ringsim_muon_gasgun_truth_22551401_1567190852.1.root"
18-Jun-2020 05:51:51 CDT  Opened input file "/pnfs/GM2/mc/run1_gasgun_1062/runs_1567190000/1567190852/gm2ringsim_muon_gasgun_truth_22551401_1567190852.1.root"
Begin processing the 9000th record. run: 1567190852 subRun: 1 event: 4000 at 18-Jun-2020 05:54:35 CDT
18-Jun-2020 05:55:13 CDT  Closed input file "/pnfs/GM2/mc/run1_gasgun_1062/runs_1567190000/1567190852/gm2ringsim_muon_gasgun_truth_22551401_1567190852.1.root"
18-Jun-2020 05:55:13 CDT  Initiating request to open input file "/pnfs/GM2/mc/run1_gasgun_1062/runs_1567190000/1567190852/gm2ringsim_muon_gasgun_truth_22551402_1567190852.1.root"
18-Jun-2020 05:55:13 CDT  Opened input file "/pnfs/GM2/mc/run1_gasgun_1062/runs_1567190000/1567190852/gm2ringsim_muon_gasgun_truth_22551402_1567190852.1.root"
18-Jun-2020 05:58:41 CDT  Closed input file "/pnfs/GM2/mc/run1_gasgun_1062/runs_1567190000/1567190852/gm2ringsim_muon_gasgun_truth_22551402_1567190852.1.root"
18-Jun-2020 05:58:41 CDT  Initiating request to open input file "/pnfs/GM2/mc/run1_gasgun_1062/runs_1567190000/1567190852/gm2ringsim_muon_gasgun_truth_22551403_1567190852.1.root"
18-Jun-2020 05:58:41 CDT  Opened input file "/pnfs/GM2/mc/run1_gasgun_1062/runs_1567190000/1567190852/gm2ringsim_muon_gasgun_truth_22551403_1567190852.1.root"
Begin processing the 17000th record. run: 1567190852 subRun: 1 event: 2000 at 18-Jun-2020 06:00:18 CDT
18-Jun-2020 06:02:01 CDT  Closed input file "/pnfs/GM2/mc/run1_gasgun_1062/runs_1567190000/1567190852/gm2ringsim_muon_gasgun_truth_22551403_1567190852.1.root"
18-Jun-2020 06:02:01 CDT  Initiating request to open input file "/pnfs/GM2/mc/run1_gasgun_1062/runs_1567190000/1567190852/gm2ringsim_muon_gasgun_truth_22551404_1567190852.1.root"
18-Jun-2020 06:02:01 CDT  Opened input file "/pnfs/GM2/mc/run1_gasgun_1062/runs_1567190000/1567190852/gm2ringsim_muon_gasgun_truth_22551404_1567190852.1.root"
18-Jun-2020 06:05:08 CDT  Closed input file "/pnfs/GM2/mc/run1_gasgun_1062/runs_1567190000/1567190852/gm2ringsim_muon_gasgun_truth_22551404_1567190852.1.root"
18-Jun-2020 06:05:08 CDT  Initiating request to open input file "/pnfs/GM2/mc/run1_gasgun_1062/runs_1567190000/1567190852/gm2ringsim_muon_gasgun_truth_22551405_1567190852.1.root"
18-Jun-2020 06:05:08 CDT  Opened input file "/pnfs/GM2/mc/run1_gasgun_1062/runs_1567190000/1567190852/gm2ringsim_muon_gasgun_truth_22551405_1567190852.1.root"
18-Jun-2020 06:08:12 CDT  Closed input file "/pnfs/GM2/mc/run1_gasgun_1062/runs_1567190000/1567190852/gm2ringsim_muon_gasgun_truth_22551405_1567190852.1.root"
18-Jun-2020 06:08:12 CDT  Initiating request to open input file "/pnfs/GM2/mc/run1_gasgun_1062/runs_1567190000/1567190852/gm2ringsim_muon_gasgun_truth_22551406_1567190852.1.root"
18-Jun-2020 06:08:12 CDT  Opened input file "/pnfs/GM2/mc/run1_gasgun_1062/runs_1567190000/1567190852/gm2ringsim_muon_gasgun_truth_22551406_1567190852.1.root"
Begin processing the 33000th record. run: 1567190852 subRun: 1 event: 3000 at 18-Jun-2020 06:10:04 CDT
18-Jun-2020 06:11:24 CDT  Closed input file "/pnfs/GM2/mc/run1_gasgun_1062/runs_1567190000/1567190852/gm2ringsim_muon_gasgun_truth_22551406_1567190852.1.root"
18-Jun-2020 06:11:24 CDT  Initiating request to open input file "/pnfs/GM2/mc/run1_gasgun_1062/runs_1567190000/1567190852/gm2ringsim_muon_gasgun_truth_22551407_1567190852.1.root"
18-Jun-2020 06:11:24 CDT  Opened input file "/pnfs/GM2/mc/run1_gasgun_1062/runs_1567190000/1567190852/gm2ringsim_muon_gasgun_truth_22551407_1567190852.1.root"
18-Jun-2020 06:14:37 CDT  Closed input file "/pnfs/GM2/mc/run1_gasgun_1062/runs_1567190000/1567190852/gm2ringsim_muon_gasgun_truth_22551407_1567190852.1.root"
18-Jun-2020 06:14:37 CDT  Initiating request to open input file "/pnfs/GM2/mc/run1_gasgun_1062/runs_1567190000/1567190852/gm2ringsim_muon_gasgun_truth_22551408_1567190852.1.root"
18-Jun-2020 06:14:37 CDT  Opened input file "/pnfs/GM2/mc/run1_gasgun_1062/runs_1567190000/1567190852/gm2ringsim_muon_gasgun_truth_22551408_1567190852.1.root"
18-Jun-2020 06:17:40 CDT  Closed input file "/pnfs/GM2/mc/run1_gasgun_1062/runs_1567190000/1567190852/gm2ringsim_muon_gasgun_truth_22551408_1567190852.1.root"
18-Jun-2020 06:17:40 CDT  Initiating request to open input file "/pnfs/GM2/mc/run1_gasgun_1062/runs_1567190000/1567190852/gm2ringsim_muon_gasgun_truth_22551409_1567190852.1.root"
18-Jun-2020 06:17:40 CDT  Opened input file "/pnfs/GM2/mc/run1_gasgun_1062/runs_1567190000/1567190852/gm2ringsim_muon_gasgun_truth_22551409_1567190852.1.root"
18-Jun-2020 06:21:08 CDT  Closed input file "/pnfs/GM2/mc/run1_gasgun_1062/runs_1567190000/1567190852/gm2ringsim_muon_gasgun_truth_22551409_1567190852.1.root"
18-Jun-2020 06:21:08 CDT  Initiating request to open input file "/pnfs/GM2/mc/run1_gasgun_1062/runs_1567190000/1567190852/gm2ringsim_muon_gasgun_truth_22551410_1567190852.1.root"
18-Jun-2020 06:21:08 CDT  Opened input file "/pnfs/GM2/mc/run1_gasgun_1062/runs_1567190000/1567190852/gm2ringsim_muon_gasgun_truth_22551410_1567190852.1.root"
18-Jun-2020 06:24:11 CDT  Closed input file "/pnfs/GM2/mc/run1_gasgun_1062/runs_1567190000/1567190852/gm2ringsim_muon_gasgun_truth_22551410_1567190852.1.root"
18-Jun-2020 06:24:11 CDT  Initiating request to open input file "/pnfs/GM2/mc/run1_gasgun_1062/runs_1567190000/1567190852/gm2ringsim_muon_gasgun_truth_22551411_1567190852.1.root"
18-Jun-2020 06:24:11 CDT  Opened input file "/pnfs/GM2/mc/run1_gasgun_1062/runs_1567190000/1567190852/gm2ringsim_muon_gasgun_truth_22551411_1567190852.1.root"
18-Jun-2020 06:27:26 CDT  Closed input file "/pnfs/GM2/mc/run1_gasgun_1062/runs_1567190000/1567190852/gm2ringsim_muon_gasgun_truth_22551411_1567190852.1.root"
18-Jun-2020 06:27:26 CDT  Initiating request to open input file "/pnfs/GM2/mc/run1_gasgun_1062/runs_1567190000/1567190852/gm2ringsim_muon_gasgun_truth_22551412_1567190852.1.root"
18-Jun-2020 06:27:26 CDT  Opened input file "/pnfs/GM2/mc/run1_gasgun_1062/runs_1567190000/1567190852/gm2ringsim_muon_gasgun_truth_22551412_1567190852.1.root"
Begin processing the 65000th record. run: 1567190852 subRun: 1 event: 5000 at 18-Jun-2020 06:30:26 CDT
18-Jun-2020 06:30:26 CDT  Closed input file "/pnfs/GM2/mc/run1_gasgun_1062/runs_1567190000/1567190852/gm2ringsim_muon_gasgun_truth_22551412_1567190852.1.root"
18-Jun-2020 06:30:26 CDT  Initiating request to open input file "/pnfs/GM2/mc/run1_gasgun_1062/runs_1567190000/1567190852/gm2ringsim_muon_gasgun_truth_22551413_1567190852.1.root"
18-Jun-2020 06:30:26 CDT  Opened input file "/pnfs/GM2/mc/run1_gasgun_1062/runs_1567190000/1567190852/gm2ringsim_muon_gasgun_truth_22551413_1567190852.1.root"
18-Jun-2020 06:33:39 CDT  Closed input file "/pnfs/GM2/mc/run1_gasgun_1062/runs_1567190000/1567190852/gm2ringsim_muon_gasgun_truth_22551413_1567190852.1.root"
18-Jun-2020 06:33:39 CDT  Initiating request to open input file "/pnfs/GM2/mc/run1_gasgun_1062/runs_1567190000/1567190852/gm2ringsim_muon_gasgun_truth_22551414_1567190852.1.root"
18-Jun-2020 06:33:39 CDT  Opened input file "/pnfs/GM2/mc/run1_gasgun_1062/runs_1567190000/1567190852/gm2ringsim_muon_gasgun_truth_22551414_1567190852.1.root"
18-Jun-2020 06:36:36 CDT  Closed input file "/pnfs/GM2/mc/run1_gasgun_1062/runs_1567190000/1567190852/gm2ringsim_muon_gasgun_truth_22551414_1567190852.1.root"
18-Jun-2020 06:36:36 CDT  Initiating request to open input file "/pnfs/GM2/mc/run1_gasgun_1062/runs_1567190000/1567190852/gm2ringsim_muon_gasgun_truth_22551415_1567190852.1.root"
18-Jun-2020 06:36:36 CDT  Opened input file "/pnfs/GM2/mc/run1_gasgun_1062/runs_1567190000/1567190852/gm2ringsim_muon_gasgun_truth_22551415_1567190852.1.root"
18-Jun-2020 06:40:00 CDT  Closed input file "/pnfs/GM2/mc/run1_gasgun_1062/runs_1567190000/1567190852/gm2ringsim_muon_gasgun_truth_22551415_1567190852.1.root"
18-Jun-2020 06:40:00 CDT  Initiating request to open input file "/pnfs/GM2/mc/run1_gasgun_1062/runs_1567190000/1567190852/gm2ringsim_muon_gasgun_truth_22551416_1567190852.1.root"
18-Jun-2020 06:40:00 CDT  Opened input file "/pnfs/GM2/mc/run1_gasgun_1062/runs_1567190000/1567190852/gm2ringsim_muon_gasgun_truth_22551416_1567190852.1.root"
18-Jun-2020 06:42:54 CDT  Closed input file "/pnfs/GM2/mc/run1_gasgun_1062/runs_1567190000/1567190852/gm2ringsim_muon_gasgun_truth_22551416_1567190852.1.root"
18-Jun-2020 06:42:54 CDT  Initiating request to open input file "/pnfs/GM2/mc/run1_gasgun_1062/runs_1567190000/1567190852/gm2ringsim_muon_gasgun_truth_22551417_1567190852.1.root"
18-Jun-2020 06:42:54 CDT  Opened input file "/pnfs/GM2/mc/run1_gasgun_1062/runs_1567190000/1567190852/gm2ringsim_muon_gasgun_truth_22551417_1567190852.1.root"
18-Jun-2020 06:46:01 CDT  Closed input file "/pnfs/GM2/mc/run1_gasgun_1062/runs_1567190000/1567190852/gm2ringsim_muon_gasgun_truth_22551417_1567190852.1.root"
18-Jun-2020 06:46:01 CDT  Initiating request to open input file "/pnfs/GM2/mc/run1_gasgun_1062/runs_1567190000/1567190852/gm2ringsim_muon_gasgun_truth_22551418_1567190852.1.root"
18-Jun-2020 06:46:01 CDT  Opened input file "/pnfs/GM2/mc/run1_gasgun_1062/runs_1567190000/1567190852/gm2ringsim_muon_gasgun_truth_22551418_1567190852.1.root"
18-Jun-2020 06:49:40 CDT  Closed input file "/pnfs/GM2/mc/run1_gasgun_1062/runs_1567190000/1567190852/gm2ringsim_muon_gasgun_truth_22551418_1567190852.1.root"
18-Jun-2020 06:49:40 CDT  Initiating request to open input file "/pnfs/GM2/mc/run1_gasgun_1062/runs_1567190000/1567190852/gm2ringsim_muon_gasgun_truth_22551419_1567190852.1.root"
18-Jun-2020 06:49:40 CDT  Opened input file "/pnfs/GM2/mc/run1_gasgun_1062/runs_1567190000/1567190852/gm2ringsim_muon_gasgun_truth_22551419_1567190852.1.root"
18-Jun-2020 06:52:59 CDT  Closed input file "/pnfs/GM2/mc/run1_gasgun_1062/runs_1567190000/1567190852/gm2ringsim_muon_gasgun_truth_22551419_1567190852.1.root"
%MSG-i summary:  ImposeDeadTime:deadTime@EndJob 18-Jun-2020 06:52:59 CDT  ModuleEndJob

--------- Tracker Impose Dead Time Report ---------
  Total num digits killed = 0 (of 83818, 0%)
  Total num digits kept = 83818 (of 83818, 100%)
------------------------------------------------

%MSG
%MSG-i summary:  KillStraws:killStraws@EndJob 18-Jun-2020 06:52:59 CDT  ModuleEndJob

--------- Tracker Kill Straws Report ---------
  Num straws to kill = 0
  Total num digits killed = 0 (of 83818, 0%)
  Total num digits kept = 83818 (of 83818, 100%)
----------------------------------------------

%MSG
%MSG-i summary:  RemoveFlash:removeFlash@EndJob 18-Jun-2020 06:52:59 CDT  ModuleEndJob

--------- Tracker Remove Flash Report ---------
  Total num digits removed = 0 (of 83818, 0%)
  Total num digits kept = 83818 (of 83818, 100%)
----------------------------------------------

%MSG

TrigReport ---------- Event  Summary ------------
TrigReport Events total = 100000 passed = 100000 failed = 0

TrigReport ------ Modules in End-Path: end_path ------------
TrigReport  Trig Bit#        Run    Success      Error Name
TrigReport     0    0     100000     100000          0 trackPlotsFlipLR
TrigReport     0    0     100000     100000          0 extrapPlotsFlipLR
TrigReport     0    0     100000     100000          0 trackPlotsMainFit
TrigReport     0    0     100000     100000          0 extrapPlotsMainFit
TrigReport     0    0     100000     100000          0 trackPlotsTruthLR
TrigReport     0    0     100000     100000          0 extrapPlotsTruthLR
TrigReport     0    0     100000     100000          0 trackPlotsFullSeqFit
TrigReport     0    0     100000     100000          0 extrapPlotsFullSeqFit
TrigReport     0    0     100000     100000          0 zero
TrigReport     0    0     100000     100000          0 one
TrigReport     0    0     100000     100000          0 two
TrigReport     0    0     100000     100000          0 three
TrigReport     0    0     100000     100000          0 four
TrigReport     0    0     100000     100000          0 five
TrigReport     0    0     100000     100000          0 six
TrigReport     0    0     100000     100000          0 seven
TrigReport     0    0     100000     100000          0 eight
TrigReport     0    0     100000     100000          0 nine
TrigReport     0    0     100000     100000          0 ten
TrigReport     0    0     100000     100000          0 eleven
TrigReport     0    0     100000     100000          0 twelve
TrigReport     0    0     100000     100000          0 thirteen
TrigReport     0    0     100000     100000          0 fourteen
TrigReport     0    0     100000     100000          0 fifteen
TrigReport     0    0     100000     100000          0 sixteen
TrigReport     0    0     100000     100000          0 seventeen
TrigReport     0    0     100000     100000          0 eighteen
TrigReport     0    0     100000     100000          0 nineteen
TrigReport     0    0     100000     100000          0 twenty
TrigReport     0    0     100000     100000          0 twentyOne
TrigReport     0    0     100000     100000          0 twentyTwo
TrigReport     0    0     100000     100000          0 twentyThree
TrigReport     0    0     100000     100000          0 twentyFour
TrigReport     0    0     100000     100000          0 twentyFive
TrigReport     0    0     100000     100000          0 twentySix
TrigReport     0    0     100000     100000          0 twentySeven
TrigReport     0    0     100000     100000          0 twentyEight
TrigReport     0    0     100000     100000          0 twentyNine
TrigReport     0    0     100000     100000          0 thirty
TrigReport     0    0     100000     100000          0 thirtyOne
TrigReport     0    0     100000     100000          0 thirtyTwo
TrigReport     0    0     100000     100000          0 thirtyThree
TrigReport     0    0     100000     100000          0 thirtyFour
TrigReport     0    0     100000     100000          0 thirtyFive
TrigReport     0    0     100000     100000          0 thirtySix

TimeReport ---------- Time  Summary ---[sec]----
TimeReport CPU = 3953.913914 Real = 3957.513118

MemReport  ---------- Memory  Summary ---[base-10 MB]----
MemReport  VmPeak = 3817.68 VmHWM = 2668.49

