21-Jun-2020 00:45:35 CDT  Initiating request to open input file "/pnfs/GM2/mc/run1_gasgun_1062/runs_1567190000/1567190852/gm2ringsim_muon_gasgun_truth_22551640_1567190852.1.root"
21-Jun-2020 00:45:35 CDT  Opened input file "/pnfs/GM2/mc/run1_gasgun_1062/runs_1567190000/1567190852/gm2ringsim_muon_gasgun_truth_22551640_1567190852.1.root"
Begin processing the 1st record. run: 1567190852 subRun: 1 event: 1 at 21-Jun-2020 00:47:20 CDT
Begin processing the 101st record. run: 1567190852 subRun: 1 event: 101 at 21-Jun-2020 00:47:24 CDT
Begin processing the 201st record. run: 1567190852 subRun: 1 event: 201 at 21-Jun-2020 00:47:26 CDT
Begin processing the 301st record. run: 1567190852 subRun: 1 event: 301 at 21-Jun-2020 00:47:28 CDT
Begin processing the 401st record. run: 1567190852 subRun: 1 event: 401 at 21-Jun-2020 00:47:29 CDT
Begin processing the 501st record. run: 1567190852 subRun: 1 event: 501 at 21-Jun-2020 00:47:31 CDT
Begin processing the 601st record. run: 1567190852 subRun: 1 event: 601 at 21-Jun-2020 00:47:32 CDT
Begin processing the 701st record. run: 1567190852 subRun: 1 event: 701 at 21-Jun-2020 00:47:34 CDT
Begin processing the 801st record. run: 1567190852 subRun: 1 event: 801 at 21-Jun-2020 00:47:36 CDT
Begin processing the 901st record. run: 1567190852 subRun: 1 event: 901 at 21-Jun-2020 00:47:39 CDT
Begin processing the 2000th record. run: 1567190852 subRun: 1 event: 2000 at 21-Jun-2020 00:48:05 CDT
Begin processing the 3000th record. run: 1567190852 subRun: 1 event: 3000 at 21-Jun-2020 00:48:29 CDT
Begin processing the 5000th record. run: 1567190852 subRun: 1 event: 5000 at 21-Jun-2020 00:49:09 CDT
21-Jun-2020 00:49:09 CDT  Closed input file "/pnfs/GM2/mc/run1_gasgun_1062/runs_1567190000/1567190852/gm2ringsim_muon_gasgun_truth_22551640_1567190852.1.root"
21-Jun-2020 00:49:09 CDT  Initiating request to open input file "/pnfs/GM2/mc/run1_gasgun_1062/runs_1567190000/1567190852/gm2ringsim_muon_gasgun_truth_22551641_1567190852.1.root"
21-Jun-2020 00:49:09 CDT  Opened input file "/pnfs/GM2/mc/run1_gasgun_1062/runs_1567190000/1567190852/gm2ringsim_muon_gasgun_truth_22551641_1567190852.1.root"
Begin processing the 9000th record. run: 1567190852 subRun: 1 event: 4000 at 21-Jun-2020 00:50:11 CDT
21-Jun-2020 00:50:26 CDT  Closed input file "/pnfs/GM2/mc/run1_gasgun_1062/runs_1567190000/1567190852/gm2ringsim_muon_gasgun_truth_22551641_1567190852.1.root"
21-Jun-2020 00:50:26 CDT  Initiating request to open input file "/pnfs/GM2/mc/run1_gasgun_1062/runs_1567190000/1567190852/gm2ringsim_muon_gasgun_truth_22551642_1567190852.1.root"
21-Jun-2020 00:50:26 CDT  Opened input file "/pnfs/GM2/mc/run1_gasgun_1062/runs_1567190000/1567190852/gm2ringsim_muon_gasgun_truth_22551642_1567190852.1.root"
21-Jun-2020 00:52:05 CDT  Closed input file "/pnfs/GM2/mc/run1_gasgun_1062/runs_1567190000/1567190852/gm2ringsim_muon_gasgun_truth_22551642_1567190852.1.root"
21-Jun-2020 00:52:05 CDT  Initiating request to open input file "/pnfs/GM2/mc/run1_gasgun_1062/runs_1567190000/1567190852/gm2ringsim_muon_gasgun_truth_22551643_1567190852.1.root"
21-Jun-2020 00:52:05 CDT  Opened input file "/pnfs/GM2/mc/run1_gasgun_1062/runs_1567190000/1567190852/gm2ringsim_muon_gasgun_truth_22551643_1567190852.1.root"
Begin processing the 17000th record. run: 1567190852 subRun: 1 event: 2000 at 21-Jun-2020 00:52:44 CDT
21-Jun-2020 00:53:21 CDT  Closed input file "/pnfs/GM2/mc/run1_gasgun_1062/runs_1567190000/1567190852/gm2ringsim_muon_gasgun_truth_22551643_1567190852.1.root"
21-Jun-2020 00:53:21 CDT  Initiating request to open input file "/pnfs/GM2/mc/run1_gasgun_1062/runs_1567190000/1567190852/gm2ringsim_muon_gasgun_truth_22551644_1567190852.1.root"
21-Jun-2020 00:53:21 CDT  Opened input file "/pnfs/GM2/mc/run1_gasgun_1062/runs_1567190000/1567190852/gm2ringsim_muon_gasgun_truth_22551644_1567190852.1.root"
21-Jun-2020 00:54:43 CDT  Closed input file "/pnfs/GM2/mc/run1_gasgun_1062/runs_1567190000/1567190852/gm2ringsim_muon_gasgun_truth_22551644_1567190852.1.root"
21-Jun-2020 00:54:43 CDT  Initiating request to open input file "/pnfs/GM2/mc/run1_gasgun_1062/runs_1567190000/1567190852/gm2ringsim_muon_gasgun_truth_22551645_1567190852.1.root"
21-Jun-2020 00:54:43 CDT  Opened input file "/pnfs/GM2/mc/run1_gasgun_1062/runs_1567190000/1567190852/gm2ringsim_muon_gasgun_truth_22551645_1567190852.1.root"
21-Jun-2020 00:56:00 CDT  Closed input file "/pnfs/GM2/mc/run1_gasgun_1062/runs_1567190000/1567190852/gm2ringsim_muon_gasgun_truth_22551645_1567190852.1.root"
21-Jun-2020 00:56:00 CDT  Initiating request to open input file "/pnfs/GM2/mc/run1_gasgun_1062/runs_1567190000/1567190852/gm2ringsim_muon_gasgun_truth_22551646_1567190852.1.root"
21-Jun-2020 00:56:00 CDT  Opened input file "/pnfs/GM2/mc/run1_gasgun_1062/runs_1567190000/1567190852/gm2ringsim_muon_gasgun_truth_22551646_1567190852.1.root"
Begin processing the 33000th record. run: 1567190852 subRun: 1 event: 3000 at 21-Jun-2020 00:57:02 CDT
21-Jun-2020 00:57:35 CDT  Closed input file "/pnfs/GM2/mc/run1_gasgun_1062/runs_1567190000/1567190852/gm2ringsim_muon_gasgun_truth_22551646_1567190852.1.root"
21-Jun-2020 00:57:35 CDT  Initiating request to open input file "/pnfs/GM2/mc/run1_gasgun_1062/runs_1567190000/1567190852/gm2ringsim_muon_gasgun_truth_22551647_1567190852.1.root"
21-Jun-2020 00:57:35 CDT  Opened input file "/pnfs/GM2/mc/run1_gasgun_1062/runs_1567190000/1567190852/gm2ringsim_muon_gasgun_truth_22551647_1567190852.1.root"
21-Jun-2020 00:58:57 CDT  Closed input file "/pnfs/GM2/mc/run1_gasgun_1062/runs_1567190000/1567190852/gm2ringsim_muon_gasgun_truth_22551647_1567190852.1.root"
21-Jun-2020 00:58:57 CDT  Initiating request to open input file "/pnfs/GM2/mc/run1_gasgun_1062/runs_1567190000/1567190852/gm2ringsim_muon_gasgun_truth_22551648_1567190852.1.root"
21-Jun-2020 00:58:57 CDT  Opened input file "/pnfs/GM2/mc/run1_gasgun_1062/runs_1567190000/1567190852/gm2ringsim_muon_gasgun_truth_22551648_1567190852.1.root"
21-Jun-2020 01:00:28 CDT  Closed input file "/pnfs/GM2/mc/run1_gasgun_1062/runs_1567190000/1567190852/gm2ringsim_muon_gasgun_truth_22551648_1567190852.1.root"
21-Jun-2020 01:00:28 CDT  Initiating request to open input file "/pnfs/GM2/mc/run1_gasgun_1062/runs_1567190000/1567190852/gm2ringsim_muon_gasgun_truth_22551649_1567190852.1.root"
21-Jun-2020 01:00:28 CDT  Opened input file "/pnfs/GM2/mc/run1_gasgun_1062/runs_1567190000/1567190852/gm2ringsim_muon_gasgun_truth_22551649_1567190852.1.root"
21-Jun-2020 01:01:55 CDT  Closed input file "/pnfs/GM2/mc/run1_gasgun_1062/runs_1567190000/1567190852/gm2ringsim_muon_gasgun_truth_22551649_1567190852.1.root"
21-Jun-2020 01:01:55 CDT  Initiating request to open input file "/pnfs/GM2/mc/run1_gasgun_1062/runs_1567190000/1567190852/gm2ringsim_muon_gasgun_truth_22551650_1567190852.1.root"
21-Jun-2020 01:01:55 CDT  Opened input file "/pnfs/GM2/mc/run1_gasgun_1062/runs_1567190000/1567190852/gm2ringsim_muon_gasgun_truth_22551650_1567190852.1.root"
21-Jun-2020 01:03:18 CDT  Closed input file "/pnfs/GM2/mc/run1_gasgun_1062/runs_1567190000/1567190852/gm2ringsim_muon_gasgun_truth_22551650_1567190852.1.root"
21-Jun-2020 01:03:18 CDT  Initiating request to open input file "/pnfs/GM2/mc/run1_gasgun_1062/runs_1567190000/1567190852/gm2ringsim_muon_gasgun_truth_22551651_1567190852.1.root"
21-Jun-2020 01:03:18 CDT  Opened input file "/pnfs/GM2/mc/run1_gasgun_1062/runs_1567190000/1567190852/gm2ringsim_muon_gasgun_truth_22551651_1567190852.1.root"
21-Jun-2020 01:04:52 CDT  Closed input file "/pnfs/GM2/mc/run1_gasgun_1062/runs_1567190000/1567190852/gm2ringsim_muon_gasgun_truth_22551651_1567190852.1.root"
21-Jun-2020 01:04:52 CDT  Initiating request to open input file "/pnfs/GM2/mc/run1_gasgun_1062/runs_1567190000/1567190852/gm2ringsim_muon_gasgun_truth_22551652_1567190852.1.root"
21-Jun-2020 01:04:52 CDT  Opened input file "/pnfs/GM2/mc/run1_gasgun_1062/runs_1567190000/1567190852/gm2ringsim_muon_gasgun_truth_22551652_1567190852.1.root"
Begin processing the 65000th record. run: 1567190852 subRun: 1 event: 5000 at 21-Jun-2020 01:06:23 CDT
21-Jun-2020 01:06:23 CDT  Closed input file "/pnfs/GM2/mc/run1_gasgun_1062/runs_1567190000/1567190852/gm2ringsim_muon_gasgun_truth_22551652_1567190852.1.root"
21-Jun-2020 01:06:23 CDT  Initiating request to open input file "/pnfs/GM2/mc/run1_gasgun_1062/runs_1567190000/1567190852/gm2ringsim_muon_gasgun_truth_22551653_1567190852.1.root"
21-Jun-2020 01:06:23 CDT  Opened input file "/pnfs/GM2/mc/run1_gasgun_1062/runs_1567190000/1567190852/gm2ringsim_muon_gasgun_truth_22551653_1567190852.1.root"
21-Jun-2020 01:07:49 CDT  Closed input file "/pnfs/GM2/mc/run1_gasgun_1062/runs_1567190000/1567190852/gm2ringsim_muon_gasgun_truth_22551653_1567190852.1.root"
21-Jun-2020 01:07:49 CDT  Initiating request to open input file "/pnfs/GM2/mc/run1_gasgun_1062/runs_1567190000/1567190852/gm2ringsim_muon_gasgun_truth_22551654_1567190852.1.root"
21-Jun-2020 01:07:49 CDT  Opened input file "/pnfs/GM2/mc/run1_gasgun_1062/runs_1567190000/1567190852/gm2ringsim_muon_gasgun_truth_22551654_1567190852.1.root"
21-Jun-2020 01:09:31 CDT  Closed input file "/pnfs/GM2/mc/run1_gasgun_1062/runs_1567190000/1567190852/gm2ringsim_muon_gasgun_truth_22551654_1567190852.1.root"
21-Jun-2020 01:09:31 CDT  Initiating request to open input file "/pnfs/GM2/mc/run1_gasgun_1062/runs_1567190000/1567190852/gm2ringsim_muon_gasgun_truth_22551655_1567190852.1.root"
21-Jun-2020 01:09:31 CDT  Opened input file "/pnfs/GM2/mc/run1_gasgun_1062/runs_1567190000/1567190852/gm2ringsim_muon_gasgun_truth_22551655_1567190852.1.root"
21-Jun-2020 01:10:55 CDT  Closed input file "/pnfs/GM2/mc/run1_gasgun_1062/runs_1567190000/1567190852/gm2ringsim_muon_gasgun_truth_22551655_1567190852.1.root"
21-Jun-2020 01:10:55 CDT  Initiating request to open input file "/pnfs/GM2/mc/run1_gasgun_1062/runs_1567190000/1567190852/gm2ringsim_muon_gasgun_truth_22551656_1567190852.1.root"
21-Jun-2020 01:10:55 CDT  Opened input file "/pnfs/GM2/mc/run1_gasgun_1062/runs_1567190000/1567190852/gm2ringsim_muon_gasgun_truth_22551656_1567190852.1.root"
21-Jun-2020 01:12:20 CDT  Closed input file "/pnfs/GM2/mc/run1_gasgun_1062/runs_1567190000/1567190852/gm2ringsim_muon_gasgun_truth_22551656_1567190852.1.root"
21-Jun-2020 01:12:20 CDT  Initiating request to open input file "/pnfs/GM2/mc/run1_gasgun_1062/runs_1567190000/1567190852/gm2ringsim_muon_gasgun_truth_22551657_1567190852.1.root"
21-Jun-2020 01:12:20 CDT  Opened input file "/pnfs/GM2/mc/run1_gasgun_1062/runs_1567190000/1567190852/gm2ringsim_muon_gasgun_truth_22551657_1567190852.1.root"
21-Jun-2020 01:13:45 CDT  Closed input file "/pnfs/GM2/mc/run1_gasgun_1062/runs_1567190000/1567190852/gm2ringsim_muon_gasgun_truth_22551657_1567190852.1.root"
21-Jun-2020 01:13:45 CDT  Initiating request to open input file "/pnfs/GM2/mc/run1_gasgun_1062/runs_1567190000/1567190852/gm2ringsim_muon_gasgun_truth_22551658_1567190852.1.root"
21-Jun-2020 01:13:45 CDT  Opened input file "/pnfs/GM2/mc/run1_gasgun_1062/runs_1567190000/1567190852/gm2ringsim_muon_gasgun_truth_22551658_1567190852.1.root"
21-Jun-2020 01:15:10 CDT  Closed input file "/pnfs/GM2/mc/run1_gasgun_1062/runs_1567190000/1567190852/gm2ringsim_muon_gasgun_truth_22551658_1567190852.1.root"
21-Jun-2020 01:15:10 CDT  Initiating request to open input file "/pnfs/GM2/mc/run1_gasgun_1062/runs_1567190000/1567190852/gm2ringsim_muon_gasgun_truth_22551659_1567190852.1.root"
21-Jun-2020 01:15:10 CDT  Opened input file "/pnfs/GM2/mc/run1_gasgun_1062/runs_1567190000/1567190852/gm2ringsim_muon_gasgun_truth_22551659_1567190852.1.root"
21-Jun-2020 01:16:38 CDT  Closed input file "/pnfs/GM2/mc/run1_gasgun_1062/runs_1567190000/1567190852/gm2ringsim_muon_gasgun_truth_22551659_1567190852.1.root"
%MSG-i summary:  ImposeDeadTime:deadTime@EndJob 21-Jun-2020 01:16:38 CDT  ModuleEndJob

--------- Tracker Impose Dead Time Report ---------
  Total num digits killed = 0 (of 83876, 0%)
  Total num digits kept = 83876 (of 83876, 100%)
------------------------------------------------

%MSG
%MSG-i summary:  KillStraws:killStraws@EndJob 21-Jun-2020 01:16:38 CDT  ModuleEndJob

--------- Tracker Kill Straws Report ---------
  Num straws to kill = 0
  Total num digits killed = 0 (of 83876, 0%)
  Total num digits kept = 83876 (of 83876, 100%)
----------------------------------------------

%MSG
%MSG-i summary:  RemoveFlash:removeFlash@EndJob 21-Jun-2020 01:16:38 CDT  ModuleEndJob

--------- Tracker Remove Flash Report ---------
  Total num digits removed = 0 (of 83876, 0%)
  Total num digits kept = 83876 (of 83876, 100%)
----------------------------------------------

%MSG

TrigReport ---------- Event  Summary ------------
TrigReport Events total = 100000 passed = 100000 failed = 0

TrigReport ------ Modules in End-Path: end_path ------------
TrigReport  Trig Bit#        Run    Success      Error Name
TrigReport     0    0     100000     100000          0 zero
TrigReport     0    0     100000     100000          0 one
TrigReport     0    0     100000     100000          0 two
TrigReport     0    0     100000     100000          0 three
TrigReport     0    0     100000     100000          0 four
TrigReport     0    0     100000     100000          0 five
TrigReport     0    0     100000     100000          0 six
TrigReport     0    0     100000     100000          0 seven
TrigReport     0    0     100000     100000          0 eight
TrigReport     0    0     100000     100000          0 nine
TrigReport     0    0     100000     100000          0 ten
TrigReport     0    0     100000     100000          0 eleven
TrigReport     0    0     100000     100000          0 twelve
TrigReport     0    0     100000     100000          0 thirteen
TrigReport     0    0     100000     100000          0 fourteen
TrigReport     0    0     100000     100000          0 fifteen
TrigReport     0    0     100000     100000          0 sixteen
TrigReport     0    0     100000     100000          0 seventeen
TrigReport     0    0     100000     100000          0 eighteen
TrigReport     0    0     100000     100000          0 nineteen
TrigReport     0    0     100000     100000          0 twenty

TimeReport ---------- Time  Summary ---[sec]----
TimeReport CPU = 1825.572471 Real = 1828.747077

MemReport  ---------- Memory  Summary ---[base-10 MB]----
MemReport  VmPeak = 2363.67 VmHWM = 1222

