18-Jun-2020 22:54:19 CDT  Initiating request to open input file "/pnfs/GM2/mc/run1_gasgun_1062/runs_1567190000/1567190852/gm2ringsim_muon_gasgun_truth_22551220_1567190852.1.root"
18-Jun-2020 22:54:20 CDT  Opened input file "/pnfs/GM2/mc/run1_gasgun_1062/runs_1567190000/1567190852/gm2ringsim_muon_gasgun_truth_22551220_1567190852.1.root"
Begin processing the 1st record. run: 1567190852 subRun: 1 event: 1 at 18-Jun-2020 22:56:06 CDT
Begin processing the 101st record. run: 1567190852 subRun: 1 event: 101 at 18-Jun-2020 22:56:08 CDT
Begin processing the 201st record. run: 1567190852 subRun: 1 event: 201 at 18-Jun-2020 22:56:10 CDT
Begin processing the 301st record. run: 1567190852 subRun: 1 event: 301 at 18-Jun-2020 22:56:12 CDT
Begin processing the 401st record. run: 1567190852 subRun: 1 event: 401 at 18-Jun-2020 22:56:13 CDT
Begin processing the 501st record. run: 1567190852 subRun: 1 event: 501 at 18-Jun-2020 22:56:14 CDT
Begin processing the 601st record. run: 1567190852 subRun: 1 event: 601 at 18-Jun-2020 22:56:16 CDT
Begin processing the 701st record. run: 1567190852 subRun: 1 event: 701 at 18-Jun-2020 22:56:19 CDT
Begin processing the 801st record. run: 1567190852 subRun: 1 event: 801 at 18-Jun-2020 22:56:22 CDT
Begin processing the 901st record. run: 1567190852 subRun: 1 event: 901 at 18-Jun-2020 22:56:23 CDT
Begin processing the 2000th record. run: 1567190852 subRun: 1 event: 2000 at 18-Jun-2020 22:56:52 CDT
Begin processing the 3000th record. run: 1567190852 subRun: 1 event: 3000 at 18-Jun-2020 22:57:08 CDT
Begin processing the 5000th record. run: 1567190852 subRun: 1 event: 5000 at 18-Jun-2020 22:57:54 CDT
18-Jun-2020 22:57:54 CDT  Closed input file "/pnfs/GM2/mc/run1_gasgun_1062/runs_1567190000/1567190852/gm2ringsim_muon_gasgun_truth_22551220_1567190852.1.root"
18-Jun-2020 22:57:54 CDT  Initiating request to open input file "/pnfs/GM2/mc/run1_gasgun_1062/runs_1567190000/1567190852/gm2ringsim_muon_gasgun_truth_22551221_1567190852.1.root"
18-Jun-2020 22:57:54 CDT  Opened input file "/pnfs/GM2/mc/run1_gasgun_1062/runs_1567190000/1567190852/gm2ringsim_muon_gasgun_truth_22551221_1567190852.1.root"
Begin processing the 9000th record. run: 1567190852 subRun: 1 event: 4000 at 18-Jun-2020 22:59:04 CDT
18-Jun-2020 22:59:17 CDT  Closed input file "/pnfs/GM2/mc/run1_gasgun_1062/runs_1567190000/1567190852/gm2ringsim_muon_gasgun_truth_22551221_1567190852.1.root"
18-Jun-2020 22:59:17 CDT  Initiating request to open input file "/pnfs/GM2/mc/run1_gasgun_1062/runs_1567190000/1567190852/gm2ringsim_muon_gasgun_truth_22551222_1567190852.1.root"
18-Jun-2020 22:59:17 CDT  Opened input file "/pnfs/GM2/mc/run1_gasgun_1062/runs_1567190000/1567190852/gm2ringsim_muon_gasgun_truth_22551222_1567190852.1.root"
18-Jun-2020 23:00:57 CDT  Closed input file "/pnfs/GM2/mc/run1_gasgun_1062/runs_1567190000/1567190852/gm2ringsim_muon_gasgun_truth_22551222_1567190852.1.root"
18-Jun-2020 23:00:57 CDT  Initiating request to open input file "/pnfs/GM2/mc/run1_gasgun_1062/runs_1567190000/1567190852/gm2ringsim_muon_gasgun_truth_22551223_1567190852.1.root"
18-Jun-2020 23:00:57 CDT  Opened input file "/pnfs/GM2/mc/run1_gasgun_1062/runs_1567190000/1567190852/gm2ringsim_muon_gasgun_truth_22551223_1567190852.1.root"
Begin processing the 17000th record. run: 1567190852 subRun: 1 event: 2000 at 18-Jun-2020 23:01:34 CDT
18-Jun-2020 23:02:20 CDT  Closed input file "/pnfs/GM2/mc/run1_gasgun_1062/runs_1567190000/1567190852/gm2ringsim_muon_gasgun_truth_22551223_1567190852.1.root"
18-Jun-2020 23:02:20 CDT  Initiating request to open input file "/pnfs/GM2/mc/run1_gasgun_1062/runs_1567190000/1567190852/gm2ringsim_muon_gasgun_truth_22551224_1567190852.1.root"
18-Jun-2020 23:02:20 CDT  Opened input file "/pnfs/GM2/mc/run1_gasgun_1062/runs_1567190000/1567190852/gm2ringsim_muon_gasgun_truth_22551224_1567190852.1.root"
18-Jun-2020 23:03:48 CDT  Closed input file "/pnfs/GM2/mc/run1_gasgun_1062/runs_1567190000/1567190852/gm2ringsim_muon_gasgun_truth_22551224_1567190852.1.root"
18-Jun-2020 23:03:48 CDT  Initiating request to open input file "/pnfs/GM2/mc/run1_gasgun_1062/runs_1567190000/1567190852/gm2ringsim_muon_gasgun_truth_22551225_1567190852.1.root"
18-Jun-2020 23:03:48 CDT  Opened input file "/pnfs/GM2/mc/run1_gasgun_1062/runs_1567190000/1567190852/gm2ringsim_muon_gasgun_truth_22551225_1567190852.1.root"
18-Jun-2020 23:05:23 CDT  Closed input file "/pnfs/GM2/mc/run1_gasgun_1062/runs_1567190000/1567190852/gm2ringsim_muon_gasgun_truth_22551225_1567190852.1.root"
18-Jun-2020 23:05:23 CDT  Initiating request to open input file "/pnfs/GM2/mc/run1_gasgun_1062/runs_1567190000/1567190852/gm2ringsim_muon_gasgun_truth_22551226_1567190852.1.root"
18-Jun-2020 23:05:23 CDT  Opened input file "/pnfs/GM2/mc/run1_gasgun_1062/runs_1567190000/1567190852/gm2ringsim_muon_gasgun_truth_22551226_1567190852.1.root"
Begin processing the 33000th record. run: 1567190852 subRun: 1 event: 3000 at 18-Jun-2020 23:06:22 CDT
18-Jun-2020 23:06:51 CDT  Closed input file "/pnfs/GM2/mc/run1_gasgun_1062/runs_1567190000/1567190852/gm2ringsim_muon_gasgun_truth_22551226_1567190852.1.root"
18-Jun-2020 23:06:51 CDT  Initiating request to open input file "/pnfs/GM2/mc/run1_gasgun_1062/runs_1567190000/1567190852/gm2ringsim_muon_gasgun_truth_22551227_1567190852.1.root"
18-Jun-2020 23:06:51 CDT  Opened input file "/pnfs/GM2/mc/run1_gasgun_1062/runs_1567190000/1567190852/gm2ringsim_muon_gasgun_truth_22551227_1567190852.1.root"
18-Jun-2020 23:08:29 CDT  Closed input file "/pnfs/GM2/mc/run1_gasgun_1062/runs_1567190000/1567190852/gm2ringsim_muon_gasgun_truth_22551227_1567190852.1.root"
18-Jun-2020 23:08:29 CDT  Initiating request to open input file "/pnfs/GM2/mc/run1_gasgun_1062/runs_1567190000/1567190852/gm2ringsim_muon_gasgun_truth_22551228_1567190852.1.root"
18-Jun-2020 23:08:29 CDT  Opened input file "/pnfs/GM2/mc/run1_gasgun_1062/runs_1567190000/1567190852/gm2ringsim_muon_gasgun_truth_22551228_1567190852.1.root"
18-Jun-2020 23:09:59 CDT  Closed input file "/pnfs/GM2/mc/run1_gasgun_1062/runs_1567190000/1567190852/gm2ringsim_muon_gasgun_truth_22551228_1567190852.1.root"
18-Jun-2020 23:09:59 CDT  Initiating request to open input file "/pnfs/GM2/mc/run1_gasgun_1062/runs_1567190000/1567190852/gm2ringsim_muon_gasgun_truth_22551229_1567190852.1.root"
18-Jun-2020 23:09:59 CDT  Opened input file "/pnfs/GM2/mc/run1_gasgun_1062/runs_1567190000/1567190852/gm2ringsim_muon_gasgun_truth_22551229_1567190852.1.root"
18-Jun-2020 23:11:37 CDT  Closed input file "/pnfs/GM2/mc/run1_gasgun_1062/runs_1567190000/1567190852/gm2ringsim_muon_gasgun_truth_22551229_1567190852.1.root"
18-Jun-2020 23:11:37 CDT  Initiating request to open input file "/pnfs/GM2/mc/run1_gasgun_1062/runs_1567190000/1567190852/gm2ringsim_muon_gasgun_truth_22551230_1567190852.1.root"
18-Jun-2020 23:11:37 CDT  Opened input file "/pnfs/GM2/mc/run1_gasgun_1062/runs_1567190000/1567190852/gm2ringsim_muon_gasgun_truth_22551230_1567190852.1.root"
18-Jun-2020 23:13:05 CDT  Closed input file "/pnfs/GM2/mc/run1_gasgun_1062/runs_1567190000/1567190852/gm2ringsim_muon_gasgun_truth_22551230_1567190852.1.root"
18-Jun-2020 23:13:05 CDT  Initiating request to open input file "/pnfs/GM2/mc/run1_gasgun_1062/runs_1567190000/1567190852/gm2ringsim_muon_gasgun_truth_22551231_1567190852.1.root"
18-Jun-2020 23:13:05 CDT  Opened input file "/pnfs/GM2/mc/run1_gasgun_1062/runs_1567190000/1567190852/gm2ringsim_muon_gasgun_truth_22551231_1567190852.1.root"
18-Jun-2020 23:14:26 CDT  Closed input file "/pnfs/GM2/mc/run1_gasgun_1062/runs_1567190000/1567190852/gm2ringsim_muon_gasgun_truth_22551231_1567190852.1.root"
18-Jun-2020 23:14:26 CDT  Initiating request to open input file "/pnfs/GM2/mc/run1_gasgun_1062/runs_1567190000/1567190852/gm2ringsim_muon_gasgun_truth_22551232_1567190852.1.root"
18-Jun-2020 23:14:26 CDT  Opened input file "/pnfs/GM2/mc/run1_gasgun_1062/runs_1567190000/1567190852/gm2ringsim_muon_gasgun_truth_22551232_1567190852.1.root"
Begin processing the 65000th record. run: 1567190852 subRun: 1 event: 5000 at 18-Jun-2020 23:15:59 CDT
18-Jun-2020 23:15:59 CDT  Closed input file "/pnfs/GM2/mc/run1_gasgun_1062/runs_1567190000/1567190852/gm2ringsim_muon_gasgun_truth_22551232_1567190852.1.root"
18-Jun-2020 23:15:59 CDT  Initiating request to open input file "/pnfs/GM2/mc/run1_gasgun_1062/runs_1567190000/1567190852/gm2ringsim_muon_gasgun_truth_22551233_1567190852.1.root"
18-Jun-2020 23:15:59 CDT  Opened input file "/pnfs/GM2/mc/run1_gasgun_1062/runs_1567190000/1567190852/gm2ringsim_muon_gasgun_truth_22551233_1567190852.1.root"
18-Jun-2020 23:17:49 CDT  Closed input file "/pnfs/GM2/mc/run1_gasgun_1062/runs_1567190000/1567190852/gm2ringsim_muon_gasgun_truth_22551233_1567190852.1.root"
18-Jun-2020 23:17:49 CDT  Initiating request to open input file "/pnfs/GM2/mc/run1_gasgun_1062/runs_1567190000/1567190852/gm2ringsim_muon_gasgun_truth_22551234_1567190852.1.root"
18-Jun-2020 23:17:49 CDT  Opened input file "/pnfs/GM2/mc/run1_gasgun_1062/runs_1567190000/1567190852/gm2ringsim_muon_gasgun_truth_22551234_1567190852.1.root"
18-Jun-2020 23:19:17 CDT  Closed input file "/pnfs/GM2/mc/run1_gasgun_1062/runs_1567190000/1567190852/gm2ringsim_muon_gasgun_truth_22551234_1567190852.1.root"
18-Jun-2020 23:19:17 CDT  Initiating request to open input file "/pnfs/GM2/mc/run1_gasgun_1062/runs_1567190000/1567190852/gm2ringsim_muon_gasgun_truth_22551235_1567190852.1.root"
18-Jun-2020 23:19:17 CDT  Opened input file "/pnfs/GM2/mc/run1_gasgun_1062/runs_1567190000/1567190852/gm2ringsim_muon_gasgun_truth_22551235_1567190852.1.root"
18-Jun-2020 23:20:47 CDT  Closed input file "/pnfs/GM2/mc/run1_gasgun_1062/runs_1567190000/1567190852/gm2ringsim_muon_gasgun_truth_22551235_1567190852.1.root"
18-Jun-2020 23:20:47 CDT  Initiating request to open input file "/pnfs/GM2/mc/run1_gasgun_1062/runs_1567190000/1567190852/gm2ringsim_muon_gasgun_truth_22551236_1567190852.1.root"
18-Jun-2020 23:20:47 CDT  Opened input file "/pnfs/GM2/mc/run1_gasgun_1062/runs_1567190000/1567190852/gm2ringsim_muon_gasgun_truth_22551236_1567190852.1.root"
18-Jun-2020 23:22:21 CDT  Closed input file "/pnfs/GM2/mc/run1_gasgun_1062/runs_1567190000/1567190852/gm2ringsim_muon_gasgun_truth_22551236_1567190852.1.root"
18-Jun-2020 23:22:21 CDT  Initiating request to open input file "/pnfs/GM2/mc/run1_gasgun_1062/runs_1567190000/1567190852/gm2ringsim_muon_gasgun_truth_22551237_1567190852.1.root"
18-Jun-2020 23:22:21 CDT  Opened input file "/pnfs/GM2/mc/run1_gasgun_1062/runs_1567190000/1567190852/gm2ringsim_muon_gasgun_truth_22551237_1567190852.1.root"
18-Jun-2020 23:23:47 CDT  Closed input file "/pnfs/GM2/mc/run1_gasgun_1062/runs_1567190000/1567190852/gm2ringsim_muon_gasgun_truth_22551237_1567190852.1.root"
18-Jun-2020 23:23:47 CDT  Initiating request to open input file "/pnfs/GM2/mc/run1_gasgun_1062/runs_1567190000/1567190852/gm2ringsim_muon_gasgun_truth_22551238_1567190852.1.root"
18-Jun-2020 23:23:47 CDT  Opened input file "/pnfs/GM2/mc/run1_gasgun_1062/runs_1567190000/1567190852/gm2ringsim_muon_gasgun_truth_22551238_1567190852.1.root"
18-Jun-2020 23:25:17 CDT  Closed input file "/pnfs/GM2/mc/run1_gasgun_1062/runs_1567190000/1567190852/gm2ringsim_muon_gasgun_truth_22551238_1567190852.1.root"
18-Jun-2020 23:25:17 CDT  Initiating request to open input file "/pnfs/GM2/mc/run1_gasgun_1062/runs_1567190000/1567190852/gm2ringsim_muon_gasgun_truth_22551239_1567190852.1.root"
18-Jun-2020 23:25:17 CDT  Opened input file "/pnfs/GM2/mc/run1_gasgun_1062/runs_1567190000/1567190852/gm2ringsim_muon_gasgun_truth_22551239_1567190852.1.root"
18-Jun-2020 23:26:56 CDT  Closed input file "/pnfs/GM2/mc/run1_gasgun_1062/runs_1567190000/1567190852/gm2ringsim_muon_gasgun_truth_22551239_1567190852.1.root"
%MSG-i summary:  ImposeDeadTime:deadTime@EndJob 18-Jun-2020 23:26:56 CDT  ModuleEndJob

--------- Tracker Impose Dead Time Report ---------
  Total num digits killed = 0 (of 84425, 0%)
  Total num digits kept = 84425 (of 84425, 100%)
------------------------------------------------

%MSG
%MSG-i summary:  KillStraws:killStraws@EndJob 18-Jun-2020 23:26:56 CDT  ModuleEndJob

--------- Tracker Kill Straws Report ---------
  Num straws to kill = 0
  Total num digits killed = 0 (of 84425, 0%)
  Total num digits kept = 84425 (of 84425, 100%)
----------------------------------------------

%MSG
%MSG-i summary:  RemoveFlash:removeFlash@EndJob 18-Jun-2020 23:26:56 CDT  ModuleEndJob

--------- Tracker Remove Flash Report ---------
  Total num digits removed = 0 (of 84425, 0%)
  Total num digits kept = 84425 (of 84425, 100%)
----------------------------------------------

%MSG

TrigReport ---------- Event  Summary ------------
TrigReport Events total = 100000 passed = 100000 failed = 0

TrigReport ------ Modules in End-Path: end_path ------------
TrigReport  Trig Bit#        Run    Success      Error Name
TrigReport     0    0     100000     100000          0 zero
TrigReport     0    0     100000     100000          0 one
TrigReport     0    0     100000     100000          0 two
TrigReport     0    0     100000     100000          0 three
TrigReport     0    0     100000     100000          0 four
TrigReport     0    0     100000     100000          0 five
TrigReport     0    0     100000     100000          0 six
TrigReport     0    0     100000     100000          0 seven
TrigReport     0    0     100000     100000          0 eight
TrigReport     0    0     100000     100000          0 nine
TrigReport     0    0     100000     100000          0 ten
TrigReport     0    0     100000     100000          0 eleven
TrigReport     0    0     100000     100000          0 twelve
TrigReport     0    0     100000     100000          0 thirteen
TrigReport     0    0     100000     100000          0 fourteen
TrigReport     0    0     100000     100000          0 fifteen
TrigReport     0    0     100000     100000          0 sixteen
TrigReport     0    0     100000     100000          0 seventeen
TrigReport     0    0     100000     100000          0 eighteen
TrigReport     0    0     100000     100000          0 nineteen
TrigReport     0    0     100000     100000          0 twenty

TimeReport ---------- Time  Summary ---[sec]----
TimeReport CPU = 1919.360214 Real = 1921.429258

MemReport  ---------- Memory  Summary ---[base-10 MB]----
MemReport  VmPeak = 2360.47 VmHWM = 1213.95

