19-Jun-2020 12:18:33 CDT  Initiating request to open input file "/pnfs/GM2/mc/run1_gasgun_1062/runs_1567190000/1567190852/gm2ringsim_muon_gasgun_truth_22551400_1567190852.1.root"
19-Jun-2020 12:18:33 CDT  Opened input file "/pnfs/GM2/mc/run1_gasgun_1062/runs_1567190000/1567190852/gm2ringsim_muon_gasgun_truth_22551400_1567190852.1.root"
Begin processing the 1st record. run: 1567190852 subRun: 1 event: 1 at 19-Jun-2020 12:20:28 CDT
Begin processing the 101st record. run: 1567190852 subRun: 1 event: 101 at 19-Jun-2020 12:20:31 CDT
Begin processing the 201st record. run: 1567190852 subRun: 1 event: 201 at 19-Jun-2020 12:20:32 CDT
Begin processing the 301st record. run: 1567190852 subRun: 1 event: 301 at 19-Jun-2020 12:20:34 CDT
Begin processing the 401st record. run: 1567190852 subRun: 1 event: 401 at 19-Jun-2020 12:20:37 CDT
Begin processing the 501st record. run: 1567190852 subRun: 1 event: 501 at 19-Jun-2020 12:20:40 CDT
Begin processing the 601st record. run: 1567190852 subRun: 1 event: 601 at 19-Jun-2020 12:20:44 CDT
Begin processing the 701st record. run: 1567190852 subRun: 1 event: 701 at 19-Jun-2020 12:20:48 CDT
Begin processing the 801st record. run: 1567190852 subRun: 1 event: 801 at 19-Jun-2020 12:20:51 CDT
Begin processing the 901st record. run: 1567190852 subRun: 1 event: 901 at 19-Jun-2020 12:20:55 CDT
Begin processing the 2000th record. run: 1567190852 subRun: 1 event: 2000 at 19-Jun-2020 12:21:18 CDT
Begin processing the 3000th record. run: 1567190852 subRun: 1 event: 3000 at 19-Jun-2020 12:21:43 CDT
Begin processing the 5000th record. run: 1567190852 subRun: 1 event: 5000 at 19-Jun-2020 12:22:31 CDT
19-Jun-2020 12:22:32 CDT  Closed input file "/pnfs/GM2/mc/run1_gasgun_1062/runs_1567190000/1567190852/gm2ringsim_muon_gasgun_truth_22551400_1567190852.1.root"
19-Jun-2020 12:22:32 CDT  Initiating request to open input file "/pnfs/GM2/mc/run1_gasgun_1062/runs_1567190000/1567190852/gm2ringsim_muon_gasgun_truth_22551401_1567190852.1.root"
19-Jun-2020 12:22:32 CDT  Opened input file "/pnfs/GM2/mc/run1_gasgun_1062/runs_1567190000/1567190852/gm2ringsim_muon_gasgun_truth_22551401_1567190852.1.root"
Begin processing the 9000th record. run: 1567190852 subRun: 1 event: 4000 at 19-Jun-2020 12:23:59 CDT
19-Jun-2020 12:24:17 CDT  Closed input file "/pnfs/GM2/mc/run1_gasgun_1062/runs_1567190000/1567190852/gm2ringsim_muon_gasgun_truth_22551401_1567190852.1.root"
19-Jun-2020 12:24:17 CDT  Initiating request to open input file "/pnfs/GM2/mc/run1_gasgun_1062/runs_1567190000/1567190852/gm2ringsim_muon_gasgun_truth_22551402_1567190852.1.root"
19-Jun-2020 12:24:17 CDT  Opened input file "/pnfs/GM2/mc/run1_gasgun_1062/runs_1567190000/1567190852/gm2ringsim_muon_gasgun_truth_22551402_1567190852.1.root"
19-Jun-2020 12:25:59 CDT  Closed input file "/pnfs/GM2/mc/run1_gasgun_1062/runs_1567190000/1567190852/gm2ringsim_muon_gasgun_truth_22551402_1567190852.1.root"
19-Jun-2020 12:25:59 CDT  Initiating request to open input file "/pnfs/GM2/mc/run1_gasgun_1062/runs_1567190000/1567190852/gm2ringsim_muon_gasgun_truth_22551403_1567190852.1.root"
19-Jun-2020 12:25:59 CDT  Opened input file "/pnfs/GM2/mc/run1_gasgun_1062/runs_1567190000/1567190852/gm2ringsim_muon_gasgun_truth_22551403_1567190852.1.root"
Begin processing the 17000th record. run: 1567190852 subRun: 1 event: 2000 at 19-Jun-2020 12:26:48 CDT
19-Jun-2020 12:27:37 CDT  Closed input file "/pnfs/GM2/mc/run1_gasgun_1062/runs_1567190000/1567190852/gm2ringsim_muon_gasgun_truth_22551403_1567190852.1.root"
19-Jun-2020 12:27:37 CDT  Initiating request to open input file "/pnfs/GM2/mc/run1_gasgun_1062/runs_1567190000/1567190852/gm2ringsim_muon_gasgun_truth_22551404_1567190852.1.root"
19-Jun-2020 12:27:38 CDT  Opened input file "/pnfs/GM2/mc/run1_gasgun_1062/runs_1567190000/1567190852/gm2ringsim_muon_gasgun_truth_22551404_1567190852.1.root"
19-Jun-2020 12:29:13 CDT  Closed input file "/pnfs/GM2/mc/run1_gasgun_1062/runs_1567190000/1567190852/gm2ringsim_muon_gasgun_truth_22551404_1567190852.1.root"
19-Jun-2020 12:29:13 CDT  Initiating request to open input file "/pnfs/GM2/mc/run1_gasgun_1062/runs_1567190000/1567190852/gm2ringsim_muon_gasgun_truth_22551405_1567190852.1.root"
19-Jun-2020 12:29:13 CDT  Opened input file "/pnfs/GM2/mc/run1_gasgun_1062/runs_1567190000/1567190852/gm2ringsim_muon_gasgun_truth_22551405_1567190852.1.root"
19-Jun-2020 12:30:46 CDT  Closed input file "/pnfs/GM2/mc/run1_gasgun_1062/runs_1567190000/1567190852/gm2ringsim_muon_gasgun_truth_22551405_1567190852.1.root"
19-Jun-2020 12:30:46 CDT  Initiating request to open input file "/pnfs/GM2/mc/run1_gasgun_1062/runs_1567190000/1567190852/gm2ringsim_muon_gasgun_truth_22551406_1567190852.1.root"
19-Jun-2020 12:30:46 CDT  Opened input file "/pnfs/GM2/mc/run1_gasgun_1062/runs_1567190000/1567190852/gm2ringsim_muon_gasgun_truth_22551406_1567190852.1.root"
Begin processing the 33000th record. run: 1567190852 subRun: 1 event: 3000 at 19-Jun-2020 12:31:44 CDT
19-Jun-2020 12:32:22 CDT  Closed input file "/pnfs/GM2/mc/run1_gasgun_1062/runs_1567190000/1567190852/gm2ringsim_muon_gasgun_truth_22551406_1567190852.1.root"
19-Jun-2020 12:32:22 CDT  Initiating request to open input file "/pnfs/GM2/mc/run1_gasgun_1062/runs_1567190000/1567190852/gm2ringsim_muon_gasgun_truth_22551407_1567190852.1.root"
19-Jun-2020 12:32:22 CDT  Opened input file "/pnfs/GM2/mc/run1_gasgun_1062/runs_1567190000/1567190852/gm2ringsim_muon_gasgun_truth_22551407_1567190852.1.root"
19-Jun-2020 12:33:59 CDT  Closed input file "/pnfs/GM2/mc/run1_gasgun_1062/runs_1567190000/1567190852/gm2ringsim_muon_gasgun_truth_22551407_1567190852.1.root"
19-Jun-2020 12:33:59 CDT  Initiating request to open input file "/pnfs/GM2/mc/run1_gasgun_1062/runs_1567190000/1567190852/gm2ringsim_muon_gasgun_truth_22551408_1567190852.1.root"
19-Jun-2020 12:33:59 CDT  Opened input file "/pnfs/GM2/mc/run1_gasgun_1062/runs_1567190000/1567190852/gm2ringsim_muon_gasgun_truth_22551408_1567190852.1.root"
19-Jun-2020 12:35:32 CDT  Closed input file "/pnfs/GM2/mc/run1_gasgun_1062/runs_1567190000/1567190852/gm2ringsim_muon_gasgun_truth_22551408_1567190852.1.root"
19-Jun-2020 12:35:32 CDT  Initiating request to open input file "/pnfs/GM2/mc/run1_gasgun_1062/runs_1567190000/1567190852/gm2ringsim_muon_gasgun_truth_22551409_1567190852.1.root"
19-Jun-2020 12:35:32 CDT  Opened input file "/pnfs/GM2/mc/run1_gasgun_1062/runs_1567190000/1567190852/gm2ringsim_muon_gasgun_truth_22551409_1567190852.1.root"
19-Jun-2020 12:37:13 CDT  Closed input file "/pnfs/GM2/mc/run1_gasgun_1062/runs_1567190000/1567190852/gm2ringsim_muon_gasgun_truth_22551409_1567190852.1.root"
19-Jun-2020 12:37:13 CDT  Initiating request to open input file "/pnfs/GM2/mc/run1_gasgun_1062/runs_1567190000/1567190852/gm2ringsim_muon_gasgun_truth_22551410_1567190852.1.root"
19-Jun-2020 12:37:13 CDT  Opened input file "/pnfs/GM2/mc/run1_gasgun_1062/runs_1567190000/1567190852/gm2ringsim_muon_gasgun_truth_22551410_1567190852.1.root"
19-Jun-2020 12:38:44 CDT  Closed input file "/pnfs/GM2/mc/run1_gasgun_1062/runs_1567190000/1567190852/gm2ringsim_muon_gasgun_truth_22551410_1567190852.1.root"
19-Jun-2020 12:38:44 CDT  Initiating request to open input file "/pnfs/GM2/mc/run1_gasgun_1062/runs_1567190000/1567190852/gm2ringsim_muon_gasgun_truth_22551411_1567190852.1.root"
19-Jun-2020 12:38:45 CDT  Opened input file "/pnfs/GM2/mc/run1_gasgun_1062/runs_1567190000/1567190852/gm2ringsim_muon_gasgun_truth_22551411_1567190852.1.root"
19-Jun-2020 12:40:22 CDT  Closed input file "/pnfs/GM2/mc/run1_gasgun_1062/runs_1567190000/1567190852/gm2ringsim_muon_gasgun_truth_22551411_1567190852.1.root"
19-Jun-2020 12:40:22 CDT  Initiating request to open input file "/pnfs/GM2/mc/run1_gasgun_1062/runs_1567190000/1567190852/gm2ringsim_muon_gasgun_truth_22551412_1567190852.1.root"
19-Jun-2020 12:40:22 CDT  Opened input file "/pnfs/GM2/mc/run1_gasgun_1062/runs_1567190000/1567190852/gm2ringsim_muon_gasgun_truth_22551412_1567190852.1.root"
Begin processing the 65000th record. run: 1567190852 subRun: 1 event: 5000 at 19-Jun-2020 12:41:57 CDT
19-Jun-2020 12:41:57 CDT  Closed input file "/pnfs/GM2/mc/run1_gasgun_1062/runs_1567190000/1567190852/gm2ringsim_muon_gasgun_truth_22551412_1567190852.1.root"
19-Jun-2020 12:41:57 CDT  Initiating request to open input file "/pnfs/GM2/mc/run1_gasgun_1062/runs_1567190000/1567190852/gm2ringsim_muon_gasgun_truth_22551413_1567190852.1.root"
19-Jun-2020 12:41:57 CDT  Opened input file "/pnfs/GM2/mc/run1_gasgun_1062/runs_1567190000/1567190852/gm2ringsim_muon_gasgun_truth_22551413_1567190852.1.root"
19-Jun-2020 12:43:29 CDT  Closed input file "/pnfs/GM2/mc/run1_gasgun_1062/runs_1567190000/1567190852/gm2ringsim_muon_gasgun_truth_22551413_1567190852.1.root"
19-Jun-2020 12:43:29 CDT  Initiating request to open input file "/pnfs/GM2/mc/run1_gasgun_1062/runs_1567190000/1567190852/gm2ringsim_muon_gasgun_truth_22551414_1567190852.1.root"
19-Jun-2020 12:43:29 CDT  Opened input file "/pnfs/GM2/mc/run1_gasgun_1062/runs_1567190000/1567190852/gm2ringsim_muon_gasgun_truth_22551414_1567190852.1.root"
19-Jun-2020 12:44:55 CDT  Closed input file "/pnfs/GM2/mc/run1_gasgun_1062/runs_1567190000/1567190852/gm2ringsim_muon_gasgun_truth_22551414_1567190852.1.root"
19-Jun-2020 12:44:55 CDT  Initiating request to open input file "/pnfs/GM2/mc/run1_gasgun_1062/runs_1567190000/1567190852/gm2ringsim_muon_gasgun_truth_22551415_1567190852.1.root"
19-Jun-2020 12:44:56 CDT  Opened input file "/pnfs/GM2/mc/run1_gasgun_1062/runs_1567190000/1567190852/gm2ringsim_muon_gasgun_truth_22551415_1567190852.1.root"
19-Jun-2020 12:46:35 CDT  Closed input file "/pnfs/GM2/mc/run1_gasgun_1062/runs_1567190000/1567190852/gm2ringsim_muon_gasgun_truth_22551415_1567190852.1.root"
19-Jun-2020 12:46:35 CDT  Initiating request to open input file "/pnfs/GM2/mc/run1_gasgun_1062/runs_1567190000/1567190852/gm2ringsim_muon_gasgun_truth_22551416_1567190852.1.root"
19-Jun-2020 12:46:36 CDT  Opened input file "/pnfs/GM2/mc/run1_gasgun_1062/runs_1567190000/1567190852/gm2ringsim_muon_gasgun_truth_22551416_1567190852.1.root"
19-Jun-2020 12:48:32 CDT  Closed input file "/pnfs/GM2/mc/run1_gasgun_1062/runs_1567190000/1567190852/gm2ringsim_muon_gasgun_truth_22551416_1567190852.1.root"
19-Jun-2020 12:48:32 CDT  Initiating request to open input file "/pnfs/GM2/mc/run1_gasgun_1062/runs_1567190000/1567190852/gm2ringsim_muon_gasgun_truth_22551417_1567190852.1.root"
19-Jun-2020 12:48:32 CDT  Opened input file "/pnfs/GM2/mc/run1_gasgun_1062/runs_1567190000/1567190852/gm2ringsim_muon_gasgun_truth_22551417_1567190852.1.root"
19-Jun-2020 12:50:06 CDT  Closed input file "/pnfs/GM2/mc/run1_gasgun_1062/runs_1567190000/1567190852/gm2ringsim_muon_gasgun_truth_22551417_1567190852.1.root"
19-Jun-2020 12:50:06 CDT  Initiating request to open input file "/pnfs/GM2/mc/run1_gasgun_1062/runs_1567190000/1567190852/gm2ringsim_muon_gasgun_truth_22551418_1567190852.1.root"
19-Jun-2020 12:50:06 CDT  Opened input file "/pnfs/GM2/mc/run1_gasgun_1062/runs_1567190000/1567190852/gm2ringsim_muon_gasgun_truth_22551418_1567190852.1.root"
19-Jun-2020 12:51:57 CDT  Closed input file "/pnfs/GM2/mc/run1_gasgun_1062/runs_1567190000/1567190852/gm2ringsim_muon_gasgun_truth_22551418_1567190852.1.root"
19-Jun-2020 12:51:57 CDT  Initiating request to open input file "/pnfs/GM2/mc/run1_gasgun_1062/runs_1567190000/1567190852/gm2ringsim_muon_gasgun_truth_22551419_1567190852.1.root"
19-Jun-2020 12:51:57 CDT  Opened input file "/pnfs/GM2/mc/run1_gasgun_1062/runs_1567190000/1567190852/gm2ringsim_muon_gasgun_truth_22551419_1567190852.1.root"
19-Jun-2020 12:53:35 CDT  Closed input file "/pnfs/GM2/mc/run1_gasgun_1062/runs_1567190000/1567190852/gm2ringsim_muon_gasgun_truth_22551419_1567190852.1.root"
%MSG-i summary:  ImposeDeadTime:deadTime@EndJob 19-Jun-2020 12:53:35 CDT  ModuleEndJob

--------- Tracker Impose Dead Time Report ---------
  Total num digits killed = 0 (of 83818, 0%)
  Total num digits kept = 83818 (of 83818, 100%)
------------------------------------------------

%MSG
%MSG-i summary:  KillStraws:killStraws@EndJob 19-Jun-2020 12:53:35 CDT  ModuleEndJob

--------- Tracker Kill Straws Report ---------
  Num straws to kill = 0
  Total num digits killed = 0 (of 83818, 0%)
  Total num digits kept = 83818 (of 83818, 100%)
----------------------------------------------

%MSG
%MSG-i summary:  RemoveFlash:removeFlash@EndJob 19-Jun-2020 12:53:35 CDT  ModuleEndJob

--------- Tracker Remove Flash Report ---------
  Total num digits removed = 0 (of 83818, 0%)
  Total num digits kept = 83818 (of 83818, 100%)
----------------------------------------------

%MSG

TrigReport ---------- Event  Summary ------------
TrigReport Events total = 100000 passed = 100000 failed = 0

TrigReport ------ Modules in End-Path: end_path ------------
TrigReport  Trig Bit#        Run    Success      Error Name
TrigReport     0    0     100000     100000          0 zero
TrigReport     0    0     100000     100000          0 one
TrigReport     0    0     100000     100000          0 two
TrigReport     0    0     100000     100000          0 three
TrigReport     0    0     100000     100000          0 four
TrigReport     0    0     100000     100000          0 five
TrigReport     0    0     100000     100000          0 six
TrigReport     0    0     100000     100000          0 seven
TrigReport     0    0     100000     100000          0 eight
TrigReport     0    0     100000     100000          0 nine
TrigReport     0    0     100000     100000          0 ten
TrigReport     0    0     100000     100000          0 eleven
TrigReport     0    0     100000     100000          0 twelve
TrigReport     0    0     100000     100000          0 thirteen
TrigReport     0    0     100000     100000          0 fourteen
TrigReport     0    0     100000     100000          0 fifteen
TrigReport     0    0     100000     100000          0 sixteen
TrigReport     0    0     100000     100000          0 seventeen
TrigReport     0    0     100000     100000          0 eighteen
TrigReport     0    0     100000     100000          0 nineteen
TrigReport     0    0     100000     100000          0 twenty

TimeReport ---------- Time  Summary ---[sec]----
TimeReport CPU = 1988.881645 Real = 2062.786897

MemReport  ---------- Memory  Summary ---[base-10 MB]----
MemReport  VmPeak = 2362.27 VmHWM = 1149.63

