21-Jun-2020 00:32:25 CDT  Initiating request to open input file "/pnfs/GM2/mc/run1_gasgun_1062/runs_1567190000/1567190852/gm2ringsim_muon_gasgun_truth_22551660_1567190852.1.root"
21-Jun-2020 00:32:25 CDT  Opened input file "/pnfs/GM2/mc/run1_gasgun_1062/runs_1567190000/1567190852/gm2ringsim_muon_gasgun_truth_22551660_1567190852.1.root"
Begin processing the 1st record. run: 1567190852 subRun: 1 event: 1 at 21-Jun-2020 00:34:08 CDT
Begin processing the 101st record. run: 1567190852 subRun: 1 event: 101 at 21-Jun-2020 00:34:12 CDT
Begin processing the 201st record. run: 1567190852 subRun: 1 event: 201 at 21-Jun-2020 00:34:15 CDT
Begin processing the 301st record. run: 1567190852 subRun: 1 event: 301 at 21-Jun-2020 00:34:17 CDT
Begin processing the 401st record. run: 1567190852 subRun: 1 event: 401 at 21-Jun-2020 00:34:20 CDT
Begin processing the 501st record. run: 1567190852 subRun: 1 event: 501 at 21-Jun-2020 00:34:22 CDT
Begin processing the 601st record. run: 1567190852 subRun: 1 event: 601 at 21-Jun-2020 00:34:24 CDT
Begin processing the 701st record. run: 1567190852 subRun: 1 event: 701 at 21-Jun-2020 00:34:28 CDT
Begin processing the 801st record. run: 1567190852 subRun: 1 event: 801 at 21-Jun-2020 00:34:31 CDT
Begin processing the 901st record. run: 1567190852 subRun: 1 event: 901 at 21-Jun-2020 00:34:32 CDT
Begin processing the 2000th record. run: 1567190852 subRun: 1 event: 2000 at 21-Jun-2020 00:35:00 CDT
Begin processing the 3000th record. run: 1567190852 subRun: 1 event: 3000 at 21-Jun-2020 00:35:23 CDT
Begin processing the 5000th record. run: 1567190852 subRun: 1 event: 5000 at 21-Jun-2020 00:36:04 CDT
21-Jun-2020 00:36:04 CDT  Closed input file "/pnfs/GM2/mc/run1_gasgun_1062/runs_1567190000/1567190852/gm2ringsim_muon_gasgun_truth_22551660_1567190852.1.root"
21-Jun-2020 00:36:04 CDT  Initiating request to open input file "/pnfs/GM2/mc/run1_gasgun_1062/runs_1567190000/1567190852/gm2ringsim_muon_gasgun_truth_22551661_1567190852.1.root"
21-Jun-2020 00:36:04 CDT  Opened input file "/pnfs/GM2/mc/run1_gasgun_1062/runs_1567190000/1567190852/gm2ringsim_muon_gasgun_truth_22551661_1567190852.1.root"
Begin processing the 9000th record. run: 1567190852 subRun: 1 event: 4000 at 21-Jun-2020 00:37:11 CDT
21-Jun-2020 00:37:26 CDT  Closed input file "/pnfs/GM2/mc/run1_gasgun_1062/runs_1567190000/1567190852/gm2ringsim_muon_gasgun_truth_22551661_1567190852.1.root"
21-Jun-2020 00:37:26 CDT  Initiating request to open input file "/pnfs/GM2/mc/run1_gasgun_1062/runs_1567190000/1567190852/gm2ringsim_muon_gasgun_truth_22551662_1567190852.1.root"
21-Jun-2020 00:37:26 CDT  Opened input file "/pnfs/GM2/mc/run1_gasgun_1062/runs_1567190000/1567190852/gm2ringsim_muon_gasgun_truth_22551662_1567190852.1.root"
21-Jun-2020 00:38:50 CDT  Closed input file "/pnfs/GM2/mc/run1_gasgun_1062/runs_1567190000/1567190852/gm2ringsim_muon_gasgun_truth_22551662_1567190852.1.root"
21-Jun-2020 00:38:50 CDT  Initiating request to open input file "/pnfs/GM2/mc/run1_gasgun_1062/runs_1567190000/1567190852/gm2ringsim_muon_gasgun_truth_22551663_1567190852.1.root"
21-Jun-2020 00:38:50 CDT  Opened input file "/pnfs/GM2/mc/run1_gasgun_1062/runs_1567190000/1567190852/gm2ringsim_muon_gasgun_truth_22551663_1567190852.1.root"
Begin processing the 17000th record. run: 1567190852 subRun: 1 event: 2000 at 21-Jun-2020 00:39:31 CDT
21-Jun-2020 00:40:28 CDT  Closed input file "/pnfs/GM2/mc/run1_gasgun_1062/runs_1567190000/1567190852/gm2ringsim_muon_gasgun_truth_22551663_1567190852.1.root"
21-Jun-2020 00:40:28 CDT  Initiating request to open input file "/pnfs/GM2/mc/run1_gasgun_1062/runs_1567190000/1567190852/gm2ringsim_muon_gasgun_truth_22551664_1567190852.1.root"
21-Jun-2020 00:40:28 CDT  Opened input file "/pnfs/GM2/mc/run1_gasgun_1062/runs_1567190000/1567190852/gm2ringsim_muon_gasgun_truth_22551664_1567190852.1.root"
21-Jun-2020 00:41:54 CDT  Closed input file "/pnfs/GM2/mc/run1_gasgun_1062/runs_1567190000/1567190852/gm2ringsim_muon_gasgun_truth_22551664_1567190852.1.root"
21-Jun-2020 00:41:54 CDT  Initiating request to open input file "/pnfs/GM2/mc/run1_gasgun_1062/runs_1567190000/1567190852/gm2ringsim_muon_gasgun_truth_22551665_1567190852.1.root"
21-Jun-2020 00:41:54 CDT  Opened input file "/pnfs/GM2/mc/run1_gasgun_1062/runs_1567190000/1567190852/gm2ringsim_muon_gasgun_truth_22551665_1567190852.1.root"
21-Jun-2020 00:43:18 CDT  Closed input file "/pnfs/GM2/mc/run1_gasgun_1062/runs_1567190000/1567190852/gm2ringsim_muon_gasgun_truth_22551665_1567190852.1.root"
21-Jun-2020 00:43:18 CDT  Initiating request to open input file "/pnfs/GM2/mc/run1_gasgun_1062/runs_1567190000/1567190852/gm2ringsim_muon_gasgun_truth_22551666_1567190852.1.root"
21-Jun-2020 00:43:18 CDT  Opened input file "/pnfs/GM2/mc/run1_gasgun_1062/runs_1567190000/1567190852/gm2ringsim_muon_gasgun_truth_22551666_1567190852.1.root"
Begin processing the 33000th record. run: 1567190852 subRun: 1 event: 3000 at 21-Jun-2020 00:44:11 CDT
21-Jun-2020 00:44:44 CDT  Closed input file "/pnfs/GM2/mc/run1_gasgun_1062/runs_1567190000/1567190852/gm2ringsim_muon_gasgun_truth_22551666_1567190852.1.root"
21-Jun-2020 00:44:44 CDT  Initiating request to open input file "/pnfs/GM2/mc/run1_gasgun_1062/runs_1567190000/1567190852/gm2ringsim_muon_gasgun_truth_22551667_1567190852.1.root"
21-Jun-2020 00:44:44 CDT  Opened input file "/pnfs/GM2/mc/run1_gasgun_1062/runs_1567190000/1567190852/gm2ringsim_muon_gasgun_truth_22551667_1567190852.1.root"
21-Jun-2020 00:46:20 CDT  Closed input file "/pnfs/GM2/mc/run1_gasgun_1062/runs_1567190000/1567190852/gm2ringsim_muon_gasgun_truth_22551667_1567190852.1.root"
21-Jun-2020 00:46:20 CDT  Initiating request to open input file "/pnfs/GM2/mc/run1_gasgun_1062/runs_1567190000/1567190852/gm2ringsim_muon_gasgun_truth_22551668_1567190852.1.root"
21-Jun-2020 00:46:21 CDT  Opened input file "/pnfs/GM2/mc/run1_gasgun_1062/runs_1567190000/1567190852/gm2ringsim_muon_gasgun_truth_22551668_1567190852.1.root"
21-Jun-2020 00:48:01 CDT  Closed input file "/pnfs/GM2/mc/run1_gasgun_1062/runs_1567190000/1567190852/gm2ringsim_muon_gasgun_truth_22551668_1567190852.1.root"
21-Jun-2020 00:48:01 CDT  Initiating request to open input file "/pnfs/GM2/mc/run1_gasgun_1062/runs_1567190000/1567190852/gm2ringsim_muon_gasgun_truth_22551669_1567190852.1.root"
21-Jun-2020 00:48:01 CDT  Opened input file "/pnfs/GM2/mc/run1_gasgun_1062/runs_1567190000/1567190852/gm2ringsim_muon_gasgun_truth_22551669_1567190852.1.root"
21-Jun-2020 00:49:21 CDT  Closed input file "/pnfs/GM2/mc/run1_gasgun_1062/runs_1567190000/1567190852/gm2ringsim_muon_gasgun_truth_22551669_1567190852.1.root"
21-Jun-2020 00:49:21 CDT  Initiating request to open input file "/pnfs/GM2/mc/run1_gasgun_1062/runs_1567190000/1567190852/gm2ringsim_muon_gasgun_truth_22551670_1567190852.1.root"
21-Jun-2020 00:49:21 CDT  Opened input file "/pnfs/GM2/mc/run1_gasgun_1062/runs_1567190000/1567190852/gm2ringsim_muon_gasgun_truth_22551670_1567190852.1.root"
21-Jun-2020 00:50:42 CDT  Closed input file "/pnfs/GM2/mc/run1_gasgun_1062/runs_1567190000/1567190852/gm2ringsim_muon_gasgun_truth_22551670_1567190852.1.root"
21-Jun-2020 00:50:42 CDT  Initiating request to open input file "/pnfs/GM2/mc/run1_gasgun_1062/runs_1567190000/1567190852/gm2ringsim_muon_gasgun_truth_22551671_1567190852.1.root"
21-Jun-2020 00:50:42 CDT  Opened input file "/pnfs/GM2/mc/run1_gasgun_1062/runs_1567190000/1567190852/gm2ringsim_muon_gasgun_truth_22551671_1567190852.1.root"
21-Jun-2020 00:52:11 CDT  Closed input file "/pnfs/GM2/mc/run1_gasgun_1062/runs_1567190000/1567190852/gm2ringsim_muon_gasgun_truth_22551671_1567190852.1.root"
21-Jun-2020 00:52:11 CDT  Initiating request to open input file "/pnfs/GM2/mc/run1_gasgun_1062/runs_1567190000/1567190852/gm2ringsim_muon_gasgun_truth_22551672_1567190852.1.root"
21-Jun-2020 00:52:11 CDT  Opened input file "/pnfs/GM2/mc/run1_gasgun_1062/runs_1567190000/1567190852/gm2ringsim_muon_gasgun_truth_22551672_1567190852.1.root"
Begin processing the 65000th record. run: 1567190852 subRun: 1 event: 5000 at 21-Jun-2020 00:53:51 CDT
21-Jun-2020 00:53:51 CDT  Closed input file "/pnfs/GM2/mc/run1_gasgun_1062/runs_1567190000/1567190852/gm2ringsim_muon_gasgun_truth_22551672_1567190852.1.root"
21-Jun-2020 00:53:51 CDT  Initiating request to open input file "/pnfs/GM2/mc/run1_gasgun_1062/runs_1567190000/1567190852/gm2ringsim_muon_gasgun_truth_22551673_1567190852.1.root"
21-Jun-2020 00:53:51 CDT  Opened input file "/pnfs/GM2/mc/run1_gasgun_1062/runs_1567190000/1567190852/gm2ringsim_muon_gasgun_truth_22551673_1567190852.1.root"
21-Jun-2020 00:55:24 CDT  Closed input file "/pnfs/GM2/mc/run1_gasgun_1062/runs_1567190000/1567190852/gm2ringsim_muon_gasgun_truth_22551673_1567190852.1.root"
21-Jun-2020 00:55:24 CDT  Initiating request to open input file "/pnfs/GM2/mc/run1_gasgun_1062/runs_1567190000/1567190852/gm2ringsim_muon_gasgun_truth_22551674_1567190852.1.root"
21-Jun-2020 00:55:24 CDT  Opened input file "/pnfs/GM2/mc/run1_gasgun_1062/runs_1567190000/1567190852/gm2ringsim_muon_gasgun_truth_22551674_1567190852.1.root"
21-Jun-2020 00:57:03 CDT  Closed input file "/pnfs/GM2/mc/run1_gasgun_1062/runs_1567190000/1567190852/gm2ringsim_muon_gasgun_truth_22551674_1567190852.1.root"
21-Jun-2020 00:57:03 CDT  Initiating request to open input file "/pnfs/GM2/mc/run1_gasgun_1062/runs_1567190000/1567190852/gm2ringsim_muon_gasgun_truth_22551675_1567190852.1.root"
21-Jun-2020 00:57:03 CDT  Opened input file "/pnfs/GM2/mc/run1_gasgun_1062/runs_1567190000/1567190852/gm2ringsim_muon_gasgun_truth_22551675_1567190852.1.root"
21-Jun-2020 00:58:21 CDT  Closed input file "/pnfs/GM2/mc/run1_gasgun_1062/runs_1567190000/1567190852/gm2ringsim_muon_gasgun_truth_22551675_1567190852.1.root"
21-Jun-2020 00:58:21 CDT  Initiating request to open input file "/pnfs/GM2/mc/run1_gasgun_1062/runs_1567190000/1567190852/gm2ringsim_muon_gasgun_truth_22551676_1567190852.1.root"
21-Jun-2020 00:58:21 CDT  Opened input file "/pnfs/GM2/mc/run1_gasgun_1062/runs_1567190000/1567190852/gm2ringsim_muon_gasgun_truth_22551676_1567190852.1.root"
21-Jun-2020 00:59:46 CDT  Closed input file "/pnfs/GM2/mc/run1_gasgun_1062/runs_1567190000/1567190852/gm2ringsim_muon_gasgun_truth_22551676_1567190852.1.root"
21-Jun-2020 00:59:46 CDT  Initiating request to open input file "/pnfs/GM2/mc/run1_gasgun_1062/runs_1567190000/1567190852/gm2ringsim_muon_gasgun_truth_22551677_1567190852.1.root"
21-Jun-2020 00:59:46 CDT  Opened input file "/pnfs/GM2/mc/run1_gasgun_1062/runs_1567190000/1567190852/gm2ringsim_muon_gasgun_truth_22551677_1567190852.1.root"
21-Jun-2020 01:01:17 CDT  Closed input file "/pnfs/GM2/mc/run1_gasgun_1062/runs_1567190000/1567190852/gm2ringsim_muon_gasgun_truth_22551677_1567190852.1.root"
21-Jun-2020 01:01:17 CDT  Initiating request to open input file "/pnfs/GM2/mc/run1_gasgun_1062/runs_1567190000/1567190852/gm2ringsim_muon_gasgun_truth_22551678_1567190852.1.root"
21-Jun-2020 01:01:17 CDT  Opened input file "/pnfs/GM2/mc/run1_gasgun_1062/runs_1567190000/1567190852/gm2ringsim_muon_gasgun_truth_22551678_1567190852.1.root"
21-Jun-2020 01:03:01 CDT  Closed input file "/pnfs/GM2/mc/run1_gasgun_1062/runs_1567190000/1567190852/gm2ringsim_muon_gasgun_truth_22551678_1567190852.1.root"
21-Jun-2020 01:03:01 CDT  Initiating request to open input file "/pnfs/GM2/mc/run1_gasgun_1062/runs_1567190000/1567190852/gm2ringsim_muon_gasgun_truth_22551679_1567190852.1.root"
21-Jun-2020 01:03:01 CDT  Opened input file "/pnfs/GM2/mc/run1_gasgun_1062/runs_1567190000/1567190852/gm2ringsim_muon_gasgun_truth_22551679_1567190852.1.root"
21-Jun-2020 01:04:22 CDT  Closed input file "/pnfs/GM2/mc/run1_gasgun_1062/runs_1567190000/1567190852/gm2ringsim_muon_gasgun_truth_22551679_1567190852.1.root"
%MSG-i summary:  ImposeDeadTime:deadTime@EndJob 21-Jun-2020 01:04:22 CDT  ModuleEndJob

--------- Tracker Impose Dead Time Report ---------
  Total num digits killed = 0 (of 83427, 0%)
  Total num digits kept = 83427 (of 83427, 100%)
------------------------------------------------

%MSG
%MSG-i summary:  KillStraws:killStraws@EndJob 21-Jun-2020 01:04:22 CDT  ModuleEndJob

--------- Tracker Kill Straws Report ---------
  Num straws to kill = 0
  Total num digits killed = 0 (of 83427, 0%)
  Total num digits kept = 83427 (of 83427, 100%)
----------------------------------------------

%MSG
%MSG-i summary:  RemoveFlash:removeFlash@EndJob 21-Jun-2020 01:04:22 CDT  ModuleEndJob

--------- Tracker Remove Flash Report ---------
  Total num digits removed = 0 (of 83427, 0%)
  Total num digits kept = 83427 (of 83427, 100%)
----------------------------------------------

%MSG

TrigReport ---------- Event  Summary ------------
TrigReport Events total = 100000 passed = 100000 failed = 0

TrigReport ------ Modules in End-Path: end_path ------------
TrigReport  Trig Bit#        Run    Success      Error Name
TrigReport     0    0     100000     100000          0 zero
TrigReport     0    0     100000     100000          0 one
TrigReport     0    0     100000     100000          0 two
TrigReport     0    0     100000     100000          0 three
TrigReport     0    0     100000     100000          0 four
TrigReport     0    0     100000     100000          0 five
TrigReport     0    0     100000     100000          0 six
TrigReport     0    0     100000     100000          0 seven
TrigReport     0    0     100000     100000          0 eight
TrigReport     0    0     100000     100000          0 nine
TrigReport     0    0     100000     100000          0 ten
TrigReport     0    0     100000     100000          0 eleven
TrigReport     0    0     100000     100000          0 twelve
TrigReport     0    0     100000     100000          0 thirteen
TrigReport     0    0     100000     100000          0 fourteen
TrigReport     0    0     100000     100000          0 fifteen
TrigReport     0    0     100000     100000          0 sixteen
TrigReport     0    0     100000     100000          0 seventeen
TrigReport     0    0     100000     100000          0 eighteen
TrigReport     0    0     100000     100000          0 nineteen
TrigReport     0    0     100000     100000          0 twenty

TimeReport ---------- Time  Summary ---[sec]----
TimeReport CPU = 1880.224163 Real = 1882.735160

MemReport  ---------- Memory  Summary ---[base-10 MB]----
MemReport  VmPeak = 2364.26 VmHWM = 1213.74

