29-Jun-2020 18:00:05 CDT  Initiating request to open input file "/pnfs/GM2/daq/run1/offline/gm2_5037A/runs_15000/15921/gm2offline_full_17632340_15921.00313.root"
29-Jun-2020 18:00:06 CDT  Opened input file "/pnfs/GM2/daq/run1/offline/gm2_5037A/runs_15000/15921/gm2offline_full_17632340_15921.00313.root"
Begin processing the 1st record. run: 15921 subRun: 313 event: 1 at 29-Jun-2020 18:01:45 CDT
29-Jun-2020 18:01:45 CDT  Opened output file with pattern "gm2tracker_reco.root"
29-Jun-2020 19:17:01 CDT  Closed output file "gm2tracker_reco.root"
29-Jun-2020 19:17:01 CDT  Closed input file "/pnfs/GM2/daq/run1/offline/gm2_5037A/runs_15000/15921/gm2offline_full_17632340_15921.00313.root"
%MSG-i summary:  ImposeDeadTime:deadTime@EndJob 29-Jun-2020 19:17:01 CDT  ModuleEndJob

--------- Tracker Impose Dead Time Report ---------
  Total num digits killed = 41899 (of 376645, 11.1243%)
  Total num digits kept = 334746 (of 376645, 88.8757%)
------------------------------------------------

%MSG
%MSG-i summary:  KillStraws:killStraws@EndJob 29-Jun-2020 19:17:01 CDT  ModuleEndJob

--------- Tracker Kill Straws Report ---------
  Num straws to kill = 0
  Total num digits killed = 0 (of 376645, 0%)
  Total num digits kept = 376645 (of 376645, 100%)
----------------------------------------------

%MSG
%MSG-i summary:  RemoveFlash:removeFlash@EndJob 29-Jun-2020 19:17:01 CDT  ModuleEndJob

--------- Tracker Remove Flash Report ---------
  Total num digits removed = 0 (of 376645, 0%)
  Total num digits kept = 376645 (of 376645, 100%)
----------------------------------------------

%MSG

TrigReport ---------- Event  Summary ------------
TrigReport Events total = 100 passed = 47 failed = 53

TrigReport ------ Modules in End-Path: end_path ------------
TrigReport  Trig Bit#        Run    Success      Error Name
TrigReport     0    0         47         47          0 out
TrigReport     0    0         47         47          0 trackPlotsFlipLR

TimeReport ---------- Time  Summary ---[sec]----
TimeReport CPU = 4569.234372 Real = 4576.187671

MemReport  ---------- Memory  Summary ---[base-10 MB]----
MemReport  VmPeak = 2830.75 VmHWM = 1870.04

