20-Jun-2020 17:32:35 CDT  Initiating request to open input file "/pnfs/GM2/mc/run1_gasgun_1062/runs_1567190000/1567190852/gm2ringsim_muon_gasgun_truth_22551580_1567190852.1.root"
20-Jun-2020 17:32:35 CDT  Opened input file "/pnfs/GM2/mc/run1_gasgun_1062/runs_1567190000/1567190852/gm2ringsim_muon_gasgun_truth_22551580_1567190852.1.root"
Begin processing the 1st record. run: 1567190852 subRun: 1 event: 1 at 20-Jun-2020 17:34:18 CDT
Begin processing the 101st record. run: 1567190852 subRun: 1 event: 101 at 20-Jun-2020 17:34:18 CDT
Begin processing the 201st record. run: 1567190852 subRun: 1 event: 201 at 20-Jun-2020 17:34:21 CDT
Begin processing the 301st record. run: 1567190852 subRun: 1 event: 301 at 20-Jun-2020 17:34:22 CDT
Begin processing the 401st record. run: 1567190852 subRun: 1 event: 401 at 20-Jun-2020 17:34:23 CDT
Begin processing the 501st record. run: 1567190852 subRun: 1 event: 501 at 20-Jun-2020 17:34:29 CDT
Begin processing the 601st record. run: 1567190852 subRun: 1 event: 601 at 20-Jun-2020 17:34:33 CDT
Begin processing the 701st record. run: 1567190852 subRun: 1 event: 701 at 20-Jun-2020 17:34:36 CDT
Begin processing the 801st record. run: 1567190852 subRun: 1 event: 801 at 20-Jun-2020 17:34:37 CDT
Begin processing the 901st record. run: 1567190852 subRun: 1 event: 901 at 20-Jun-2020 17:34:42 CDT
Begin processing the 2000th record. run: 1567190852 subRun: 1 event: 2000 at 20-Jun-2020 17:35:09 CDT
Begin processing the 3000th record. run: 1567190852 subRun: 1 event: 3000 at 20-Jun-2020 17:35:32 CDT
Begin processing the 5000th record. run: 1567190852 subRun: 1 event: 5000 at 20-Jun-2020 17:36:13 CDT
20-Jun-2020 17:36:13 CDT  Closed input file "/pnfs/GM2/mc/run1_gasgun_1062/runs_1567190000/1567190852/gm2ringsim_muon_gasgun_truth_22551580_1567190852.1.root"
20-Jun-2020 17:36:13 CDT  Initiating request to open input file "/pnfs/GM2/mc/run1_gasgun_1062/runs_1567190000/1567190852/gm2ringsim_muon_gasgun_truth_22551581_1567190852.1.root"
20-Jun-2020 17:36:13 CDT  Opened input file "/pnfs/GM2/mc/run1_gasgun_1062/runs_1567190000/1567190852/gm2ringsim_muon_gasgun_truth_22551581_1567190852.1.root"
Begin processing the 9000th record. run: 1567190852 subRun: 1 event: 4000 at 20-Jun-2020 17:37:24 CDT
20-Jun-2020 17:37:40 CDT  Closed input file "/pnfs/GM2/mc/run1_gasgun_1062/runs_1567190000/1567190852/gm2ringsim_muon_gasgun_truth_22551581_1567190852.1.root"
20-Jun-2020 17:37:40 CDT  Initiating request to open input file "/pnfs/GM2/mc/run1_gasgun_1062/runs_1567190000/1567190852/gm2ringsim_muon_gasgun_truth_22551582_1567190852.1.root"
20-Jun-2020 17:37:40 CDT  Opened input file "/pnfs/GM2/mc/run1_gasgun_1062/runs_1567190000/1567190852/gm2ringsim_muon_gasgun_truth_22551582_1567190852.1.root"
20-Jun-2020 17:39:16 CDT  Closed input file "/pnfs/GM2/mc/run1_gasgun_1062/runs_1567190000/1567190852/gm2ringsim_muon_gasgun_truth_22551582_1567190852.1.root"
20-Jun-2020 17:39:16 CDT  Initiating request to open input file "/pnfs/GM2/mc/run1_gasgun_1062/runs_1567190000/1567190852/gm2ringsim_muon_gasgun_truth_22551583_1567190852.1.root"
20-Jun-2020 17:39:16 CDT  Opened input file "/pnfs/GM2/mc/run1_gasgun_1062/runs_1567190000/1567190852/gm2ringsim_muon_gasgun_truth_22551583_1567190852.1.root"
Begin processing the 17000th record. run: 1567190852 subRun: 1 event: 2000 at 20-Jun-2020 17:40:00 CDT
20-Jun-2020 17:40:49 CDT  Closed input file "/pnfs/GM2/mc/run1_gasgun_1062/runs_1567190000/1567190852/gm2ringsim_muon_gasgun_truth_22551583_1567190852.1.root"
20-Jun-2020 17:40:49 CDT  Initiating request to open input file "/pnfs/GM2/mc/run1_gasgun_1062/runs_1567190000/1567190852/gm2ringsim_muon_gasgun_truth_22551584_1567190852.1.root"
20-Jun-2020 17:40:49 CDT  Opened input file "/pnfs/GM2/mc/run1_gasgun_1062/runs_1567190000/1567190852/gm2ringsim_muon_gasgun_truth_22551584_1567190852.1.root"
20-Jun-2020 17:42:12 CDT  Closed input file "/pnfs/GM2/mc/run1_gasgun_1062/runs_1567190000/1567190852/gm2ringsim_muon_gasgun_truth_22551584_1567190852.1.root"
20-Jun-2020 17:42:12 CDT  Initiating request to open input file "/pnfs/GM2/mc/run1_gasgun_1062/runs_1567190000/1567190852/gm2ringsim_muon_gasgun_truth_22551585_1567190852.1.root"
20-Jun-2020 17:42:12 CDT  Opened input file "/pnfs/GM2/mc/run1_gasgun_1062/runs_1567190000/1567190852/gm2ringsim_muon_gasgun_truth_22551585_1567190852.1.root"
20-Jun-2020 17:43:41 CDT  Closed input file "/pnfs/GM2/mc/run1_gasgun_1062/runs_1567190000/1567190852/gm2ringsim_muon_gasgun_truth_22551585_1567190852.1.root"
20-Jun-2020 17:43:41 CDT  Initiating request to open input file "/pnfs/GM2/mc/run1_gasgun_1062/runs_1567190000/1567190852/gm2ringsim_muon_gasgun_truth_22551586_1567190852.1.root"
20-Jun-2020 17:43:41 CDT  Opened input file "/pnfs/GM2/mc/run1_gasgun_1062/runs_1567190000/1567190852/gm2ringsim_muon_gasgun_truth_22551586_1567190852.1.root"
Begin processing the 33000th record. run: 1567190852 subRun: 1 event: 3000 at 20-Jun-2020 17:44:35 CDT
20-Jun-2020 17:45:12 CDT  Closed input file "/pnfs/GM2/mc/run1_gasgun_1062/runs_1567190000/1567190852/gm2ringsim_muon_gasgun_truth_22551586_1567190852.1.root"
20-Jun-2020 17:45:12 CDT  Initiating request to open input file "/pnfs/GM2/mc/run1_gasgun_1062/runs_1567190000/1567190852/gm2ringsim_muon_gasgun_truth_22551587_1567190852.1.root"
20-Jun-2020 17:45:12 CDT  Opened input file "/pnfs/GM2/mc/run1_gasgun_1062/runs_1567190000/1567190852/gm2ringsim_muon_gasgun_truth_22551587_1567190852.1.root"
20-Jun-2020 17:46:34 CDT  Closed input file "/pnfs/GM2/mc/run1_gasgun_1062/runs_1567190000/1567190852/gm2ringsim_muon_gasgun_truth_22551587_1567190852.1.root"
20-Jun-2020 17:46:34 CDT  Initiating request to open input file "/pnfs/GM2/mc/run1_gasgun_1062/runs_1567190000/1567190852/gm2ringsim_muon_gasgun_truth_22551588_1567190852.1.root"
20-Jun-2020 17:46:34 CDT  Opened input file "/pnfs/GM2/mc/run1_gasgun_1062/runs_1567190000/1567190852/gm2ringsim_muon_gasgun_truth_22551588_1567190852.1.root"
20-Jun-2020 17:48:04 CDT  Closed input file "/pnfs/GM2/mc/run1_gasgun_1062/runs_1567190000/1567190852/gm2ringsim_muon_gasgun_truth_22551588_1567190852.1.root"
20-Jun-2020 17:48:04 CDT  Initiating request to open input file "/pnfs/GM2/mc/run1_gasgun_1062/runs_1567190000/1567190852/gm2ringsim_muon_gasgun_truth_22551589_1567190852.1.root"
20-Jun-2020 17:48:04 CDT  Opened input file "/pnfs/GM2/mc/run1_gasgun_1062/runs_1567190000/1567190852/gm2ringsim_muon_gasgun_truth_22551589_1567190852.1.root"
20-Jun-2020 17:49:37 CDT  Closed input file "/pnfs/GM2/mc/run1_gasgun_1062/runs_1567190000/1567190852/gm2ringsim_muon_gasgun_truth_22551589_1567190852.1.root"
20-Jun-2020 17:49:37 CDT  Initiating request to open input file "/pnfs/GM2/mc/run1_gasgun_1062/runs_1567190000/1567190852/gm2ringsim_muon_gasgun_truth_22551590_1567190852.1.root"
20-Jun-2020 17:49:37 CDT  Opened input file "/pnfs/GM2/mc/run1_gasgun_1062/runs_1567190000/1567190852/gm2ringsim_muon_gasgun_truth_22551590_1567190852.1.root"
20-Jun-2020 17:51:17 CDT  Closed input file "/pnfs/GM2/mc/run1_gasgun_1062/runs_1567190000/1567190852/gm2ringsim_muon_gasgun_truth_22551590_1567190852.1.root"
20-Jun-2020 17:51:17 CDT  Initiating request to open input file "/pnfs/GM2/mc/run1_gasgun_1062/runs_1567190000/1567190852/gm2ringsim_muon_gasgun_truth_22551591_1567190852.1.root"
20-Jun-2020 17:51:17 CDT  Opened input file "/pnfs/GM2/mc/run1_gasgun_1062/runs_1567190000/1567190852/gm2ringsim_muon_gasgun_truth_22551591_1567190852.1.root"
20-Jun-2020 17:52:55 CDT  Closed input file "/pnfs/GM2/mc/run1_gasgun_1062/runs_1567190000/1567190852/gm2ringsim_muon_gasgun_truth_22551591_1567190852.1.root"
20-Jun-2020 17:52:55 CDT  Initiating request to open input file "/pnfs/GM2/mc/run1_gasgun_1062/runs_1567190000/1567190852/gm2ringsim_muon_gasgun_truth_22551592_1567190852.1.root"
20-Jun-2020 17:52:55 CDT  Opened input file "/pnfs/GM2/mc/run1_gasgun_1062/runs_1567190000/1567190852/gm2ringsim_muon_gasgun_truth_22551592_1567190852.1.root"
Begin processing the 65000th record. run: 1567190852 subRun: 1 event: 5000 at 20-Jun-2020 17:54:28 CDT
20-Jun-2020 17:54:29 CDT  Closed input file "/pnfs/GM2/mc/run1_gasgun_1062/runs_1567190000/1567190852/gm2ringsim_muon_gasgun_truth_22551592_1567190852.1.root"
20-Jun-2020 17:54:29 CDT  Initiating request to open input file "/pnfs/GM2/mc/run1_gasgun_1062/runs_1567190000/1567190852/gm2ringsim_muon_gasgun_truth_22551593_1567190852.1.root"
20-Jun-2020 17:54:29 CDT  Opened input file "/pnfs/GM2/mc/run1_gasgun_1062/runs_1567190000/1567190852/gm2ringsim_muon_gasgun_truth_22551593_1567190852.1.root"
20-Jun-2020 17:55:51 CDT  Closed input file "/pnfs/GM2/mc/run1_gasgun_1062/runs_1567190000/1567190852/gm2ringsim_muon_gasgun_truth_22551593_1567190852.1.root"
20-Jun-2020 17:55:51 CDT  Initiating request to open input file "/pnfs/GM2/mc/run1_gasgun_1062/runs_1567190000/1567190852/gm2ringsim_muon_gasgun_truth_22551594_1567190852.1.root"
20-Jun-2020 17:55:51 CDT  Opened input file "/pnfs/GM2/mc/run1_gasgun_1062/runs_1567190000/1567190852/gm2ringsim_muon_gasgun_truth_22551594_1567190852.1.root"
20-Jun-2020 17:57:29 CDT  Closed input file "/pnfs/GM2/mc/run1_gasgun_1062/runs_1567190000/1567190852/gm2ringsim_muon_gasgun_truth_22551594_1567190852.1.root"
20-Jun-2020 17:57:29 CDT  Initiating request to open input file "/pnfs/GM2/mc/run1_gasgun_1062/runs_1567190000/1567190852/gm2ringsim_muon_gasgun_truth_22551595_1567190852.1.root"
20-Jun-2020 17:57:29 CDT  Opened input file "/pnfs/GM2/mc/run1_gasgun_1062/runs_1567190000/1567190852/gm2ringsim_muon_gasgun_truth_22551595_1567190852.1.root"
20-Jun-2020 17:58:53 CDT  Closed input file "/pnfs/GM2/mc/run1_gasgun_1062/runs_1567190000/1567190852/gm2ringsim_muon_gasgun_truth_22551595_1567190852.1.root"
20-Jun-2020 17:58:53 CDT  Initiating request to open input file "/pnfs/GM2/mc/run1_gasgun_1062/runs_1567190000/1567190852/gm2ringsim_muon_gasgun_truth_22551596_1567190852.1.root"
20-Jun-2020 17:58:53 CDT  Opened input file "/pnfs/GM2/mc/run1_gasgun_1062/runs_1567190000/1567190852/gm2ringsim_muon_gasgun_truth_22551596_1567190852.1.root"
20-Jun-2020 18:00:16 CDT  Closed input file "/pnfs/GM2/mc/run1_gasgun_1062/runs_1567190000/1567190852/gm2ringsim_muon_gasgun_truth_22551596_1567190852.1.root"
20-Jun-2020 18:00:16 CDT  Initiating request to open input file "/pnfs/GM2/mc/run1_gasgun_1062/runs_1567190000/1567190852/gm2ringsim_muon_gasgun_truth_22551597_1567190852.1.root"
20-Jun-2020 18:00:16 CDT  Opened input file "/pnfs/GM2/mc/run1_gasgun_1062/runs_1567190000/1567190852/gm2ringsim_muon_gasgun_truth_22551597_1567190852.1.root"
20-Jun-2020 18:01:48 CDT  Closed input file "/pnfs/GM2/mc/run1_gasgun_1062/runs_1567190000/1567190852/gm2ringsim_muon_gasgun_truth_22551597_1567190852.1.root"
20-Jun-2020 18:01:48 CDT  Initiating request to open input file "/pnfs/GM2/mc/run1_gasgun_1062/runs_1567190000/1567190852/gm2ringsim_muon_gasgun_truth_22551598_1567190852.1.root"
20-Jun-2020 18:01:48 CDT  Opened input file "/pnfs/GM2/mc/run1_gasgun_1062/runs_1567190000/1567190852/gm2ringsim_muon_gasgun_truth_22551598_1567190852.1.root"
20-Jun-2020 18:03:16 CDT  Closed input file "/pnfs/GM2/mc/run1_gasgun_1062/runs_1567190000/1567190852/gm2ringsim_muon_gasgun_truth_22551598_1567190852.1.root"
20-Jun-2020 18:03:16 CDT  Initiating request to open input file "/pnfs/GM2/mc/run1_gasgun_1062/runs_1567190000/1567190852/gm2ringsim_muon_gasgun_truth_22551599_1567190852.1.root"
20-Jun-2020 18:03:16 CDT  Opened input file "/pnfs/GM2/mc/run1_gasgun_1062/runs_1567190000/1567190852/gm2ringsim_muon_gasgun_truth_22551599_1567190852.1.root"
20-Jun-2020 18:04:44 CDT  Closed input file "/pnfs/GM2/mc/run1_gasgun_1062/runs_1567190000/1567190852/gm2ringsim_muon_gasgun_truth_22551599_1567190852.1.root"
%MSG-i summary:  ImposeDeadTime:deadTime@EndJob 20-Jun-2020 18:04:44 CDT  ModuleEndJob

--------- Tracker Impose Dead Time Report ---------
  Total num digits killed = 0 (of 87269, 0%)
  Total num digits kept = 87269 (of 87269, 100%)
------------------------------------------------

%MSG
%MSG-i summary:  KillStraws:killStraws@EndJob 20-Jun-2020 18:04:44 CDT  ModuleEndJob

--------- Tracker Kill Straws Report ---------
  Num straws to kill = 0
  Total num digits killed = 0 (of 87269, 0%)
  Total num digits kept = 87269 (of 87269, 100%)
----------------------------------------------

%MSG
%MSG-i summary:  RemoveFlash:removeFlash@EndJob 20-Jun-2020 18:04:44 CDT  ModuleEndJob

--------- Tracker Remove Flash Report ---------
  Total num digits removed = 0 (of 87269, 0%)
  Total num digits kept = 87269 (of 87269, 100%)
----------------------------------------------

%MSG

TrigReport ---------- Event  Summary ------------
TrigReport Events total = 100000 passed = 100000 failed = 0

TrigReport ------ Modules in End-Path: end_path ------------
TrigReport  Trig Bit#        Run    Success      Error Name
TrigReport     0    0     100000     100000          0 zero
TrigReport     0    0     100000     100000          0 one
TrigReport     0    0     100000     100000          0 two
TrigReport     0    0     100000     100000          0 three
TrigReport     0    0     100000     100000          0 four
TrigReport     0    0     100000     100000          0 five
TrigReport     0    0     100000     100000          0 six
TrigReport     0    0     100000     100000          0 seven
TrigReport     0    0     100000     100000          0 eight
TrigReport     0    0     100000     100000          0 nine
TrigReport     0    0     100000     100000          0 ten
TrigReport     0    0     100000     100000          0 eleven
TrigReport     0    0     100000     100000          0 twelve
TrigReport     0    0     100000     100000          0 thirteen
TrigReport     0    0     100000     100000          0 fourteen
TrigReport     0    0     100000     100000          0 fifteen
TrigReport     0    0     100000     100000          0 sixteen
TrigReport     0    0     100000     100000          0 seventeen
TrigReport     0    0     100000     100000          0 eighteen
TrigReport     0    0     100000     100000          0 nineteen
TrigReport     0    0     100000     100000          0 twenty

TimeReport ---------- Time  Summary ---[sec]----
TimeReport CPU = 1891.916385 Real = 1895.202416

MemReport  ---------- Memory  Summary ---[base-10 MB]----
MemReport  VmPeak = 2363.45 VmHWM = 1222

