17-Jun-2020 21:23:43 CDT  Initiating request to open input file "/pnfs/GM2/mc/run1_gasgun_1062/runs_1567190000/1567190852/gm2ringsim_muon_gasgun_truth_22551380_1567190852.1.root"
17-Jun-2020 21:23:43 CDT  Opened input file "/pnfs/GM2/mc/run1_gasgun_1062/runs_1567190000/1567190852/gm2ringsim_muon_gasgun_truth_22551380_1567190852.1.root"
Begin processing the 1st record. run: 1567190852 subRun: 1 event: 1 at 17-Jun-2020 21:25:49 CDT
Begin processing the 101st record. run: 1567190852 subRun: 1 event: 101 at 17-Jun-2020 21:25:51 CDT
Begin processing the 201st record. run: 1567190852 subRun: 1 event: 201 at 17-Jun-2020 21:25:53 CDT
Begin processing the 301st record. run: 1567190852 subRun: 1 event: 301 at 17-Jun-2020 21:25:54 CDT
Begin processing the 401st record. run: 1567190852 subRun: 1 event: 401 at 17-Jun-2020 21:26:00 CDT
Begin processing the 501st record. run: 1567190852 subRun: 1 event: 501 at 17-Jun-2020 21:26:06 CDT
Begin processing the 601st record. run: 1567190852 subRun: 1 event: 601 at 17-Jun-2020 21:26:08 CDT
Begin processing the 701st record. run: 1567190852 subRun: 1 event: 701 at 17-Jun-2020 21:26:13 CDT
Begin processing the 801st record. run: 1567190852 subRun: 1 event: 801 at 17-Jun-2020 21:26:13 CDT
Begin processing the 901st record. run: 1567190852 subRun: 1 event: 901 at 17-Jun-2020 21:26:16 CDT
Begin processing the 2000th record. run: 1567190852 subRun: 1 event: 2000 at 17-Jun-2020 21:26:53 CDT
Begin processing the 3000th record. run: 1567190852 subRun: 1 event: 3000 at 17-Jun-2020 21:27:19 CDT
Begin processing the 5000th record. run: 1567190852 subRun: 1 event: 5000 at 17-Jun-2020 21:28:29 CDT
17-Jun-2020 21:28:29 CDT  Closed input file "/pnfs/GM2/mc/run1_gasgun_1062/runs_1567190000/1567190852/gm2ringsim_muon_gasgun_truth_22551380_1567190852.1.root"
17-Jun-2020 21:28:29 CDT  Initiating request to open input file "/pnfs/GM2/mc/run1_gasgun_1062/runs_1567190000/1567190852/gm2ringsim_muon_gasgun_truth_22551381_1567190852.1.root"
17-Jun-2020 21:28:29 CDT  Opened input file "/pnfs/GM2/mc/run1_gasgun_1062/runs_1567190000/1567190852/gm2ringsim_muon_gasgun_truth_22551381_1567190852.1.root"
Begin processing the 9000th record. run: 1567190852 subRun: 1 event: 4000 at 17-Jun-2020 21:30:52 CDT
17-Jun-2020 21:31:24 CDT  Closed input file "/pnfs/GM2/mc/run1_gasgun_1062/runs_1567190000/1567190852/gm2ringsim_muon_gasgun_truth_22551381_1567190852.1.root"
17-Jun-2020 21:31:24 CDT  Initiating request to open input file "/pnfs/GM2/mc/run1_gasgun_1062/runs_1567190000/1567190852/gm2ringsim_muon_gasgun_truth_22551382_1567190852.1.root"
17-Jun-2020 21:31:24 CDT  Opened input file "/pnfs/GM2/mc/run1_gasgun_1062/runs_1567190000/1567190852/gm2ringsim_muon_gasgun_truth_22551382_1567190852.1.root"
17-Jun-2020 21:34:39 CDT  Closed input file "/pnfs/GM2/mc/run1_gasgun_1062/runs_1567190000/1567190852/gm2ringsim_muon_gasgun_truth_22551382_1567190852.1.root"
17-Jun-2020 21:34:39 CDT  Initiating request to open input file "/pnfs/GM2/mc/run1_gasgun_1062/runs_1567190000/1567190852/gm2ringsim_muon_gasgun_truth_22551383_1567190852.1.root"
17-Jun-2020 21:34:39 CDT  Opened input file "/pnfs/GM2/mc/run1_gasgun_1062/runs_1567190000/1567190852/gm2ringsim_muon_gasgun_truth_22551383_1567190852.1.root"
Begin processing the 17000th record. run: 1567190852 subRun: 1 event: 2000 at 17-Jun-2020 21:35:59 CDT
17-Jun-2020 21:37:47 CDT  Closed input file "/pnfs/GM2/mc/run1_gasgun_1062/runs_1567190000/1567190852/gm2ringsim_muon_gasgun_truth_22551383_1567190852.1.root"
17-Jun-2020 21:37:47 CDT  Initiating request to open input file "/pnfs/GM2/mc/run1_gasgun_1062/runs_1567190000/1567190852/gm2ringsim_muon_gasgun_truth_22551384_1567190852.1.root"
17-Jun-2020 21:37:47 CDT  Opened input file "/pnfs/GM2/mc/run1_gasgun_1062/runs_1567190000/1567190852/gm2ringsim_muon_gasgun_truth_22551384_1567190852.1.root"
17-Jun-2020 21:41:06 CDT  Closed input file "/pnfs/GM2/mc/run1_gasgun_1062/runs_1567190000/1567190852/gm2ringsim_muon_gasgun_truth_22551384_1567190852.1.root"
17-Jun-2020 21:41:06 CDT  Initiating request to open input file "/pnfs/GM2/mc/run1_gasgun_1062/runs_1567190000/1567190852/gm2ringsim_muon_gasgun_truth_22551385_1567190852.1.root"
17-Jun-2020 21:41:06 CDT  Opened input file "/pnfs/GM2/mc/run1_gasgun_1062/runs_1567190000/1567190852/gm2ringsim_muon_gasgun_truth_22551385_1567190852.1.root"
17-Jun-2020 21:44:33 CDT  Closed input file "/pnfs/GM2/mc/run1_gasgun_1062/runs_1567190000/1567190852/gm2ringsim_muon_gasgun_truth_22551385_1567190852.1.root"
17-Jun-2020 21:44:33 CDT  Initiating request to open input file "/pnfs/GM2/mc/run1_gasgun_1062/runs_1567190000/1567190852/gm2ringsim_muon_gasgun_truth_22551386_1567190852.1.root"
17-Jun-2020 21:44:33 CDT  Opened input file "/pnfs/GM2/mc/run1_gasgun_1062/runs_1567190000/1567190852/gm2ringsim_muon_gasgun_truth_22551386_1567190852.1.root"
Begin processing the 33000th record. run: 1567190852 subRun: 1 event: 3000 at 17-Jun-2020 21:46:44 CDT
17-Jun-2020 21:47:52 CDT  Closed input file "/pnfs/GM2/mc/run1_gasgun_1062/runs_1567190000/1567190852/gm2ringsim_muon_gasgun_truth_22551386_1567190852.1.root"
17-Jun-2020 21:47:52 CDT  Initiating request to open input file "/pnfs/GM2/mc/run1_gasgun_1062/runs_1567190000/1567190852/gm2ringsim_muon_gasgun_truth_22551387_1567190852.1.root"
17-Jun-2020 21:47:52 CDT  Opened input file "/pnfs/GM2/mc/run1_gasgun_1062/runs_1567190000/1567190852/gm2ringsim_muon_gasgun_truth_22551387_1567190852.1.root"
17-Jun-2020 21:50:54 CDT  Closed input file "/pnfs/GM2/mc/run1_gasgun_1062/runs_1567190000/1567190852/gm2ringsim_muon_gasgun_truth_22551387_1567190852.1.root"
17-Jun-2020 21:50:54 CDT  Initiating request to open input file "/pnfs/GM2/mc/run1_gasgun_1062/runs_1567190000/1567190852/gm2ringsim_muon_gasgun_truth_22551388_1567190852.1.root"
17-Jun-2020 21:50:54 CDT  Opened input file "/pnfs/GM2/mc/run1_gasgun_1062/runs_1567190000/1567190852/gm2ringsim_muon_gasgun_truth_22551388_1567190852.1.root"
17-Jun-2020 21:54:06 CDT  Closed input file "/pnfs/GM2/mc/run1_gasgun_1062/runs_1567190000/1567190852/gm2ringsim_muon_gasgun_truth_22551388_1567190852.1.root"
17-Jun-2020 21:54:06 CDT  Initiating request to open input file "/pnfs/GM2/mc/run1_gasgun_1062/runs_1567190000/1567190852/gm2ringsim_muon_gasgun_truth_22551389_1567190852.1.root"
17-Jun-2020 21:54:06 CDT  Opened input file "/pnfs/GM2/mc/run1_gasgun_1062/runs_1567190000/1567190852/gm2ringsim_muon_gasgun_truth_22551389_1567190852.1.root"
17-Jun-2020 21:57:20 CDT  Closed input file "/pnfs/GM2/mc/run1_gasgun_1062/runs_1567190000/1567190852/gm2ringsim_muon_gasgun_truth_22551389_1567190852.1.root"
17-Jun-2020 21:57:20 CDT  Initiating request to open input file "/pnfs/GM2/mc/run1_gasgun_1062/runs_1567190000/1567190852/gm2ringsim_muon_gasgun_truth_22551390_1567190852.1.root"
17-Jun-2020 21:57:20 CDT  Opened input file "/pnfs/GM2/mc/run1_gasgun_1062/runs_1567190000/1567190852/gm2ringsim_muon_gasgun_truth_22551390_1567190852.1.root"
17-Jun-2020 22:00:31 CDT  Closed input file "/pnfs/GM2/mc/run1_gasgun_1062/runs_1567190000/1567190852/gm2ringsim_muon_gasgun_truth_22551390_1567190852.1.root"
17-Jun-2020 22:00:31 CDT  Initiating request to open input file "/pnfs/GM2/mc/run1_gasgun_1062/runs_1567190000/1567190852/gm2ringsim_muon_gasgun_truth_22551391_1567190852.1.root"
17-Jun-2020 22:00:31 CDT  Opened input file "/pnfs/GM2/mc/run1_gasgun_1062/runs_1567190000/1567190852/gm2ringsim_muon_gasgun_truth_22551391_1567190852.1.root"
17-Jun-2020 22:03:51 CDT  Closed input file "/pnfs/GM2/mc/run1_gasgun_1062/runs_1567190000/1567190852/gm2ringsim_muon_gasgun_truth_22551391_1567190852.1.root"
17-Jun-2020 22:03:51 CDT  Initiating request to open input file "/pnfs/GM2/mc/run1_gasgun_1062/runs_1567190000/1567190852/gm2ringsim_muon_gasgun_truth_22551392_1567190852.1.root"
17-Jun-2020 22:03:51 CDT  Opened input file "/pnfs/GM2/mc/run1_gasgun_1062/runs_1567190000/1567190852/gm2ringsim_muon_gasgun_truth_22551392_1567190852.1.root"
Begin processing the 65000th record. run: 1567190852 subRun: 1 event: 5000 at 17-Jun-2020 22:06:41 CDT
17-Jun-2020 22:06:41 CDT  Closed input file "/pnfs/GM2/mc/run1_gasgun_1062/runs_1567190000/1567190852/gm2ringsim_muon_gasgun_truth_22551392_1567190852.1.root"
17-Jun-2020 22:06:41 CDT  Initiating request to open input file "/pnfs/GM2/mc/run1_gasgun_1062/runs_1567190000/1567190852/gm2ringsim_muon_gasgun_truth_22551393_1567190852.1.root"
17-Jun-2020 22:06:41 CDT  Opened input file "/pnfs/GM2/mc/run1_gasgun_1062/runs_1567190000/1567190852/gm2ringsim_muon_gasgun_truth_22551393_1567190852.1.root"
17-Jun-2020 22:09:48 CDT  Closed input file "/pnfs/GM2/mc/run1_gasgun_1062/runs_1567190000/1567190852/gm2ringsim_muon_gasgun_truth_22551393_1567190852.1.root"
17-Jun-2020 22:09:48 CDT  Initiating request to open input file "/pnfs/GM2/mc/run1_gasgun_1062/runs_1567190000/1567190852/gm2ringsim_muon_gasgun_truth_22551394_1567190852.1.root"
17-Jun-2020 22:09:48 CDT  Opened input file "/pnfs/GM2/mc/run1_gasgun_1062/runs_1567190000/1567190852/gm2ringsim_muon_gasgun_truth_22551394_1567190852.1.root"
17-Jun-2020 22:13:06 CDT  Closed input file "/pnfs/GM2/mc/run1_gasgun_1062/runs_1567190000/1567190852/gm2ringsim_muon_gasgun_truth_22551394_1567190852.1.root"
17-Jun-2020 22:13:06 CDT  Initiating request to open input file "/pnfs/GM2/mc/run1_gasgun_1062/runs_1567190000/1567190852/gm2ringsim_muon_gasgun_truth_22551395_1567190852.1.root"
17-Jun-2020 22:13:06 CDT  Opened input file "/pnfs/GM2/mc/run1_gasgun_1062/runs_1567190000/1567190852/gm2ringsim_muon_gasgun_truth_22551395_1567190852.1.root"
17-Jun-2020 22:16:21 CDT  Closed input file "/pnfs/GM2/mc/run1_gasgun_1062/runs_1567190000/1567190852/gm2ringsim_muon_gasgun_truth_22551395_1567190852.1.root"
17-Jun-2020 22:16:21 CDT  Initiating request to open input file "/pnfs/GM2/mc/run1_gasgun_1062/runs_1567190000/1567190852/gm2ringsim_muon_gasgun_truth_22551396_1567190852.1.root"
17-Jun-2020 22:16:21 CDT  Opened input file "/pnfs/GM2/mc/run1_gasgun_1062/runs_1567190000/1567190852/gm2ringsim_muon_gasgun_truth_22551396_1567190852.1.root"
17-Jun-2020 22:19:31 CDT  Closed input file "/pnfs/GM2/mc/run1_gasgun_1062/runs_1567190000/1567190852/gm2ringsim_muon_gasgun_truth_22551396_1567190852.1.root"
17-Jun-2020 22:19:31 CDT  Initiating request to open input file "/pnfs/GM2/mc/run1_gasgun_1062/runs_1567190000/1567190852/gm2ringsim_muon_gasgun_truth_22551397_1567190852.1.root"
17-Jun-2020 22:19:31 CDT  Opened input file "/pnfs/GM2/mc/run1_gasgun_1062/runs_1567190000/1567190852/gm2ringsim_muon_gasgun_truth_22551397_1567190852.1.root"
17-Jun-2020 22:22:19 CDT  Closed input file "/pnfs/GM2/mc/run1_gasgun_1062/runs_1567190000/1567190852/gm2ringsim_muon_gasgun_truth_22551397_1567190852.1.root"
17-Jun-2020 22:22:19 CDT  Initiating request to open input file "/pnfs/GM2/mc/run1_gasgun_1062/runs_1567190000/1567190852/gm2ringsim_muon_gasgun_truth_22551398_1567190852.1.root"
17-Jun-2020 22:22:19 CDT  Opened input file "/pnfs/GM2/mc/run1_gasgun_1062/runs_1567190000/1567190852/gm2ringsim_muon_gasgun_truth_22551398_1567190852.1.root"
17-Jun-2020 22:25:22 CDT  Closed input file "/pnfs/GM2/mc/run1_gasgun_1062/runs_1567190000/1567190852/gm2ringsim_muon_gasgun_truth_22551398_1567190852.1.root"
17-Jun-2020 22:25:22 CDT  Initiating request to open input file "/pnfs/GM2/mc/run1_gasgun_1062/runs_1567190000/1567190852/gm2ringsim_muon_gasgun_truth_22551399_1567190852.1.root"
17-Jun-2020 22:25:22 CDT  Opened input file "/pnfs/GM2/mc/run1_gasgun_1062/runs_1567190000/1567190852/gm2ringsim_muon_gasgun_truth_22551399_1567190852.1.root"
17-Jun-2020 22:28:39 CDT  Closed input file "/pnfs/GM2/mc/run1_gasgun_1062/runs_1567190000/1567190852/gm2ringsim_muon_gasgun_truth_22551399_1567190852.1.root"
%MSG-i summary:  ImposeDeadTime:deadTime@EndJob 17-Jun-2020 22:28:39 CDT  ModuleEndJob

--------- Tracker Impose Dead Time Report ---------
  Total num digits killed = 0 (of 84614, 0%)
  Total num digits kept = 84614 (of 84614, 100%)
------------------------------------------------

%MSG
%MSG-i summary:  KillStraws:killStraws@EndJob 17-Jun-2020 22:28:39 CDT  ModuleEndJob

--------- Tracker Kill Straws Report ---------
  Num straws to kill = 0
  Total num digits killed = 0 (of 84614, 0%)
  Total num digits kept = 84614 (of 84614, 100%)
----------------------------------------------

%MSG
%MSG-i summary:  RemoveFlash:removeFlash@EndJob 17-Jun-2020 22:28:39 CDT  ModuleEndJob

--------- Tracker Remove Flash Report ---------
  Total num digits removed = 0 (of 84614, 0%)
  Total num digits kept = 84614 (of 84614, 100%)
----------------------------------------------

%MSG

TrigReport ---------- Event  Summary ------------
TrigReport Events total = 100000 passed = 100000 failed = 0

TrigReport ------ Modules in End-Path: end_path ------------
TrigReport  Trig Bit#        Run    Success      Error Name
TrigReport     0    0     100000     100000          0 trackPlotsFlipLR
TrigReport     0    0     100000     100000          0 extrapPlotsFlipLR
TrigReport     0    0     100000     100000          0 trackPlotsMainFit
TrigReport     0    0     100000     100000          0 extrapPlotsMainFit
TrigReport     0    0     100000     100000          0 trackPlotsTruthLR
TrigReport     0    0     100000     100000          0 extrapPlotsTruthLR
TrigReport     0    0     100000     100000          0 trackPlotsFullSeqFit
TrigReport     0    0     100000     100000          0 extrapPlotsFullSeqFit
TrigReport     0    0     100000     100000          0 zero
TrigReport     0    0     100000     100000          0 one
TrigReport     0    0     100000     100000          0 two
TrigReport     0    0     100000     100000          0 three
TrigReport     0    0     100000     100000          0 four
TrigReport     0    0     100000     100000          0 five
TrigReport     0    0     100000     100000          0 six
TrigReport     0    0     100000     100000          0 seven
TrigReport     0    0     100000     100000          0 eight
TrigReport     0    0     100000     100000          0 nine
TrigReport     0    0     100000     100000          0 ten
TrigReport     0    0     100000     100000          0 eleven
TrigReport     0    0     100000     100000          0 twelve
TrigReport     0    0     100000     100000          0 thirteen
TrigReport     0    0     100000     100000          0 fourteen
TrigReport     0    0     100000     100000          0 fifteen
TrigReport     0    0     100000     100000          0 sixteen
TrigReport     0    0     100000     100000          0 seventeen
TrigReport     0    0     100000     100000          0 eighteen
TrigReport     0    0     100000     100000          0 nineteen
TrigReport     0    0     100000     100000          0 twenty
TrigReport     0    0     100000     100000          0 twentyOne
TrigReport     0    0     100000     100000          0 twentyTwo
TrigReport     0    0     100000     100000          0 twentyThree
TrigReport     0    0     100000     100000          0 twentyFour
TrigReport     0    0     100000     100000          0 twentyFive
TrigReport     0    0     100000     100000          0 twentySix
TrigReport     0    0     100000     100000          0 twentySeven
TrigReport     0    0     100000     100000          0 twentyEight
TrigReport     0    0     100000     100000          0 twentyNine
TrigReport     0    0     100000     100000          0 thirty
TrigReport     0    0     100000     100000          0 thirtyOne
TrigReport     0    0     100000     100000          0 thirtyTwo
TrigReport     0    0     100000     100000          0 thirtyThree
TrigReport     0    0     100000     100000          0 thirtyFour
TrigReport     0    0     100000     100000          0 thirtyFive
TrigReport     0    0     100000     100000          0 thirtySix

TimeReport ---------- Time  Summary ---[sec]----
TimeReport CPU = 3861.890904 Real = 3864.705866

MemReport  ---------- Memory  Summary ---[base-10 MB]----
MemReport  VmPeak = 3817.79 VmHWM = 2678.25

