21-Jul-2020 13:24:08 CDT  Initiating request to open input file "/pnfs/GM2/daq/run1/offline/gm2_5037A/runs_15000/15921/gm2offline_full_17632340_15921.00313.root"
21-Jul-2020 13:24:08 CDT  Opened input file "/pnfs/GM2/daq/run1/offline/gm2_5037A/runs_15000/15921/gm2offline_full_17632340_15921.00313.root"
Begin processing the 1st record. run: 15921 subRun: 313 event: 1 at 21-Jul-2020 13:26:39 CDT
Begin processing the 101st record. run: 15921 subRun: 313 event: 101 at 21-Jul-2020 16:20:57 CDT
21-Jul-2020 17:44:14 CDT  Closed input file "/pnfs/GM2/daq/run1/offline/gm2_5037A/runs_15000/15921/gm2offline_full_17632340_15921.00313.root"
%MSG-i summary:  ImposeDeadTime:deadTime@EndJob 21-Jul-2020 17:44:14 CDT  ModuleEndJob

--------- Tracker Impose Dead Time Report ---------
  Total num digits killed = 65607 (of 589355, 11.132%)
  Total num digits kept = 523748 (of 589355, 88.868%)
------------------------------------------------

%MSG
%MSG-i summary:  KillStraws:killStraws@EndJob 21-Jul-2020 17:44:14 CDT  ModuleEndJob

--------- Tracker Kill Straws Report ---------
  Num straws to kill = 0
  Total num digits killed = 0 (of 589355, 0%)
  Total num digits kept = 589355 (of 589355, 100%)
----------------------------------------------

%MSG
%MSG-i summary:  RemoveFlash:removeFlash@EndJob 21-Jul-2020 17:44:14 CDT  ModuleEndJob

--------- Tracker Remove Flash Report ---------
  Total num digits removed = 0 (of 589355, 0%)
  Total num digits kept = 589355 (of 589355, 100%)
----------------------------------------------

%MSG

TrigReport ---------- Event  Summary ------------
TrigReport Events total = 155 passed = 73 failed = 82

TrigReport ------ Modules in End-Path: end_path ------------
TrigReport  Trig Bit#        Run    Success      Error Name
TrigReport     0    0         73         73          0 zero
TrigReport     0    0         73         73          0 one
TrigReport     0    0         73         73          0 two
TrigReport     0    0         73         73          0 three
TrigReport     0    0         73         73          0 four
TrigReport     0    0         73         73          0 five
TrigReport     0    0         73         73          0 six
TrigReport     0    0         73         73          0 seven
TrigReport     0    0         73         73          0 eight
TrigReport     0    0         73         73          0 nine
TrigReport     0    0         73         73          0 ten
TrigReport     0    0         73         73          0 eleven
TrigReport     0    0         73         73          0 twelve
TrigReport     0    0         73         73          0 thirteen
TrigReport     0    0         73         73          0 fourteen
TrigReport     0    0         73         73          0 fifteen
TrigReport     0    0         73         73          0 sixteen
TrigReport     0    0         73         73          0 seventeen
TrigReport     0    0         73         73          0 eighteen
TrigReport     0    0         73         73          0 nineteen
TrigReport     0    0         73         73          0 twenty

TimeReport ---------- Time  Summary ---[sec]----
TimeReport CPU = 14677.631661 Real = 15558.214905

MemReport  ---------- Memory  Summary ---[base-10 MB]----
MemReport  VmPeak = 3076.01 VmHWM = 2086.03

