16-Jun-2020 02:49:58 CDT  Initiating request to open input file "/pnfs/GM2/mc/run1_gasgun_1062/runs_1567190000/1567190852/gm2ringsim_muon_gasgun_truth_22551280_1567190852.1.root"
16-Jun-2020 02:49:58 CDT  Opened input file "/pnfs/GM2/mc/run1_gasgun_1062/runs_1567190000/1567190852/gm2ringsim_muon_gasgun_truth_22551280_1567190852.1.root"
Begin processing the 1st record. run: 1567190852 subRun: 1 event: 1 at 16-Jun-2020 02:52:06 CDT
Begin processing the 101st record. run: 1567190852 subRun: 1 event: 101 at 16-Jun-2020 02:52:11 CDT
Begin processing the 201st record. run: 1567190852 subRun: 1 event: 201 at 16-Jun-2020 02:52:15 CDT
Begin processing the 301st record. run: 1567190852 subRun: 1 event: 301 at 16-Jun-2020 02:52:19 CDT
Begin processing the 401st record. run: 1567190852 subRun: 1 event: 401 at 16-Jun-2020 02:52:23 CDT
Begin processing the 501st record. run: 1567190852 subRun: 1 event: 501 at 16-Jun-2020 02:52:25 CDT
Begin processing the 601st record. run: 1567190852 subRun: 1 event: 601 at 16-Jun-2020 02:52:27 CDT
Begin processing the 701st record. run: 1567190852 subRun: 1 event: 701 at 16-Jun-2020 02:52:31 CDT
Begin processing the 801st record. run: 1567190852 subRun: 1 event: 801 at 16-Jun-2020 02:52:34 CDT
Begin processing the 901st record. run: 1567190852 subRun: 1 event: 901 at 16-Jun-2020 02:52:40 CDT
Begin processing the 2000th record. run: 1567190852 subRun: 1 event: 2000 at 16-Jun-2020 02:53:32 CDT
Begin processing the 3000th record. run: 1567190852 subRun: 1 event: 3000 at 16-Jun-2020 02:54:08 CDT
Begin processing the 5000th record. run: 1567190852 subRun: 1 event: 5000 at 16-Jun-2020 02:55:25 CDT
16-Jun-2020 02:55:25 CDT  Closed input file "/pnfs/GM2/mc/run1_gasgun_1062/runs_1567190000/1567190852/gm2ringsim_muon_gasgun_truth_22551280_1567190852.1.root"
16-Jun-2020 02:55:25 CDT  Initiating request to open input file "/pnfs/GM2/mc/run1_gasgun_1062/runs_1567190000/1567190852/gm2ringsim_muon_gasgun_truth_22551281_1567190852.1.root"
16-Jun-2020 02:55:26 CDT  Opened input file "/pnfs/GM2/mc/run1_gasgun_1062/runs_1567190000/1567190852/gm2ringsim_muon_gasgun_truth_22551281_1567190852.1.root"
Begin processing the 9000th record. run: 1567190852 subRun: 1 event: 4000 at 16-Jun-2020 02:57:58 CDT
16-Jun-2020 02:58:31 CDT  Closed input file "/pnfs/GM2/mc/run1_gasgun_1062/runs_1567190000/1567190852/gm2ringsim_muon_gasgun_truth_22551281_1567190852.1.root"
16-Jun-2020 02:58:31 CDT  Initiating request to open input file "/pnfs/GM2/mc/run1_gasgun_1062/runs_1567190000/1567190852/gm2ringsim_muon_gasgun_truth_22551282_1567190852.1.root"
16-Jun-2020 02:58:32 CDT  Opened input file "/pnfs/GM2/mc/run1_gasgun_1062/runs_1567190000/1567190852/gm2ringsim_muon_gasgun_truth_22551282_1567190852.1.root"
16-Jun-2020 03:01:26 CDT  Closed input file "/pnfs/GM2/mc/run1_gasgun_1062/runs_1567190000/1567190852/gm2ringsim_muon_gasgun_truth_22551282_1567190852.1.root"
16-Jun-2020 03:01:26 CDT  Initiating request to open input file "/pnfs/GM2/mc/run1_gasgun_1062/runs_1567190000/1567190852/gm2ringsim_muon_gasgun_truth_22551283_1567190852.1.root"
16-Jun-2020 03:01:26 CDT  Opened input file "/pnfs/GM2/mc/run1_gasgun_1062/runs_1567190000/1567190852/gm2ringsim_muon_gasgun_truth_22551283_1567190852.1.root"
Begin processing the 17000th record. run: 1567190852 subRun: 1 event: 2000 at 16-Jun-2020 03:02:52 CDT
16-Jun-2020 03:04:35 CDT  Closed input file "/pnfs/GM2/mc/run1_gasgun_1062/runs_1567190000/1567190852/gm2ringsim_muon_gasgun_truth_22551283_1567190852.1.root"
16-Jun-2020 03:04:35 CDT  Initiating request to open input file "/pnfs/GM2/mc/run1_gasgun_1062/runs_1567190000/1567190852/gm2ringsim_muon_gasgun_truth_22551284_1567190852.1.root"
16-Jun-2020 03:04:35 CDT  Opened input file "/pnfs/GM2/mc/run1_gasgun_1062/runs_1567190000/1567190852/gm2ringsim_muon_gasgun_truth_22551284_1567190852.1.root"
16-Jun-2020 03:07:35 CDT  Closed input file "/pnfs/GM2/mc/run1_gasgun_1062/runs_1567190000/1567190852/gm2ringsim_muon_gasgun_truth_22551284_1567190852.1.root"
16-Jun-2020 03:07:35 CDT  Initiating request to open input file "/pnfs/GM2/mc/run1_gasgun_1062/runs_1567190000/1567190852/gm2ringsim_muon_gasgun_truth_22551285_1567190852.1.root"
16-Jun-2020 03:07:35 CDT  Opened input file "/pnfs/GM2/mc/run1_gasgun_1062/runs_1567190000/1567190852/gm2ringsim_muon_gasgun_truth_22551285_1567190852.1.root"
16-Jun-2020 03:10:45 CDT  Closed input file "/pnfs/GM2/mc/run1_gasgun_1062/runs_1567190000/1567190852/gm2ringsim_muon_gasgun_truth_22551285_1567190852.1.root"
16-Jun-2020 03:10:45 CDT  Initiating request to open input file "/pnfs/GM2/mc/run1_gasgun_1062/runs_1567190000/1567190852/gm2ringsim_muon_gasgun_truth_22551286_1567190852.1.root"
16-Jun-2020 03:10:45 CDT  Opened input file "/pnfs/GM2/mc/run1_gasgun_1062/runs_1567190000/1567190852/gm2ringsim_muon_gasgun_truth_22551286_1567190852.1.root"
Begin processing the 33000th record. run: 1567190852 subRun: 1 event: 3000 at 16-Jun-2020 03:12:48 CDT
16-Jun-2020 03:14:11 CDT  Closed input file "/pnfs/GM2/mc/run1_gasgun_1062/runs_1567190000/1567190852/gm2ringsim_muon_gasgun_truth_22551286_1567190852.1.root"
16-Jun-2020 03:14:11 CDT  Initiating request to open input file "/pnfs/GM2/mc/run1_gasgun_1062/runs_1567190000/1567190852/gm2ringsim_muon_gasgun_truth_22551287_1567190852.1.root"
16-Jun-2020 03:14:11 CDT  Opened input file "/pnfs/GM2/mc/run1_gasgun_1062/runs_1567190000/1567190852/gm2ringsim_muon_gasgun_truth_22551287_1567190852.1.root"
16-Jun-2020 03:17:25 CDT  Closed input file "/pnfs/GM2/mc/run1_gasgun_1062/runs_1567190000/1567190852/gm2ringsim_muon_gasgun_truth_22551287_1567190852.1.root"
16-Jun-2020 03:17:25 CDT  Initiating request to open input file "/pnfs/GM2/mc/run1_gasgun_1062/runs_1567190000/1567190852/gm2ringsim_muon_gasgun_truth_22551288_1567190852.1.root"
16-Jun-2020 03:17:25 CDT  Opened input file "/pnfs/GM2/mc/run1_gasgun_1062/runs_1567190000/1567190852/gm2ringsim_muon_gasgun_truth_22551288_1567190852.1.root"
16-Jun-2020 03:20:44 CDT  Closed input file "/pnfs/GM2/mc/run1_gasgun_1062/runs_1567190000/1567190852/gm2ringsim_muon_gasgun_truth_22551288_1567190852.1.root"
16-Jun-2020 03:20:44 CDT  Initiating request to open input file "/pnfs/GM2/mc/run1_gasgun_1062/runs_1567190000/1567190852/gm2ringsim_muon_gasgun_truth_22551289_1567190852.1.root"
16-Jun-2020 03:20:44 CDT  Opened input file "/pnfs/GM2/mc/run1_gasgun_1062/runs_1567190000/1567190852/gm2ringsim_muon_gasgun_truth_22551289_1567190852.1.root"
16-Jun-2020 03:23:45 CDT  Closed input file "/pnfs/GM2/mc/run1_gasgun_1062/runs_1567190000/1567190852/gm2ringsim_muon_gasgun_truth_22551289_1567190852.1.root"
16-Jun-2020 03:23:45 CDT  Initiating request to open input file "/pnfs/GM2/mc/run1_gasgun_1062/runs_1567190000/1567190852/gm2ringsim_muon_gasgun_truth_22551290_1567190852.1.root"
16-Jun-2020 03:23:45 CDT  Opened input file "/pnfs/GM2/mc/run1_gasgun_1062/runs_1567190000/1567190852/gm2ringsim_muon_gasgun_truth_22551290_1567190852.1.root"
16-Jun-2020 03:27:31 CDT  Closed input file "/pnfs/GM2/mc/run1_gasgun_1062/runs_1567190000/1567190852/gm2ringsim_muon_gasgun_truth_22551290_1567190852.1.root"
16-Jun-2020 03:27:31 CDT  Initiating request to open input file "/pnfs/GM2/mc/run1_gasgun_1062/runs_1567190000/1567190852/gm2ringsim_muon_gasgun_truth_22551291_1567190852.1.root"
16-Jun-2020 03:27:31 CDT  Opened input file "/pnfs/GM2/mc/run1_gasgun_1062/runs_1567190000/1567190852/gm2ringsim_muon_gasgun_truth_22551291_1567190852.1.root"
16-Jun-2020 03:30:39 CDT  Closed input file "/pnfs/GM2/mc/run1_gasgun_1062/runs_1567190000/1567190852/gm2ringsim_muon_gasgun_truth_22551291_1567190852.1.root"
16-Jun-2020 03:30:39 CDT  Initiating request to open input file "/pnfs/GM2/mc/run1_gasgun_1062/runs_1567190000/1567190852/gm2ringsim_muon_gasgun_truth_22551292_1567190852.1.root"
16-Jun-2020 03:30:39 CDT  Opened input file "/pnfs/GM2/mc/run1_gasgun_1062/runs_1567190000/1567190852/gm2ringsim_muon_gasgun_truth_22551292_1567190852.1.root"
Begin processing the 65000th record. run: 1567190852 subRun: 1 event: 5000 at 16-Jun-2020 03:33:49 CDT
16-Jun-2020 03:33:49 CDT  Closed input file "/pnfs/GM2/mc/run1_gasgun_1062/runs_1567190000/1567190852/gm2ringsim_muon_gasgun_truth_22551292_1567190852.1.root"
16-Jun-2020 03:33:49 CDT  Initiating request to open input file "/pnfs/GM2/mc/run1_gasgun_1062/runs_1567190000/1567190852/gm2ringsim_muon_gasgun_truth_22551293_1567190852.1.root"
16-Jun-2020 03:33:50 CDT  Opened input file "/pnfs/GM2/mc/run1_gasgun_1062/runs_1567190000/1567190852/gm2ringsim_muon_gasgun_truth_22551293_1567190852.1.root"
16-Jun-2020 03:36:58 CDT  Closed input file "/pnfs/GM2/mc/run1_gasgun_1062/runs_1567190000/1567190852/gm2ringsim_muon_gasgun_truth_22551293_1567190852.1.root"
16-Jun-2020 03:36:58 CDT  Initiating request to open input file "/pnfs/GM2/mc/run1_gasgun_1062/runs_1567190000/1567190852/gm2ringsim_muon_gasgun_truth_22551294_1567190852.1.root"
16-Jun-2020 03:36:59 CDT  Opened input file "/pnfs/GM2/mc/run1_gasgun_1062/runs_1567190000/1567190852/gm2ringsim_muon_gasgun_truth_22551294_1567190852.1.root"
16-Jun-2020 03:40:20 CDT  Closed input file "/pnfs/GM2/mc/run1_gasgun_1062/runs_1567190000/1567190852/gm2ringsim_muon_gasgun_truth_22551294_1567190852.1.root"
16-Jun-2020 03:40:20 CDT  Initiating request to open input file "/pnfs/GM2/mc/run1_gasgun_1062/runs_1567190000/1567190852/gm2ringsim_muon_gasgun_truth_22551295_1567190852.1.root"
16-Jun-2020 03:40:20 CDT  Opened input file "/pnfs/GM2/mc/run1_gasgun_1062/runs_1567190000/1567190852/gm2ringsim_muon_gasgun_truth_22551295_1567190852.1.root"
16-Jun-2020 03:43:32 CDT  Closed input file "/pnfs/GM2/mc/run1_gasgun_1062/runs_1567190000/1567190852/gm2ringsim_muon_gasgun_truth_22551295_1567190852.1.root"
16-Jun-2020 03:43:32 CDT  Initiating request to open input file "/pnfs/GM2/mc/run1_gasgun_1062/runs_1567190000/1567190852/gm2ringsim_muon_gasgun_truth_22551296_1567190852.1.root"
16-Jun-2020 03:43:32 CDT  Opened input file "/pnfs/GM2/mc/run1_gasgun_1062/runs_1567190000/1567190852/gm2ringsim_muon_gasgun_truth_22551296_1567190852.1.root"
16-Jun-2020 03:46:37 CDT  Closed input file "/pnfs/GM2/mc/run1_gasgun_1062/runs_1567190000/1567190852/gm2ringsim_muon_gasgun_truth_22551296_1567190852.1.root"
16-Jun-2020 03:46:37 CDT  Initiating request to open input file "/pnfs/GM2/mc/run1_gasgun_1062/runs_1567190000/1567190852/gm2ringsim_muon_gasgun_truth_22551297_1567190852.1.root"
16-Jun-2020 03:46:37 CDT  Opened input file "/pnfs/GM2/mc/run1_gasgun_1062/runs_1567190000/1567190852/gm2ringsim_muon_gasgun_truth_22551297_1567190852.1.root"
16-Jun-2020 03:50:17 CDT  Closed input file "/pnfs/GM2/mc/run1_gasgun_1062/runs_1567190000/1567190852/gm2ringsim_muon_gasgun_truth_22551297_1567190852.1.root"
16-Jun-2020 03:50:17 CDT  Initiating request to open input file "/pnfs/GM2/mc/run1_gasgun_1062/runs_1567190000/1567190852/gm2ringsim_muon_gasgun_truth_22551298_1567190852.1.root"
16-Jun-2020 03:50:18 CDT  Opened input file "/pnfs/GM2/mc/run1_gasgun_1062/runs_1567190000/1567190852/gm2ringsim_muon_gasgun_truth_22551298_1567190852.1.root"
16-Jun-2020 03:53:47 CDT  Closed input file "/pnfs/GM2/mc/run1_gasgun_1062/runs_1567190000/1567190852/gm2ringsim_muon_gasgun_truth_22551298_1567190852.1.root"
16-Jun-2020 03:53:47 CDT  Initiating request to open input file "/pnfs/GM2/mc/run1_gasgun_1062/runs_1567190000/1567190852/gm2ringsim_muon_gasgun_truth_22551299_1567190852.1.root"
16-Jun-2020 03:53:47 CDT  Opened input file "/pnfs/GM2/mc/run1_gasgun_1062/runs_1567190000/1567190852/gm2ringsim_muon_gasgun_truth_22551299_1567190852.1.root"
16-Jun-2020 03:56:55 CDT  Closed input file "/pnfs/GM2/mc/run1_gasgun_1062/runs_1567190000/1567190852/gm2ringsim_muon_gasgun_truth_22551299_1567190852.1.root"
%MSG-i summary:  ImposeDeadTime:deadTime@EndJob 16-Jun-2020 03:56:55 CDT  ModuleEndJob

--------- Tracker Impose Dead Time Report ---------
  Total num digits killed = 0 (of 86779, 0%)
  Total num digits kept = 86779 (of 86779, 100%)
------------------------------------------------

%MSG
%MSG-i summary:  KillStraws:killStraws@EndJob 16-Jun-2020 03:56:55 CDT  ModuleEndJob

--------- Tracker Kill Straws Report ---------
  Num straws to kill = 0
  Total num digits killed = 0 (of 86779, 0%)
  Total num digits kept = 86779 (of 86779, 100%)
----------------------------------------------

%MSG
%MSG-i summary:  RemoveFlash:removeFlash@EndJob 16-Jun-2020 03:56:55 CDT  ModuleEndJob

--------- Tracker Remove Flash Report ---------
  Total num digits removed = 0 (of 86779, 0%)
  Total num digits kept = 86779 (of 86779, 100%)
----------------------------------------------

%MSG

TrigReport ---------- Event  Summary ------------
TrigReport Events total = 100000 passed = 100000 failed = 0

TrigReport ------ Modules in End-Path: end_path ------------
TrigReport  Trig Bit#        Run    Success      Error Name
TrigReport     0    0     100000     100000          0 trackPlotsFlipLR
TrigReport     0    0     100000     100000          0 extrapPlotsFlipLR
TrigReport     0    0     100000     100000          0 trackPlotsMainFit
TrigReport     0    0     100000     100000          0 extrapPlotsMainFit
TrigReport     0    0     100000     100000          0 trackPlotsTruthLR
TrigReport     0    0     100000     100000          0 extrapPlotsTruthLR
TrigReport     0    0     100000     100000          0 trackPlotsFullSeqFit
TrigReport     0    0     100000     100000          0 extrapPlotsFullSeqFit
TrigReport     0    0     100000     100000          0 one
TrigReport     0    0     100000     100000          0 two
TrigReport     0    0     100000     100000          0 three
TrigReport     0    0     100000     100000          0 four
TrigReport     0    0     100000     100000          0 five
TrigReport     0    0     100000     100000          0 six
TrigReport     0    0     100000     100000          0 seven
TrigReport     0    0     100000     100000          0 eight
TrigReport     0    0     100000     100000          0 nine
TrigReport     0    0     100000     100000          0 ten
TrigReport     0    0     100000     100000          0 eleven
TrigReport     0    0     100000     100000          0 twelve
TrigReport     0    0     100000     100000          0 thirteen
TrigReport     0    0     100000     100000          0 fourteen
TrigReport     0    0     100000     100000          0 fifteen
TrigReport     0    0     100000     100000          0 sixteen
TrigReport     0    0     100000     100000          0 seventeen
TrigReport     0    0     100000     100000          0 eighteen
TrigReport     0    0     100000     100000          0 nineteen
TrigReport     0    0     100000     100000          0 twenty
TrigReport     0    0     100000     100000          0 twentyOne
TrigReport     0    0     100000     100000          0 twentyTwo
TrigReport     0    0     100000     100000          0 twentyThree
TrigReport     0    0     100000     100000          0 twentyFour
TrigReport     0    0     100000     100000          0 twentyFive
TrigReport     0    0     100000     100000          0 twentySix
TrigReport     0    0     100000     100000          0 twentySeven
TrigReport     0    0     100000     100000          0 twentyEight
TrigReport     0    0     100000     100000          0 twentyNine
TrigReport     0    0     100000     100000          0 thirty
TrigReport     0    0     100000     100000          0 thirtyOne
TrigReport     0    0     100000     100000          0 thirtyTwo
TrigReport     0    0     100000     100000          0 thirtyThree
TrigReport     0    0     100000     100000          0 thirtyFour
TrigReport     0    0     100000     100000          0 thirtyFive
TrigReport     0    0     100000     100000          0 thirtySix

TimeReport ---------- Time  Summary ---[sec]----
TimeReport CPU = 3945.145247 Real = 3985.093813

MemReport  ---------- Memory  Summary ---[base-10 MB]----
MemReport  VmPeak = 3813.38 VmHWM = 2605.92

