19-Jun-2020 15:53:12 CDT  Initiating request to open input file "/pnfs/GM2/mc/run1_gasgun_1062/runs_1567190000/1567190852/gm2ringsim_muon_gasgun_truth_22551420_1567190852.1.root"
19-Jun-2020 15:53:13 CDT  Opened input file "/pnfs/GM2/mc/run1_gasgun_1062/runs_1567190000/1567190852/gm2ringsim_muon_gasgun_truth_22551420_1567190852.1.root"
Begin processing the 1st record. run: 1567190852 subRun: 1 event: 1 at 19-Jun-2020 15:55:06 CDT
Begin processing the 101st record. run: 1567190852 subRun: 1 event: 101 at 19-Jun-2020 15:55:11 CDT
Begin processing the 201st record. run: 1567190852 subRun: 1 event: 201 at 19-Jun-2020 15:55:13 CDT
Begin processing the 301st record. run: 1567190852 subRun: 1 event: 301 at 19-Jun-2020 15:55:13 CDT
Begin processing the 401st record. run: 1567190852 subRun: 1 event: 401 at 19-Jun-2020 15:55:14 CDT
Begin processing the 501st record. run: 1567190852 subRun: 1 event: 501 at 19-Jun-2020 15:55:15 CDT
Begin processing the 601st record. run: 1567190852 subRun: 1 event: 601 at 19-Jun-2020 15:55:17 CDT
Begin processing the 701st record. run: 1567190852 subRun: 1 event: 701 at 19-Jun-2020 15:55:20 CDT
Begin processing the 801st record. run: 1567190852 subRun: 1 event: 801 at 19-Jun-2020 15:55:23 CDT
Begin processing the 901st record. run: 1567190852 subRun: 1 event: 901 at 19-Jun-2020 15:55:24 CDT
Begin processing the 2000th record. run: 1567190852 subRun: 1 event: 2000 at 19-Jun-2020 15:55:47 CDT
Begin processing the 3000th record. run: 1567190852 subRun: 1 event: 3000 at 19-Jun-2020 15:56:15 CDT
Begin processing the 5000th record. run: 1567190852 subRun: 1 event: 5000 at 19-Jun-2020 15:57:06 CDT
19-Jun-2020 15:57:06 CDT  Closed input file "/pnfs/GM2/mc/run1_gasgun_1062/runs_1567190000/1567190852/gm2ringsim_muon_gasgun_truth_22551420_1567190852.1.root"
19-Jun-2020 15:57:06 CDT  Initiating request to open input file "/pnfs/GM2/mc/run1_gasgun_1062/runs_1567190000/1567190852/gm2ringsim_muon_gasgun_truth_22551421_1567190852.1.root"
19-Jun-2020 15:57:06 CDT  Opened input file "/pnfs/GM2/mc/run1_gasgun_1062/runs_1567190000/1567190852/gm2ringsim_muon_gasgun_truth_22551421_1567190852.1.root"
Begin processing the 9000th record. run: 1567190852 subRun: 1 event: 4000 at 19-Jun-2020 15:58:20 CDT
19-Jun-2020 15:58:37 CDT  Closed input file "/pnfs/GM2/mc/run1_gasgun_1062/runs_1567190000/1567190852/gm2ringsim_muon_gasgun_truth_22551421_1567190852.1.root"
19-Jun-2020 15:58:37 CDT  Initiating request to open input file "/pnfs/GM2/mc/run1_gasgun_1062/runs_1567190000/1567190852/gm2ringsim_muon_gasgun_truth_22551422_1567190852.1.root"
19-Jun-2020 15:58:37 CDT  Opened input file "/pnfs/GM2/mc/run1_gasgun_1062/runs_1567190000/1567190852/gm2ringsim_muon_gasgun_truth_22551422_1567190852.1.root"
19-Jun-2020 16:00:11 CDT  Closed input file "/pnfs/GM2/mc/run1_gasgun_1062/runs_1567190000/1567190852/gm2ringsim_muon_gasgun_truth_22551422_1567190852.1.root"
19-Jun-2020 16:00:11 CDT  Initiating request to open input file "/pnfs/GM2/mc/run1_gasgun_1062/runs_1567190000/1567190852/gm2ringsim_muon_gasgun_truth_22551423_1567190852.1.root"
19-Jun-2020 16:00:11 CDT  Opened input file "/pnfs/GM2/mc/run1_gasgun_1062/runs_1567190000/1567190852/gm2ringsim_muon_gasgun_truth_22551423_1567190852.1.root"
Begin processing the 17000th record. run: 1567190852 subRun: 1 event: 2000 at 19-Jun-2020 16:00:55 CDT
19-Jun-2020 16:01:43 CDT  Closed input file "/pnfs/GM2/mc/run1_gasgun_1062/runs_1567190000/1567190852/gm2ringsim_muon_gasgun_truth_22551423_1567190852.1.root"
19-Jun-2020 16:01:43 CDT  Initiating request to open input file "/pnfs/GM2/mc/run1_gasgun_1062/runs_1567190000/1567190852/gm2ringsim_muon_gasgun_truth_22551424_1567190852.1.root"
19-Jun-2020 16:01:43 CDT  Opened input file "/pnfs/GM2/mc/run1_gasgun_1062/runs_1567190000/1567190852/gm2ringsim_muon_gasgun_truth_22551424_1567190852.1.root"
19-Jun-2020 16:03:10 CDT  Closed input file "/pnfs/GM2/mc/run1_gasgun_1062/runs_1567190000/1567190852/gm2ringsim_muon_gasgun_truth_22551424_1567190852.1.root"
19-Jun-2020 16:03:10 CDT  Initiating request to open input file "/pnfs/GM2/mc/run1_gasgun_1062/runs_1567190000/1567190852/gm2ringsim_muon_gasgun_truth_22551425_1567190852.1.root"
19-Jun-2020 16:03:10 CDT  Opened input file "/pnfs/GM2/mc/run1_gasgun_1062/runs_1567190000/1567190852/gm2ringsim_muon_gasgun_truth_22551425_1567190852.1.root"
19-Jun-2020 16:04:46 CDT  Closed input file "/pnfs/GM2/mc/run1_gasgun_1062/runs_1567190000/1567190852/gm2ringsim_muon_gasgun_truth_22551425_1567190852.1.root"
19-Jun-2020 16:04:46 CDT  Initiating request to open input file "/pnfs/GM2/mc/run1_gasgun_1062/runs_1567190000/1567190852/gm2ringsim_muon_gasgun_truth_22551426_1567190852.1.root"
19-Jun-2020 16:04:46 CDT  Opened input file "/pnfs/GM2/mc/run1_gasgun_1062/runs_1567190000/1567190852/gm2ringsim_muon_gasgun_truth_22551426_1567190852.1.root"
Begin processing the 33000th record. run: 1567190852 subRun: 1 event: 3000 at 19-Jun-2020 16:05:49 CDT
19-Jun-2020 16:06:30 CDT  Closed input file "/pnfs/GM2/mc/run1_gasgun_1062/runs_1567190000/1567190852/gm2ringsim_muon_gasgun_truth_22551426_1567190852.1.root"
19-Jun-2020 16:06:30 CDT  Initiating request to open input file "/pnfs/GM2/mc/run1_gasgun_1062/runs_1567190000/1567190852/gm2ringsim_muon_gasgun_truth_22551427_1567190852.1.root"
19-Jun-2020 16:06:30 CDT  Opened input file "/pnfs/GM2/mc/run1_gasgun_1062/runs_1567190000/1567190852/gm2ringsim_muon_gasgun_truth_22551427_1567190852.1.root"
19-Jun-2020 16:08:04 CDT  Closed input file "/pnfs/GM2/mc/run1_gasgun_1062/runs_1567190000/1567190852/gm2ringsim_muon_gasgun_truth_22551427_1567190852.1.root"
19-Jun-2020 16:08:04 CDT  Initiating request to open input file "/pnfs/GM2/mc/run1_gasgun_1062/runs_1567190000/1567190852/gm2ringsim_muon_gasgun_truth_22551428_1567190852.1.root"
19-Jun-2020 16:08:04 CDT  Opened input file "/pnfs/GM2/mc/run1_gasgun_1062/runs_1567190000/1567190852/gm2ringsim_muon_gasgun_truth_22551428_1567190852.1.root"
19-Jun-2020 16:09:50 CDT  Closed input file "/pnfs/GM2/mc/run1_gasgun_1062/runs_1567190000/1567190852/gm2ringsim_muon_gasgun_truth_22551428_1567190852.1.root"
19-Jun-2020 16:09:50 CDT  Initiating request to open input file "/pnfs/GM2/mc/run1_gasgun_1062/runs_1567190000/1567190852/gm2ringsim_muon_gasgun_truth_22551429_1567190852.1.root"
19-Jun-2020 16:09:50 CDT  Opened input file "/pnfs/GM2/mc/run1_gasgun_1062/runs_1567190000/1567190852/gm2ringsim_muon_gasgun_truth_22551429_1567190852.1.root"
19-Jun-2020 16:11:26 CDT  Closed input file "/pnfs/GM2/mc/run1_gasgun_1062/runs_1567190000/1567190852/gm2ringsim_muon_gasgun_truth_22551429_1567190852.1.root"
19-Jun-2020 16:11:26 CDT  Initiating request to open input file "/pnfs/GM2/mc/run1_gasgun_1062/runs_1567190000/1567190852/gm2ringsim_muon_gasgun_truth_22551430_1567190852.1.root"
19-Jun-2020 16:11:26 CDT  Opened input file "/pnfs/GM2/mc/run1_gasgun_1062/runs_1567190000/1567190852/gm2ringsim_muon_gasgun_truth_22551430_1567190852.1.root"
19-Jun-2020 16:12:58 CDT  Closed input file "/pnfs/GM2/mc/run1_gasgun_1062/runs_1567190000/1567190852/gm2ringsim_muon_gasgun_truth_22551430_1567190852.1.root"
19-Jun-2020 16:12:58 CDT  Initiating request to open input file "/pnfs/GM2/mc/run1_gasgun_1062/runs_1567190000/1567190852/gm2ringsim_muon_gasgun_truth_22551431_1567190852.1.root"
19-Jun-2020 16:12:58 CDT  Opened input file "/pnfs/GM2/mc/run1_gasgun_1062/runs_1567190000/1567190852/gm2ringsim_muon_gasgun_truth_22551431_1567190852.1.root"
19-Jun-2020 16:14:30 CDT  Closed input file "/pnfs/GM2/mc/run1_gasgun_1062/runs_1567190000/1567190852/gm2ringsim_muon_gasgun_truth_22551431_1567190852.1.root"
19-Jun-2020 16:14:30 CDT  Initiating request to open input file "/pnfs/GM2/mc/run1_gasgun_1062/runs_1567190000/1567190852/gm2ringsim_muon_gasgun_truth_22551432_1567190852.1.root"
19-Jun-2020 16:14:30 CDT  Opened input file "/pnfs/GM2/mc/run1_gasgun_1062/runs_1567190000/1567190852/gm2ringsim_muon_gasgun_truth_22551432_1567190852.1.root"
Begin processing the 65000th record. run: 1567190852 subRun: 1 event: 5000 at 19-Jun-2020 16:16:05 CDT
19-Jun-2020 16:16:05 CDT  Closed input file "/pnfs/GM2/mc/run1_gasgun_1062/runs_1567190000/1567190852/gm2ringsim_muon_gasgun_truth_22551432_1567190852.1.root"
19-Jun-2020 16:16:05 CDT  Initiating request to open input file "/pnfs/GM2/mc/run1_gasgun_1062/runs_1567190000/1567190852/gm2ringsim_muon_gasgun_truth_22551433_1567190852.1.root"
19-Jun-2020 16:16:05 CDT  Opened input file "/pnfs/GM2/mc/run1_gasgun_1062/runs_1567190000/1567190852/gm2ringsim_muon_gasgun_truth_22551433_1567190852.1.root"
19-Jun-2020 16:17:41 CDT  Closed input file "/pnfs/GM2/mc/run1_gasgun_1062/runs_1567190000/1567190852/gm2ringsim_muon_gasgun_truth_22551433_1567190852.1.root"
19-Jun-2020 16:17:41 CDT  Initiating request to open input file "/pnfs/GM2/mc/run1_gasgun_1062/runs_1567190000/1567190852/gm2ringsim_muon_gasgun_truth_22551434_1567190852.1.root"
19-Jun-2020 16:17:41 CDT  Opened input file "/pnfs/GM2/mc/run1_gasgun_1062/runs_1567190000/1567190852/gm2ringsim_muon_gasgun_truth_22551434_1567190852.1.root"
19-Jun-2020 16:19:19 CDT  Closed input file "/pnfs/GM2/mc/run1_gasgun_1062/runs_1567190000/1567190852/gm2ringsim_muon_gasgun_truth_22551434_1567190852.1.root"
19-Jun-2020 16:19:19 CDT  Initiating request to open input file "/pnfs/GM2/mc/run1_gasgun_1062/runs_1567190000/1567190852/gm2ringsim_muon_gasgun_truth_22551435_1567190852.1.root"
19-Jun-2020 16:19:19 CDT  Opened input file "/pnfs/GM2/mc/run1_gasgun_1062/runs_1567190000/1567190852/gm2ringsim_muon_gasgun_truth_22551435_1567190852.1.root"
19-Jun-2020 16:21:07 CDT  Closed input file "/pnfs/GM2/mc/run1_gasgun_1062/runs_1567190000/1567190852/gm2ringsim_muon_gasgun_truth_22551435_1567190852.1.root"
19-Jun-2020 16:21:07 CDT  Initiating request to open input file "/pnfs/GM2/mc/run1_gasgun_1062/runs_1567190000/1567190852/gm2ringsim_muon_gasgun_truth_22551436_1567190852.1.root"
19-Jun-2020 16:21:07 CDT  Opened input file "/pnfs/GM2/mc/run1_gasgun_1062/runs_1567190000/1567190852/gm2ringsim_muon_gasgun_truth_22551436_1567190852.1.root"
19-Jun-2020 16:22:40 CDT  Closed input file "/pnfs/GM2/mc/run1_gasgun_1062/runs_1567190000/1567190852/gm2ringsim_muon_gasgun_truth_22551436_1567190852.1.root"
19-Jun-2020 16:22:40 CDT  Initiating request to open input file "/pnfs/GM2/mc/run1_gasgun_1062/runs_1567190000/1567190852/gm2ringsim_muon_gasgun_truth_22551437_1567190852.1.root"
19-Jun-2020 16:22:40 CDT  Opened input file "/pnfs/GM2/mc/run1_gasgun_1062/runs_1567190000/1567190852/gm2ringsim_muon_gasgun_truth_22551437_1567190852.1.root"
19-Jun-2020 16:24:12 CDT  Closed input file "/pnfs/GM2/mc/run1_gasgun_1062/runs_1567190000/1567190852/gm2ringsim_muon_gasgun_truth_22551437_1567190852.1.root"
19-Jun-2020 16:24:12 CDT  Initiating request to open input file "/pnfs/GM2/mc/run1_gasgun_1062/runs_1567190000/1567190852/gm2ringsim_muon_gasgun_truth_22551438_1567190852.1.root"
19-Jun-2020 16:24:12 CDT  Opened input file "/pnfs/GM2/mc/run1_gasgun_1062/runs_1567190000/1567190852/gm2ringsim_muon_gasgun_truth_22551438_1567190852.1.root"
19-Jun-2020 16:25:54 CDT  Closed input file "/pnfs/GM2/mc/run1_gasgun_1062/runs_1567190000/1567190852/gm2ringsim_muon_gasgun_truth_22551438_1567190852.1.root"
19-Jun-2020 16:25:54 CDT  Initiating request to open input file "/pnfs/GM2/mc/run1_gasgun_1062/runs_1567190000/1567190852/gm2ringsim_muon_gasgun_truth_22551439_1567190852.1.root"
19-Jun-2020 16:25:54 CDT  Opened input file "/pnfs/GM2/mc/run1_gasgun_1062/runs_1567190000/1567190852/gm2ringsim_muon_gasgun_truth_22551439_1567190852.1.root"
19-Jun-2020 16:27:24 CDT  Closed input file "/pnfs/GM2/mc/run1_gasgun_1062/runs_1567190000/1567190852/gm2ringsim_muon_gasgun_truth_22551439_1567190852.1.root"
%MSG-i summary:  ImposeDeadTime:deadTime@EndJob 19-Jun-2020 16:27:24 CDT  ModuleEndJob

--------- Tracker Impose Dead Time Report ---------
  Total num digits killed = 0 (of 84572, 0%)
  Total num digits kept = 84572 (of 84572, 100%)
------------------------------------------------

%MSG
%MSG-i summary:  KillStraws:killStraws@EndJob 19-Jun-2020 16:27:24 CDT  ModuleEndJob

--------- Tracker Kill Straws Report ---------
  Num straws to kill = 0
  Total num digits killed = 0 (of 84572, 0%)
  Total num digits kept = 84572 (of 84572, 100%)
----------------------------------------------

%MSG
%MSG-i summary:  RemoveFlash:removeFlash@EndJob 19-Jun-2020 16:27:24 CDT  ModuleEndJob

--------- Tracker Remove Flash Report ---------
  Total num digits removed = 0 (of 84572, 0%)
  Total num digits kept = 84572 (of 84572, 100%)
----------------------------------------------

%MSG

TrigReport ---------- Event  Summary ------------
TrigReport Events total = 100000 passed = 100000 failed = 0

TrigReport ------ Modules in End-Path: end_path ------------
TrigReport  Trig Bit#        Run    Success      Error Name
TrigReport     0    0     100000     100000          0 zero
TrigReport     0    0     100000     100000          0 one
TrigReport     0    0     100000     100000          0 two
TrigReport     0    0     100000     100000          0 three
TrigReport     0    0     100000     100000          0 four
TrigReport     0    0     100000     100000          0 five
TrigReport     0    0     100000     100000          0 six
TrigReport     0    0     100000     100000          0 seven
TrigReport     0    0     100000     100000          0 eight
TrigReport     0    0     100000     100000          0 nine
TrigReport     0    0     100000     100000          0 ten
TrigReport     0    0     100000     100000          0 eleven
TrigReport     0    0     100000     100000          0 twelve
TrigReport     0    0     100000     100000          0 thirteen
TrigReport     0    0     100000     100000          0 fourteen
TrigReport     0    0     100000     100000          0 fifteen
TrigReport     0    0     100000     100000          0 sixteen
TrigReport     0    0     100000     100000          0 seventeen
TrigReport     0    0     100000     100000          0 eighteen
TrigReport     0    0     100000     100000          0 nineteen
TrigReport     0    0     100000     100000          0 twenty

TimeReport ---------- Time  Summary ---[sec]----
TimeReport CPU = 2006.063033 Real = 2013.538823

MemReport  ---------- Memory  Summary ---[base-10 MB]----
MemReport  VmPeak = 2362.88 VmHWM = 1213.46

