17-Jun-2020 08:48:50 CDT  Initiating request to open input file "/pnfs/GM2/mc/run1_gasgun_1062/runs_1567190000/1567190852/gm2ringsim_muon_gasgun_truth_22551280_1567190852.1.root"
17-Jun-2020 08:48:50 CDT  Opened input file "/pnfs/GM2/mc/run1_gasgun_1062/runs_1567190000/1567190852/gm2ringsim_muon_gasgun_truth_22551280_1567190852.1.root"
Begin processing the 1st record. run: 1567190852 subRun: 1 event: 1 at 17-Jun-2020 08:50:54 CDT
Begin processing the 101st record. run: 1567190852 subRun: 1 event: 101 at 17-Jun-2020 08:50:59 CDT
Begin processing the 201st record. run: 1567190852 subRun: 1 event: 201 at 17-Jun-2020 08:51:02 CDT
Begin processing the 301st record. run: 1567190852 subRun: 1 event: 301 at 17-Jun-2020 08:51:06 CDT
Begin processing the 401st record. run: 1567190852 subRun: 1 event: 401 at 17-Jun-2020 08:51:11 CDT
Begin processing the 501st record. run: 1567190852 subRun: 1 event: 501 at 17-Jun-2020 08:51:13 CDT
Begin processing the 601st record. run: 1567190852 subRun: 1 event: 601 at 17-Jun-2020 08:51:15 CDT
Begin processing the 701st record. run: 1567190852 subRun: 1 event: 701 at 17-Jun-2020 08:51:19 CDT
Begin processing the 801st record. run: 1567190852 subRun: 1 event: 801 at 17-Jun-2020 08:51:22 CDT
Begin processing the 901st record. run: 1567190852 subRun: 1 event: 901 at 17-Jun-2020 08:51:28 CDT
Begin processing the 2000th record. run: 1567190852 subRun: 1 event: 2000 at 17-Jun-2020 08:52:16 CDT
Begin processing the 3000th record. run: 1567190852 subRun: 1 event: 3000 at 17-Jun-2020 08:52:52 CDT
Begin processing the 5000th record. run: 1567190852 subRun: 1 event: 5000 at 17-Jun-2020 08:54:07 CDT
17-Jun-2020 08:54:07 CDT  Closed input file "/pnfs/GM2/mc/run1_gasgun_1062/runs_1567190000/1567190852/gm2ringsim_muon_gasgun_truth_22551280_1567190852.1.root"
17-Jun-2020 08:54:07 CDT  Initiating request to open input file "/pnfs/GM2/mc/run1_gasgun_1062/runs_1567190000/1567190852/gm2ringsim_muon_gasgun_truth_22551281_1567190852.1.root"
17-Jun-2020 08:54:07 CDT  Opened input file "/pnfs/GM2/mc/run1_gasgun_1062/runs_1567190000/1567190852/gm2ringsim_muon_gasgun_truth_22551281_1567190852.1.root"
Begin processing the 9000th record. run: 1567190852 subRun: 1 event: 4000 at 17-Jun-2020 08:56:32 CDT
17-Jun-2020 08:57:06 CDT  Closed input file "/pnfs/GM2/mc/run1_gasgun_1062/runs_1567190000/1567190852/gm2ringsim_muon_gasgun_truth_22551281_1567190852.1.root"
17-Jun-2020 08:57:06 CDT  Initiating request to open input file "/pnfs/GM2/mc/run1_gasgun_1062/runs_1567190000/1567190852/gm2ringsim_muon_gasgun_truth_22551282_1567190852.1.root"
17-Jun-2020 08:57:06 CDT  Opened input file "/pnfs/GM2/mc/run1_gasgun_1062/runs_1567190000/1567190852/gm2ringsim_muon_gasgun_truth_22551282_1567190852.1.root"
17-Jun-2020 08:59:56 CDT  Closed input file "/pnfs/GM2/mc/run1_gasgun_1062/runs_1567190000/1567190852/gm2ringsim_muon_gasgun_truth_22551282_1567190852.1.root"
17-Jun-2020 08:59:56 CDT  Initiating request to open input file "/pnfs/GM2/mc/run1_gasgun_1062/runs_1567190000/1567190852/gm2ringsim_muon_gasgun_truth_22551283_1567190852.1.root"
17-Jun-2020 08:59:56 CDT  Opened input file "/pnfs/GM2/mc/run1_gasgun_1062/runs_1567190000/1567190852/gm2ringsim_muon_gasgun_truth_22551283_1567190852.1.root"
Begin processing the 17000th record. run: 1567190852 subRun: 1 event: 2000 at 17-Jun-2020 09:01:16 CDT
17-Jun-2020 09:02:59 CDT  Closed input file "/pnfs/GM2/mc/run1_gasgun_1062/runs_1567190000/1567190852/gm2ringsim_muon_gasgun_truth_22551283_1567190852.1.root"
17-Jun-2020 09:02:59 CDT  Initiating request to open input file "/pnfs/GM2/mc/run1_gasgun_1062/runs_1567190000/1567190852/gm2ringsim_muon_gasgun_truth_22551284_1567190852.1.root"
17-Jun-2020 09:02:59 CDT  Opened input file "/pnfs/GM2/mc/run1_gasgun_1062/runs_1567190000/1567190852/gm2ringsim_muon_gasgun_truth_22551284_1567190852.1.root"
17-Jun-2020 09:05:52 CDT  Closed input file "/pnfs/GM2/mc/run1_gasgun_1062/runs_1567190000/1567190852/gm2ringsim_muon_gasgun_truth_22551284_1567190852.1.root"
17-Jun-2020 09:05:52 CDT  Initiating request to open input file "/pnfs/GM2/mc/run1_gasgun_1062/runs_1567190000/1567190852/gm2ringsim_muon_gasgun_truth_22551285_1567190852.1.root"
17-Jun-2020 09:05:52 CDT  Opened input file "/pnfs/GM2/mc/run1_gasgun_1062/runs_1567190000/1567190852/gm2ringsim_muon_gasgun_truth_22551285_1567190852.1.root"
17-Jun-2020 09:08:58 CDT  Closed input file "/pnfs/GM2/mc/run1_gasgun_1062/runs_1567190000/1567190852/gm2ringsim_muon_gasgun_truth_22551285_1567190852.1.root"
17-Jun-2020 09:08:58 CDT  Initiating request to open input file "/pnfs/GM2/mc/run1_gasgun_1062/runs_1567190000/1567190852/gm2ringsim_muon_gasgun_truth_22551286_1567190852.1.root"
17-Jun-2020 09:08:58 CDT  Opened input file "/pnfs/GM2/mc/run1_gasgun_1062/runs_1567190000/1567190852/gm2ringsim_muon_gasgun_truth_22551286_1567190852.1.root"
Begin processing the 33000th record. run: 1567190852 subRun: 1 event: 3000 at 17-Jun-2020 09:10:57 CDT
17-Jun-2020 09:12:19 CDT  Closed input file "/pnfs/GM2/mc/run1_gasgun_1062/runs_1567190000/1567190852/gm2ringsim_muon_gasgun_truth_22551286_1567190852.1.root"
17-Jun-2020 09:12:19 CDT  Initiating request to open input file "/pnfs/GM2/mc/run1_gasgun_1062/runs_1567190000/1567190852/gm2ringsim_muon_gasgun_truth_22551287_1567190852.1.root"
17-Jun-2020 09:12:19 CDT  Opened input file "/pnfs/GM2/mc/run1_gasgun_1062/runs_1567190000/1567190852/gm2ringsim_muon_gasgun_truth_22551287_1567190852.1.root"
17-Jun-2020 09:15:25 CDT  Closed input file "/pnfs/GM2/mc/run1_gasgun_1062/runs_1567190000/1567190852/gm2ringsim_muon_gasgun_truth_22551287_1567190852.1.root"
17-Jun-2020 09:15:25 CDT  Initiating request to open input file "/pnfs/GM2/mc/run1_gasgun_1062/runs_1567190000/1567190852/gm2ringsim_muon_gasgun_truth_22551288_1567190852.1.root"
17-Jun-2020 09:15:25 CDT  Opened input file "/pnfs/GM2/mc/run1_gasgun_1062/runs_1567190000/1567190852/gm2ringsim_muon_gasgun_truth_22551288_1567190852.1.root"
17-Jun-2020 09:18:37 CDT  Closed input file "/pnfs/GM2/mc/run1_gasgun_1062/runs_1567190000/1567190852/gm2ringsim_muon_gasgun_truth_22551288_1567190852.1.root"
17-Jun-2020 09:18:37 CDT  Initiating request to open input file "/pnfs/GM2/mc/run1_gasgun_1062/runs_1567190000/1567190852/gm2ringsim_muon_gasgun_truth_22551289_1567190852.1.root"
17-Jun-2020 09:18:37 CDT  Opened input file "/pnfs/GM2/mc/run1_gasgun_1062/runs_1567190000/1567190852/gm2ringsim_muon_gasgun_truth_22551289_1567190852.1.root"
17-Jun-2020 09:21:32 CDT  Closed input file "/pnfs/GM2/mc/run1_gasgun_1062/runs_1567190000/1567190852/gm2ringsim_muon_gasgun_truth_22551289_1567190852.1.root"
17-Jun-2020 09:21:32 CDT  Initiating request to open input file "/pnfs/GM2/mc/run1_gasgun_1062/runs_1567190000/1567190852/gm2ringsim_muon_gasgun_truth_22551290_1567190852.1.root"
17-Jun-2020 09:21:32 CDT  Opened input file "/pnfs/GM2/mc/run1_gasgun_1062/runs_1567190000/1567190852/gm2ringsim_muon_gasgun_truth_22551290_1567190852.1.root"
17-Jun-2020 09:25:16 CDT  Closed input file "/pnfs/GM2/mc/run1_gasgun_1062/runs_1567190000/1567190852/gm2ringsim_muon_gasgun_truth_22551290_1567190852.1.root"
17-Jun-2020 09:25:16 CDT  Initiating request to open input file "/pnfs/GM2/mc/run1_gasgun_1062/runs_1567190000/1567190852/gm2ringsim_muon_gasgun_truth_22551291_1567190852.1.root"
17-Jun-2020 09:25:17 CDT  Opened input file "/pnfs/GM2/mc/run1_gasgun_1062/runs_1567190000/1567190852/gm2ringsim_muon_gasgun_truth_22551291_1567190852.1.root"
17-Jun-2020 09:28:22 CDT  Closed input file "/pnfs/GM2/mc/run1_gasgun_1062/runs_1567190000/1567190852/gm2ringsim_muon_gasgun_truth_22551291_1567190852.1.root"
17-Jun-2020 09:28:22 CDT  Initiating request to open input file "/pnfs/GM2/mc/run1_gasgun_1062/runs_1567190000/1567190852/gm2ringsim_muon_gasgun_truth_22551292_1567190852.1.root"
17-Jun-2020 09:28:22 CDT  Opened input file "/pnfs/GM2/mc/run1_gasgun_1062/runs_1567190000/1567190852/gm2ringsim_muon_gasgun_truth_22551292_1567190852.1.root"
Begin processing the 65000th record. run: 1567190852 subRun: 1 event: 5000 at 17-Jun-2020 09:31:24 CDT
17-Jun-2020 09:31:24 CDT  Closed input file "/pnfs/GM2/mc/run1_gasgun_1062/runs_1567190000/1567190852/gm2ringsim_muon_gasgun_truth_22551292_1567190852.1.root"
17-Jun-2020 09:31:24 CDT  Initiating request to open input file "/pnfs/GM2/mc/run1_gasgun_1062/runs_1567190000/1567190852/gm2ringsim_muon_gasgun_truth_22551293_1567190852.1.root"
17-Jun-2020 09:31:24 CDT  Opened input file "/pnfs/GM2/mc/run1_gasgun_1062/runs_1567190000/1567190852/gm2ringsim_muon_gasgun_truth_22551293_1567190852.1.root"
17-Jun-2020 09:34:33 CDT  Closed input file "/pnfs/GM2/mc/run1_gasgun_1062/runs_1567190000/1567190852/gm2ringsim_muon_gasgun_truth_22551293_1567190852.1.root"
17-Jun-2020 09:34:33 CDT  Initiating request to open input file "/pnfs/GM2/mc/run1_gasgun_1062/runs_1567190000/1567190852/gm2ringsim_muon_gasgun_truth_22551294_1567190852.1.root"
17-Jun-2020 09:34:33 CDT  Opened input file "/pnfs/GM2/mc/run1_gasgun_1062/runs_1567190000/1567190852/gm2ringsim_muon_gasgun_truth_22551294_1567190852.1.root"
17-Jun-2020 09:37:45 CDT  Closed input file "/pnfs/GM2/mc/run1_gasgun_1062/runs_1567190000/1567190852/gm2ringsim_muon_gasgun_truth_22551294_1567190852.1.root"
17-Jun-2020 09:37:45 CDT  Initiating request to open input file "/pnfs/GM2/mc/run1_gasgun_1062/runs_1567190000/1567190852/gm2ringsim_muon_gasgun_truth_22551295_1567190852.1.root"
17-Jun-2020 09:37:45 CDT  Opened input file "/pnfs/GM2/mc/run1_gasgun_1062/runs_1567190000/1567190852/gm2ringsim_muon_gasgun_truth_22551295_1567190852.1.root"
17-Jun-2020 09:40:51 CDT  Closed input file "/pnfs/GM2/mc/run1_gasgun_1062/runs_1567190000/1567190852/gm2ringsim_muon_gasgun_truth_22551295_1567190852.1.root"
17-Jun-2020 09:40:51 CDT  Initiating request to open input file "/pnfs/GM2/mc/run1_gasgun_1062/runs_1567190000/1567190852/gm2ringsim_muon_gasgun_truth_22551296_1567190852.1.root"
17-Jun-2020 09:40:51 CDT  Opened input file "/pnfs/GM2/mc/run1_gasgun_1062/runs_1567190000/1567190852/gm2ringsim_muon_gasgun_truth_22551296_1567190852.1.root"
17-Jun-2020 09:43:49 CDT  Closed input file "/pnfs/GM2/mc/run1_gasgun_1062/runs_1567190000/1567190852/gm2ringsim_muon_gasgun_truth_22551296_1567190852.1.root"
17-Jun-2020 09:43:49 CDT  Initiating request to open input file "/pnfs/GM2/mc/run1_gasgun_1062/runs_1567190000/1567190852/gm2ringsim_muon_gasgun_truth_22551297_1567190852.1.root"
17-Jun-2020 09:43:49 CDT  Opened input file "/pnfs/GM2/mc/run1_gasgun_1062/runs_1567190000/1567190852/gm2ringsim_muon_gasgun_truth_22551297_1567190852.1.root"
17-Jun-2020 09:47:23 CDT  Closed input file "/pnfs/GM2/mc/run1_gasgun_1062/runs_1567190000/1567190852/gm2ringsim_muon_gasgun_truth_22551297_1567190852.1.root"
17-Jun-2020 09:47:23 CDT  Initiating request to open input file "/pnfs/GM2/mc/run1_gasgun_1062/runs_1567190000/1567190852/gm2ringsim_muon_gasgun_truth_22551298_1567190852.1.root"
17-Jun-2020 09:47:23 CDT  Opened input file "/pnfs/GM2/mc/run1_gasgun_1062/runs_1567190000/1567190852/gm2ringsim_muon_gasgun_truth_22551298_1567190852.1.root"
17-Jun-2020 09:51:02 CDT  Closed input file "/pnfs/GM2/mc/run1_gasgun_1062/runs_1567190000/1567190852/gm2ringsim_muon_gasgun_truth_22551298_1567190852.1.root"
17-Jun-2020 09:51:02 CDT  Initiating request to open input file "/pnfs/GM2/mc/run1_gasgun_1062/runs_1567190000/1567190852/gm2ringsim_muon_gasgun_truth_22551299_1567190852.1.root"
17-Jun-2020 09:51:03 CDT  Opened input file "/pnfs/GM2/mc/run1_gasgun_1062/runs_1567190000/1567190852/gm2ringsim_muon_gasgun_truth_22551299_1567190852.1.root"
17-Jun-2020 09:54:03 CDT  Closed input file "/pnfs/GM2/mc/run1_gasgun_1062/runs_1567190000/1567190852/gm2ringsim_muon_gasgun_truth_22551299_1567190852.1.root"
%MSG-i summary:  ImposeDeadTime:deadTime@EndJob 17-Jun-2020 09:54:03 CDT  ModuleEndJob

--------- Tracker Impose Dead Time Report ---------
  Total num digits killed = 0 (of 86779, 0%)
  Total num digits kept = 86779 (of 86779, 100%)
------------------------------------------------

%MSG
%MSG-i summary:  KillStraws:killStraws@EndJob 17-Jun-2020 09:54:03 CDT  ModuleEndJob

--------- Tracker Kill Straws Report ---------
  Num straws to kill = 0
  Total num digits killed = 0 (of 86779, 0%)
  Total num digits kept = 86779 (of 86779, 100%)
----------------------------------------------

%MSG
%MSG-i summary:  RemoveFlash:removeFlash@EndJob 17-Jun-2020 09:54:03 CDT  ModuleEndJob

--------- Tracker Remove Flash Report ---------
  Total num digits removed = 0 (of 86779, 0%)
  Total num digits kept = 86779 (of 86779, 100%)
----------------------------------------------

%MSG

TrigReport ---------- Event  Summary ------------
TrigReport Events total = 100000 passed = 100000 failed = 0

TrigReport ------ Modules in End-Path: end_path ------------
TrigReport  Trig Bit#        Run    Success      Error Name
TrigReport     0    0     100000     100000          0 trackPlotsFlipLR
TrigReport     0    0     100000     100000          0 extrapPlotsFlipLR
TrigReport     0    0     100000     100000          0 trackPlotsMainFit
TrigReport     0    0     100000     100000          0 extrapPlotsMainFit
TrigReport     0    0     100000     100000          0 trackPlotsTruthLR
TrigReport     0    0     100000     100000          0 extrapPlotsTruthLR
TrigReport     0    0     100000     100000          0 trackPlotsFullSeqFit
TrigReport     0    0     100000     100000          0 extrapPlotsFullSeqFit
TrigReport     0    0     100000     100000          0 zero
TrigReport     0    0     100000     100000          0 one
TrigReport     0    0     100000     100000          0 two
TrigReport     0    0     100000     100000          0 three
TrigReport     0    0     100000     100000          0 four
TrigReport     0    0     100000     100000          0 five
TrigReport     0    0     100000     100000          0 six
TrigReport     0    0     100000     100000          0 seven
TrigReport     0    0     100000     100000          0 eight
TrigReport     0    0     100000     100000          0 nine
TrigReport     0    0     100000     100000          0 ten
TrigReport     0    0     100000     100000          0 eleven
TrigReport     0    0     100000     100000          0 twelve
TrigReport     0    0     100000     100000          0 thirteen
TrigReport     0    0     100000     100000          0 fourteen
TrigReport     0    0     100000     100000          0 fifteen
TrigReport     0    0     100000     100000          0 sixteen
TrigReport     0    0     100000     100000          0 seventeen
TrigReport     0    0     100000     100000          0 eighteen
TrigReport     0    0     100000     100000          0 nineteen
TrigReport     0    0     100000     100000          0 twenty
TrigReport     0    0     100000     100000          0 twentyOne
TrigReport     0    0     100000     100000          0 twentyTwo
TrigReport     0    0     100000     100000          0 twentyThree
TrigReport     0    0     100000     100000          0 twentyFour
TrigReport     0    0     100000     100000          0 twentyFive
TrigReport     0    0     100000     100000          0 twentySix
TrigReport     0    0     100000     100000          0 twentySeven
TrigReport     0    0     100000     100000          0 twentyEight
TrigReport     0    0     100000     100000          0 twentyNine
TrigReport     0    0     100000     100000          0 thirty
TrigReport     0    0     100000     100000          0 thirtyOne
TrigReport     0    0     100000     100000          0 thirtyTwo
TrigReport     0    0     100000     100000          0 thirtyThree
TrigReport     0    0     100000     100000          0 thirtyFour
TrigReport     0    0     100000     100000          0 thirtyFive
TrigReport     0    0     100000     100000          0 thirtySix

TimeReport ---------- Time  Summary ---[sec]----
TimeReport CPU = 3824.700558 Real = 3882.911243

MemReport  ---------- Memory  Summary ---[base-10 MB]----
MemReport  VmPeak = 3817.12 VmHWM = 2671.61

