16-Jun-2020 01:41:36 CDT  Initiating request to open input file "/pnfs/GM2/mc/run1_gasgun_1062/runs_1567190000/1567190852/gm2ringsim_muon_gasgun_truth_22551240_1567190852.1.root"
16-Jun-2020 01:41:37 CDT  Opened input file "/pnfs/GM2/mc/run1_gasgun_1062/runs_1567190000/1567190852/gm2ringsim_muon_gasgun_truth_22551240_1567190852.1.root"
Begin processing the 1st record. run: 1567190852 subRun: 1 event: 1 at 16-Jun-2020 01:43:53 CDT
Begin processing the 101st record. run: 1567190852 subRun: 1 event: 101 at 16-Jun-2020 01:43:55 CDT
Begin processing the 201st record. run: 1567190852 subRun: 1 event: 201 at 16-Jun-2020 01:43:57 CDT
Begin processing the 301st record. run: 1567190852 subRun: 1 event: 301 at 16-Jun-2020 01:43:57 CDT
Begin processing the 401st record. run: 1567190852 subRun: 1 event: 401 at 16-Jun-2020 01:43:57 CDT
Begin processing the 501st record. run: 1567190852 subRun: 1 event: 501 at 16-Jun-2020 01:44:00 CDT
Begin processing the 601st record. run: 1567190852 subRun: 1 event: 601 at 16-Jun-2020 01:44:06 CDT
Begin processing the 701st record. run: 1567190852 subRun: 1 event: 701 at 16-Jun-2020 01:44:09 CDT
Begin processing the 801st record. run: 1567190852 subRun: 1 event: 801 at 16-Jun-2020 01:44:15 CDT
Begin processing the 901st record. run: 1567190852 subRun: 1 event: 901 at 16-Jun-2020 01:44:20 CDT
Begin processing the 2000th record. run: 1567190852 subRun: 1 event: 2000 at 16-Jun-2020 01:45:13 CDT
Begin processing the 3000th record. run: 1567190852 subRun: 1 event: 3000 at 16-Jun-2020 01:45:45 CDT
Begin processing the 5000th record. run: 1567190852 subRun: 1 event: 5000 at 16-Jun-2020 01:46:51 CDT
16-Jun-2020 01:46:51 CDT  Closed input file "/pnfs/GM2/mc/run1_gasgun_1062/runs_1567190000/1567190852/gm2ringsim_muon_gasgun_truth_22551240_1567190852.1.root"
16-Jun-2020 01:46:51 CDT  Initiating request to open input file "/pnfs/GM2/mc/run1_gasgun_1062/runs_1567190000/1567190852/gm2ringsim_muon_gasgun_truth_22551241_1567190852.1.root"
16-Jun-2020 01:46:51 CDT  Opened input file "/pnfs/GM2/mc/run1_gasgun_1062/runs_1567190000/1567190852/gm2ringsim_muon_gasgun_truth_22551241_1567190852.1.root"
Begin processing the 9000th record. run: 1567190852 subRun: 1 event: 4000 at 16-Jun-2020 01:49:23 CDT
16-Jun-2020 01:50:15 CDT  Closed input file "/pnfs/GM2/mc/run1_gasgun_1062/runs_1567190000/1567190852/gm2ringsim_muon_gasgun_truth_22551241_1567190852.1.root"
16-Jun-2020 01:50:15 CDT  Initiating request to open input file "/pnfs/GM2/mc/run1_gasgun_1062/runs_1567190000/1567190852/gm2ringsim_muon_gasgun_truth_22551242_1567190852.1.root"
16-Jun-2020 01:50:15 CDT  Opened input file "/pnfs/GM2/mc/run1_gasgun_1062/runs_1567190000/1567190852/gm2ringsim_muon_gasgun_truth_22551242_1567190852.1.root"
16-Jun-2020 01:53:44 CDT  Closed input file "/pnfs/GM2/mc/run1_gasgun_1062/runs_1567190000/1567190852/gm2ringsim_muon_gasgun_truth_22551242_1567190852.1.root"
16-Jun-2020 01:53:44 CDT  Initiating request to open input file "/pnfs/GM2/mc/run1_gasgun_1062/runs_1567190000/1567190852/gm2ringsim_muon_gasgun_truth_22551243_1567190852.1.root"
16-Jun-2020 01:53:44 CDT  Opened input file "/pnfs/GM2/mc/run1_gasgun_1062/runs_1567190000/1567190852/gm2ringsim_muon_gasgun_truth_22551243_1567190852.1.root"
Begin processing the 17000th record. run: 1567190852 subRun: 1 event: 2000 at 16-Jun-2020 01:55:00 CDT
16-Jun-2020 01:56:54 CDT  Closed input file "/pnfs/GM2/mc/run1_gasgun_1062/runs_1567190000/1567190852/gm2ringsim_muon_gasgun_truth_22551243_1567190852.1.root"
16-Jun-2020 01:56:54 CDT  Initiating request to open input file "/pnfs/GM2/mc/run1_gasgun_1062/runs_1567190000/1567190852/gm2ringsim_muon_gasgun_truth_22551244_1567190852.1.root"
16-Jun-2020 01:56:54 CDT  Opened input file "/pnfs/GM2/mc/run1_gasgun_1062/runs_1567190000/1567190852/gm2ringsim_muon_gasgun_truth_22551244_1567190852.1.root"
16-Jun-2020 01:59:41 CDT  Closed input file "/pnfs/GM2/mc/run1_gasgun_1062/runs_1567190000/1567190852/gm2ringsim_muon_gasgun_truth_22551244_1567190852.1.root"
16-Jun-2020 01:59:41 CDT  Initiating request to open input file "/pnfs/GM2/mc/run1_gasgun_1062/runs_1567190000/1567190852/gm2ringsim_muon_gasgun_truth_22551245_1567190852.1.root"
16-Jun-2020 01:59:41 CDT  Opened input file "/pnfs/GM2/mc/run1_gasgun_1062/runs_1567190000/1567190852/gm2ringsim_muon_gasgun_truth_22551245_1567190852.1.root"
16-Jun-2020 02:02:52 CDT  Closed input file "/pnfs/GM2/mc/run1_gasgun_1062/runs_1567190000/1567190852/gm2ringsim_muon_gasgun_truth_22551245_1567190852.1.root"
16-Jun-2020 02:02:52 CDT  Initiating request to open input file "/pnfs/GM2/mc/run1_gasgun_1062/runs_1567190000/1567190852/gm2ringsim_muon_gasgun_truth_22551246_1567190852.1.root"
16-Jun-2020 02:02:52 CDT  Opened input file "/pnfs/GM2/mc/run1_gasgun_1062/runs_1567190000/1567190852/gm2ringsim_muon_gasgun_truth_22551246_1567190852.1.root"
Begin processing the 33000th record. run: 1567190852 subRun: 1 event: 3000 at 16-Jun-2020 02:04:54 CDT
16-Jun-2020 02:06:11 CDT  Closed input file "/pnfs/GM2/mc/run1_gasgun_1062/runs_1567190000/1567190852/gm2ringsim_muon_gasgun_truth_22551246_1567190852.1.root"
16-Jun-2020 02:06:11 CDT  Initiating request to open input file "/pnfs/GM2/mc/run1_gasgun_1062/runs_1567190000/1567190852/gm2ringsim_muon_gasgun_truth_22551247_1567190852.1.root"
16-Jun-2020 02:06:11 CDT  Opened input file "/pnfs/GM2/mc/run1_gasgun_1062/runs_1567190000/1567190852/gm2ringsim_muon_gasgun_truth_22551247_1567190852.1.root"
16-Jun-2020 02:09:34 CDT  Closed input file "/pnfs/GM2/mc/run1_gasgun_1062/runs_1567190000/1567190852/gm2ringsim_muon_gasgun_truth_22551247_1567190852.1.root"
16-Jun-2020 02:09:34 CDT  Initiating request to open input file "/pnfs/GM2/mc/run1_gasgun_1062/runs_1567190000/1567190852/gm2ringsim_muon_gasgun_truth_22551248_1567190852.1.root"
16-Jun-2020 02:09:34 CDT  Opened input file "/pnfs/GM2/mc/run1_gasgun_1062/runs_1567190000/1567190852/gm2ringsim_muon_gasgun_truth_22551248_1567190852.1.root"
16-Jun-2020 02:13:19 CDT  Closed input file "/pnfs/GM2/mc/run1_gasgun_1062/runs_1567190000/1567190852/gm2ringsim_muon_gasgun_truth_22551248_1567190852.1.root"
16-Jun-2020 02:13:19 CDT  Initiating request to open input file "/pnfs/GM2/mc/run1_gasgun_1062/runs_1567190000/1567190852/gm2ringsim_muon_gasgun_truth_22551249_1567190852.1.root"
16-Jun-2020 02:13:20 CDT  Opened input file "/pnfs/GM2/mc/run1_gasgun_1062/runs_1567190000/1567190852/gm2ringsim_muon_gasgun_truth_22551249_1567190852.1.root"
16-Jun-2020 02:17:03 CDT  Closed input file "/pnfs/GM2/mc/run1_gasgun_1062/runs_1567190000/1567190852/gm2ringsim_muon_gasgun_truth_22551249_1567190852.1.root"
16-Jun-2020 02:17:03 CDT  Initiating request to open input file "/pnfs/GM2/mc/run1_gasgun_1062/runs_1567190000/1567190852/gm2ringsim_muon_gasgun_truth_22551250_1567190852.1.root"
16-Jun-2020 02:17:04 CDT  Opened input file "/pnfs/GM2/mc/run1_gasgun_1062/runs_1567190000/1567190852/gm2ringsim_muon_gasgun_truth_22551250_1567190852.1.root"
16-Jun-2020 02:20:14 CDT  Closed input file "/pnfs/GM2/mc/run1_gasgun_1062/runs_1567190000/1567190852/gm2ringsim_muon_gasgun_truth_22551250_1567190852.1.root"
16-Jun-2020 02:20:14 CDT  Initiating request to open input file "/pnfs/GM2/mc/run1_gasgun_1062/runs_1567190000/1567190852/gm2ringsim_muon_gasgun_truth_22551251_1567190852.1.root"
16-Jun-2020 02:20:14 CDT  Opened input file "/pnfs/GM2/mc/run1_gasgun_1062/runs_1567190000/1567190852/gm2ringsim_muon_gasgun_truth_22551251_1567190852.1.root"
16-Jun-2020 02:23:49 CDT  Closed input file "/pnfs/GM2/mc/run1_gasgun_1062/runs_1567190000/1567190852/gm2ringsim_muon_gasgun_truth_22551251_1567190852.1.root"
16-Jun-2020 02:23:49 CDT  Initiating request to open input file "/pnfs/GM2/mc/run1_gasgun_1062/runs_1567190000/1567190852/gm2ringsim_muon_gasgun_truth_22551252_1567190852.1.root"
16-Jun-2020 02:23:50 CDT  Opened input file "/pnfs/GM2/mc/run1_gasgun_1062/runs_1567190000/1567190852/gm2ringsim_muon_gasgun_truth_22551252_1567190852.1.root"
Begin processing the 65000th record. run: 1567190852 subRun: 1 event: 5000 at 16-Jun-2020 02:27:24 CDT
16-Jun-2020 02:27:24 CDT  Closed input file "/pnfs/GM2/mc/run1_gasgun_1062/runs_1567190000/1567190852/gm2ringsim_muon_gasgun_truth_22551252_1567190852.1.root"
16-Jun-2020 02:27:24 CDT  Initiating request to open input file "/pnfs/GM2/mc/run1_gasgun_1062/runs_1567190000/1567190852/gm2ringsim_muon_gasgun_truth_22551253_1567190852.1.root"
16-Jun-2020 02:27:24 CDT  Opened input file "/pnfs/GM2/mc/run1_gasgun_1062/runs_1567190000/1567190852/gm2ringsim_muon_gasgun_truth_22551253_1567190852.1.root"
16-Jun-2020 02:30:12 CDT  Closed input file "/pnfs/GM2/mc/run1_gasgun_1062/runs_1567190000/1567190852/gm2ringsim_muon_gasgun_truth_22551253_1567190852.1.root"
16-Jun-2020 02:30:12 CDT  Initiating request to open input file "/pnfs/GM2/mc/run1_gasgun_1062/runs_1567190000/1567190852/gm2ringsim_muon_gasgun_truth_22551254_1567190852.1.root"
16-Jun-2020 02:30:12 CDT  Opened input file "/pnfs/GM2/mc/run1_gasgun_1062/runs_1567190000/1567190852/gm2ringsim_muon_gasgun_truth_22551254_1567190852.1.root"
16-Jun-2020 02:33:09 CDT  Closed input file "/pnfs/GM2/mc/run1_gasgun_1062/runs_1567190000/1567190852/gm2ringsim_muon_gasgun_truth_22551254_1567190852.1.root"
16-Jun-2020 02:33:09 CDT  Initiating request to open input file "/pnfs/GM2/mc/run1_gasgun_1062/runs_1567190000/1567190852/gm2ringsim_muon_gasgun_truth_22551255_1567190852.1.root"
16-Jun-2020 02:33:09 CDT  Opened input file "/pnfs/GM2/mc/run1_gasgun_1062/runs_1567190000/1567190852/gm2ringsim_muon_gasgun_truth_22551255_1567190852.1.root"
16-Jun-2020 02:36:12 CDT  Closed input file "/pnfs/GM2/mc/run1_gasgun_1062/runs_1567190000/1567190852/gm2ringsim_muon_gasgun_truth_22551255_1567190852.1.root"
16-Jun-2020 02:36:12 CDT  Initiating request to open input file "/pnfs/GM2/mc/run1_gasgun_1062/runs_1567190000/1567190852/gm2ringsim_muon_gasgun_truth_22551256_1567190852.1.root"
16-Jun-2020 02:36:12 CDT  Opened input file "/pnfs/GM2/mc/run1_gasgun_1062/runs_1567190000/1567190852/gm2ringsim_muon_gasgun_truth_22551256_1567190852.1.root"
16-Jun-2020 02:39:39 CDT  Closed input file "/pnfs/GM2/mc/run1_gasgun_1062/runs_1567190000/1567190852/gm2ringsim_muon_gasgun_truth_22551256_1567190852.1.root"
16-Jun-2020 02:39:39 CDT  Initiating request to open input file "/pnfs/GM2/mc/run1_gasgun_1062/runs_1567190000/1567190852/gm2ringsim_muon_gasgun_truth_22551257_1567190852.1.root"
16-Jun-2020 02:39:40 CDT  Opened input file "/pnfs/GM2/mc/run1_gasgun_1062/runs_1567190000/1567190852/gm2ringsim_muon_gasgun_truth_22551257_1567190852.1.root"
16-Jun-2020 02:42:32 CDT  Closed input file "/pnfs/GM2/mc/run1_gasgun_1062/runs_1567190000/1567190852/gm2ringsim_muon_gasgun_truth_22551257_1567190852.1.root"
16-Jun-2020 02:42:32 CDT  Initiating request to open input file "/pnfs/GM2/mc/run1_gasgun_1062/runs_1567190000/1567190852/gm2ringsim_muon_gasgun_truth_22551258_1567190852.1.root"
16-Jun-2020 02:42:32 CDT  Opened input file "/pnfs/GM2/mc/run1_gasgun_1062/runs_1567190000/1567190852/gm2ringsim_muon_gasgun_truth_22551258_1567190852.1.root"
16-Jun-2020 02:46:00 CDT  Closed input file "/pnfs/GM2/mc/run1_gasgun_1062/runs_1567190000/1567190852/gm2ringsim_muon_gasgun_truth_22551258_1567190852.1.root"
16-Jun-2020 02:46:00 CDT  Initiating request to open input file "/pnfs/GM2/mc/run1_gasgun_1062/runs_1567190000/1567190852/gm2ringsim_muon_gasgun_truth_22551259_1567190852.1.root"
16-Jun-2020 02:46:00 CDT  Opened input file "/pnfs/GM2/mc/run1_gasgun_1062/runs_1567190000/1567190852/gm2ringsim_muon_gasgun_truth_22551259_1567190852.1.root"
16-Jun-2020 02:49:07 CDT  Closed input file "/pnfs/GM2/mc/run1_gasgun_1062/runs_1567190000/1567190852/gm2ringsim_muon_gasgun_truth_22551259_1567190852.1.root"
%MSG-i summary:  ImposeDeadTime:deadTime@EndJob 16-Jun-2020 02:49:07 CDT  ModuleEndJob

--------- Tracker Impose Dead Time Report ---------
  Total num digits killed = 0 (of 83362, 0%)
  Total num digits kept = 83362 (of 83362, 100%)
------------------------------------------------

%MSG
%MSG-i summary:  KillStraws:killStraws@EndJob 16-Jun-2020 02:49:07 CDT  ModuleEndJob

--------- Tracker Kill Straws Report ---------
  Num straws to kill = 0
  Total num digits killed = 0 (of 83362, 0%)
  Total num digits kept = 83362 (of 83362, 100%)
----------------------------------------------

%MSG
%MSG-i summary:  RemoveFlash:removeFlash@EndJob 16-Jun-2020 02:49:07 CDT  ModuleEndJob

--------- Tracker Remove Flash Report ---------
  Total num digits removed = 0 (of 83362, 0%)
  Total num digits kept = 83362 (of 83362, 100%)
----------------------------------------------

%MSG

TrigReport ---------- Event  Summary ------------
TrigReport Events total = 100000 passed = 100000 failed = 0

TrigReport ------ Modules in End-Path: end_path ------------
TrigReport  Trig Bit#        Run    Success      Error Name
TrigReport     0    0     100000     100000          0 trackPlotsFlipLR
TrigReport     0    0     100000     100000          0 extrapPlotsFlipLR
TrigReport     0    0     100000     100000          0 trackPlotsMainFit
TrigReport     0    0     100000     100000          0 extrapPlotsMainFit
TrigReport     0    0     100000     100000          0 trackPlotsTruthLR
TrigReport     0    0     100000     100000          0 extrapPlotsTruthLR
TrigReport     0    0     100000     100000          0 trackPlotsFullSeqFit
TrigReport     0    0     100000     100000          0 extrapPlotsFullSeqFit
TrigReport     0    0     100000     100000          0 one
TrigReport     0    0     100000     100000          0 two
TrigReport     0    0     100000     100000          0 three
TrigReport     0    0     100000     100000          0 four
TrigReport     0    0     100000     100000          0 five
TrigReport     0    0     100000     100000          0 six
TrigReport     0    0     100000     100000          0 seven
TrigReport     0    0     100000     100000          0 eight
TrigReport     0    0     100000     100000          0 nine
TrigReport     0    0     100000     100000          0 ten
TrigReport     0    0     100000     100000          0 eleven
TrigReport     0    0     100000     100000          0 twelve
TrigReport     0    0     100000     100000          0 thirteen
TrigReport     0    0     100000     100000          0 fourteen
TrigReport     0    0     100000     100000          0 fifteen
TrigReport     0    0     100000     100000          0 sixteen
TrigReport     0    0     100000     100000          0 seventeen
TrigReport     0    0     100000     100000          0 eighteen
TrigReport     0    0     100000     100000          0 nineteen
TrigReport     0    0     100000     100000          0 twenty
TrigReport     0    0     100000     100000          0 twentyOne
TrigReport     0    0     100000     100000          0 twentyTwo
TrigReport     0    0     100000     100000          0 twentyThree
TrigReport     0    0     100000     100000          0 twentyFour
TrigReport     0    0     100000     100000          0 twentyFive
TrigReport     0    0     100000     100000          0 twentySix
TrigReport     0    0     100000     100000          0 twentySeven
TrigReport     0    0     100000     100000          0 twentyEight
TrigReport     0    0     100000     100000          0 twentyNine
TrigReport     0    0     100000     100000          0 thirty
TrigReport     0    0     100000     100000          0 thirtyOne
TrigReport     0    0     100000     100000          0 thirtyTwo
TrigReport     0    0     100000     100000          0 thirtyThree
TrigReport     0    0     100000     100000          0 thirtyFour
TrigReport     0    0     100000     100000          0 thirtyFive
TrigReport     0    0     100000     100000          0 thirtySix

TimeReport ---------- Time  Summary ---[sec]----
TimeReport CPU = 3988.910593 Real = 4018.686409

MemReport  ---------- Memory  Summary ---[base-10 MB]----
MemReport  VmPeak = 3811.91 VmHWM = 2667.24

