19-Jun-2020 09:44:37 CDT  Initiating request to open input file "/pnfs/GM2/mc/run1_gasgun_1062/runs_1567190000/1567190852/gm2ringsim_muon_gasgun_truth_22551280_1567190852.1.root"
19-Jun-2020 09:44:37 CDT  Opened input file "/pnfs/GM2/mc/run1_gasgun_1062/runs_1567190000/1567190852/gm2ringsim_muon_gasgun_truth_22551280_1567190852.1.root"
Begin processing the 1st record. run: 1567190852 subRun: 1 event: 1 at 19-Jun-2020 09:46:20 CDT
Begin processing the 101st record. run: 1567190852 subRun: 1 event: 101 at 19-Jun-2020 09:46:24 CDT
Begin processing the 201st record. run: 1567190852 subRun: 1 event: 201 at 19-Jun-2020 09:46:26 CDT
Begin processing the 301st record. run: 1567190852 subRun: 1 event: 301 at 19-Jun-2020 09:46:28 CDT
Begin processing the 401st record. run: 1567190852 subRun: 1 event: 401 at 19-Jun-2020 09:46:31 CDT
Begin processing the 501st record. run: 1567190852 subRun: 1 event: 501 at 19-Jun-2020 09:46:32 CDT
Begin processing the 601st record. run: 1567190852 subRun: 1 event: 601 at 19-Jun-2020 09:46:34 CDT
Begin processing the 701st record. run: 1567190852 subRun: 1 event: 701 at 19-Jun-2020 09:46:36 CDT
Begin processing the 801st record. run: 1567190852 subRun: 1 event: 801 at 19-Jun-2020 09:46:38 CDT
Begin processing the 901st record. run: 1567190852 subRun: 1 event: 901 at 19-Jun-2020 09:46:41 CDT
Begin processing the 2000th record. run: 1567190852 subRun: 1 event: 2000 at 19-Jun-2020 09:47:11 CDT
Begin processing the 3000th record. run: 1567190852 subRun: 1 event: 3000 at 19-Jun-2020 09:47:30 CDT
Begin processing the 5000th record. run: 1567190852 subRun: 1 event: 5000 at 19-Jun-2020 09:48:14 CDT
19-Jun-2020 09:48:14 CDT  Closed input file "/pnfs/GM2/mc/run1_gasgun_1062/runs_1567190000/1567190852/gm2ringsim_muon_gasgun_truth_22551280_1567190852.1.root"
19-Jun-2020 09:48:14 CDT  Initiating request to open input file "/pnfs/GM2/mc/run1_gasgun_1062/runs_1567190000/1567190852/gm2ringsim_muon_gasgun_truth_22551281_1567190852.1.root"
19-Jun-2020 09:48:14 CDT  Opened input file "/pnfs/GM2/mc/run1_gasgun_1062/runs_1567190000/1567190852/gm2ringsim_muon_gasgun_truth_22551281_1567190852.1.root"
Begin processing the 9000th record. run: 1567190852 subRun: 1 event: 4000 at 19-Jun-2020 09:49:23 CDT
19-Jun-2020 09:49:38 CDT  Closed input file "/pnfs/GM2/mc/run1_gasgun_1062/runs_1567190000/1567190852/gm2ringsim_muon_gasgun_truth_22551281_1567190852.1.root"
19-Jun-2020 09:49:38 CDT  Initiating request to open input file "/pnfs/GM2/mc/run1_gasgun_1062/runs_1567190000/1567190852/gm2ringsim_muon_gasgun_truth_22551282_1567190852.1.root"
19-Jun-2020 09:49:38 CDT  Opened input file "/pnfs/GM2/mc/run1_gasgun_1062/runs_1567190000/1567190852/gm2ringsim_muon_gasgun_truth_22551282_1567190852.1.root"
19-Jun-2020 09:50:57 CDT  Closed input file "/pnfs/GM2/mc/run1_gasgun_1062/runs_1567190000/1567190852/gm2ringsim_muon_gasgun_truth_22551282_1567190852.1.root"
19-Jun-2020 09:50:57 CDT  Initiating request to open input file "/pnfs/GM2/mc/run1_gasgun_1062/runs_1567190000/1567190852/gm2ringsim_muon_gasgun_truth_22551283_1567190852.1.root"
19-Jun-2020 09:50:57 CDT  Opened input file "/pnfs/GM2/mc/run1_gasgun_1062/runs_1567190000/1567190852/gm2ringsim_muon_gasgun_truth_22551283_1567190852.1.root"
Begin processing the 17000th record. run: 1567190852 subRun: 1 event: 2000 at 19-Jun-2020 09:51:37 CDT
19-Jun-2020 09:52:23 CDT  Closed input file "/pnfs/GM2/mc/run1_gasgun_1062/runs_1567190000/1567190852/gm2ringsim_muon_gasgun_truth_22551283_1567190852.1.root"
19-Jun-2020 09:52:23 CDT  Initiating request to open input file "/pnfs/GM2/mc/run1_gasgun_1062/runs_1567190000/1567190852/gm2ringsim_muon_gasgun_truth_22551284_1567190852.1.root"
19-Jun-2020 09:52:23 CDT  Opened input file "/pnfs/GM2/mc/run1_gasgun_1062/runs_1567190000/1567190852/gm2ringsim_muon_gasgun_truth_22551284_1567190852.1.root"
19-Jun-2020 09:53:47 CDT  Closed input file "/pnfs/GM2/mc/run1_gasgun_1062/runs_1567190000/1567190852/gm2ringsim_muon_gasgun_truth_22551284_1567190852.1.root"
19-Jun-2020 09:53:47 CDT  Initiating request to open input file "/pnfs/GM2/mc/run1_gasgun_1062/runs_1567190000/1567190852/gm2ringsim_muon_gasgun_truth_22551285_1567190852.1.root"
19-Jun-2020 09:53:47 CDT  Opened input file "/pnfs/GM2/mc/run1_gasgun_1062/runs_1567190000/1567190852/gm2ringsim_muon_gasgun_truth_22551285_1567190852.1.root"
19-Jun-2020 09:55:13 CDT  Closed input file "/pnfs/GM2/mc/run1_gasgun_1062/runs_1567190000/1567190852/gm2ringsim_muon_gasgun_truth_22551285_1567190852.1.root"
19-Jun-2020 09:55:13 CDT  Initiating request to open input file "/pnfs/GM2/mc/run1_gasgun_1062/runs_1567190000/1567190852/gm2ringsim_muon_gasgun_truth_22551286_1567190852.1.root"
19-Jun-2020 09:55:13 CDT  Opened input file "/pnfs/GM2/mc/run1_gasgun_1062/runs_1567190000/1567190852/gm2ringsim_muon_gasgun_truth_22551286_1567190852.1.root"
Begin processing the 33000th record. run: 1567190852 subRun: 1 event: 3000 at 19-Jun-2020 09:56:08 CDT
19-Jun-2020 09:56:45 CDT  Closed input file "/pnfs/GM2/mc/run1_gasgun_1062/runs_1567190000/1567190852/gm2ringsim_muon_gasgun_truth_22551286_1567190852.1.root"
19-Jun-2020 09:56:45 CDT  Initiating request to open input file "/pnfs/GM2/mc/run1_gasgun_1062/runs_1567190000/1567190852/gm2ringsim_muon_gasgun_truth_22551287_1567190852.1.root"
19-Jun-2020 09:56:45 CDT  Opened input file "/pnfs/GM2/mc/run1_gasgun_1062/runs_1567190000/1567190852/gm2ringsim_muon_gasgun_truth_22551287_1567190852.1.root"
19-Jun-2020 09:58:13 CDT  Closed input file "/pnfs/GM2/mc/run1_gasgun_1062/runs_1567190000/1567190852/gm2ringsim_muon_gasgun_truth_22551287_1567190852.1.root"
19-Jun-2020 09:58:13 CDT  Initiating request to open input file "/pnfs/GM2/mc/run1_gasgun_1062/runs_1567190000/1567190852/gm2ringsim_muon_gasgun_truth_22551288_1567190852.1.root"
19-Jun-2020 09:58:13 CDT  Opened input file "/pnfs/GM2/mc/run1_gasgun_1062/runs_1567190000/1567190852/gm2ringsim_muon_gasgun_truth_22551288_1567190852.1.root"
19-Jun-2020 09:59:43 CDT  Closed input file "/pnfs/GM2/mc/run1_gasgun_1062/runs_1567190000/1567190852/gm2ringsim_muon_gasgun_truth_22551288_1567190852.1.root"
19-Jun-2020 09:59:43 CDT  Initiating request to open input file "/pnfs/GM2/mc/run1_gasgun_1062/runs_1567190000/1567190852/gm2ringsim_muon_gasgun_truth_22551289_1567190852.1.root"
19-Jun-2020 09:59:43 CDT  Opened input file "/pnfs/GM2/mc/run1_gasgun_1062/runs_1567190000/1567190852/gm2ringsim_muon_gasgun_truth_22551289_1567190852.1.root"
19-Jun-2020 10:01:06 CDT  Closed input file "/pnfs/GM2/mc/run1_gasgun_1062/runs_1567190000/1567190852/gm2ringsim_muon_gasgun_truth_22551289_1567190852.1.root"
19-Jun-2020 10:01:06 CDT  Initiating request to open input file "/pnfs/GM2/mc/run1_gasgun_1062/runs_1567190000/1567190852/gm2ringsim_muon_gasgun_truth_22551290_1567190852.1.root"
19-Jun-2020 10:01:06 CDT  Opened input file "/pnfs/GM2/mc/run1_gasgun_1062/runs_1567190000/1567190852/gm2ringsim_muon_gasgun_truth_22551290_1567190852.1.root"
19-Jun-2020 10:02:48 CDT  Closed input file "/pnfs/GM2/mc/run1_gasgun_1062/runs_1567190000/1567190852/gm2ringsim_muon_gasgun_truth_22551290_1567190852.1.root"
19-Jun-2020 10:02:48 CDT  Initiating request to open input file "/pnfs/GM2/mc/run1_gasgun_1062/runs_1567190000/1567190852/gm2ringsim_muon_gasgun_truth_22551291_1567190852.1.root"
19-Jun-2020 10:02:48 CDT  Opened input file "/pnfs/GM2/mc/run1_gasgun_1062/runs_1567190000/1567190852/gm2ringsim_muon_gasgun_truth_22551291_1567190852.1.root"
19-Jun-2020 10:04:13 CDT  Closed input file "/pnfs/GM2/mc/run1_gasgun_1062/runs_1567190000/1567190852/gm2ringsim_muon_gasgun_truth_22551291_1567190852.1.root"
19-Jun-2020 10:04:13 CDT  Initiating request to open input file "/pnfs/GM2/mc/run1_gasgun_1062/runs_1567190000/1567190852/gm2ringsim_muon_gasgun_truth_22551292_1567190852.1.root"
19-Jun-2020 10:04:13 CDT  Opened input file "/pnfs/GM2/mc/run1_gasgun_1062/runs_1567190000/1567190852/gm2ringsim_muon_gasgun_truth_22551292_1567190852.1.root"
Begin processing the 65000th record. run: 1567190852 subRun: 1 event: 5000 at 19-Jun-2020 10:05:40 CDT
19-Jun-2020 10:05:40 CDT  Closed input file "/pnfs/GM2/mc/run1_gasgun_1062/runs_1567190000/1567190852/gm2ringsim_muon_gasgun_truth_22551292_1567190852.1.root"
19-Jun-2020 10:05:40 CDT  Initiating request to open input file "/pnfs/GM2/mc/run1_gasgun_1062/runs_1567190000/1567190852/gm2ringsim_muon_gasgun_truth_22551293_1567190852.1.root"
19-Jun-2020 10:05:40 CDT  Opened input file "/pnfs/GM2/mc/run1_gasgun_1062/runs_1567190000/1567190852/gm2ringsim_muon_gasgun_truth_22551293_1567190852.1.root"
19-Jun-2020 10:07:08 CDT  Closed input file "/pnfs/GM2/mc/run1_gasgun_1062/runs_1567190000/1567190852/gm2ringsim_muon_gasgun_truth_22551293_1567190852.1.root"
19-Jun-2020 10:07:08 CDT  Initiating request to open input file "/pnfs/GM2/mc/run1_gasgun_1062/runs_1567190000/1567190852/gm2ringsim_muon_gasgun_truth_22551294_1567190852.1.root"
19-Jun-2020 10:07:08 CDT  Opened input file "/pnfs/GM2/mc/run1_gasgun_1062/runs_1567190000/1567190852/gm2ringsim_muon_gasgun_truth_22551294_1567190852.1.root"
19-Jun-2020 10:08:41 CDT  Closed input file "/pnfs/GM2/mc/run1_gasgun_1062/runs_1567190000/1567190852/gm2ringsim_muon_gasgun_truth_22551294_1567190852.1.root"
19-Jun-2020 10:08:41 CDT  Initiating request to open input file "/pnfs/GM2/mc/run1_gasgun_1062/runs_1567190000/1567190852/gm2ringsim_muon_gasgun_truth_22551295_1567190852.1.root"
19-Jun-2020 10:08:41 CDT  Opened input file "/pnfs/GM2/mc/run1_gasgun_1062/runs_1567190000/1567190852/gm2ringsim_muon_gasgun_truth_22551295_1567190852.1.root"
19-Jun-2020 10:10:12 CDT  Closed input file "/pnfs/GM2/mc/run1_gasgun_1062/runs_1567190000/1567190852/gm2ringsim_muon_gasgun_truth_22551295_1567190852.1.root"
19-Jun-2020 10:10:12 CDT  Initiating request to open input file "/pnfs/GM2/mc/run1_gasgun_1062/runs_1567190000/1567190852/gm2ringsim_muon_gasgun_truth_22551296_1567190852.1.root"
19-Jun-2020 10:10:12 CDT  Opened input file "/pnfs/GM2/mc/run1_gasgun_1062/runs_1567190000/1567190852/gm2ringsim_muon_gasgun_truth_22551296_1567190852.1.root"
19-Jun-2020 10:11:36 CDT  Closed input file "/pnfs/GM2/mc/run1_gasgun_1062/runs_1567190000/1567190852/gm2ringsim_muon_gasgun_truth_22551296_1567190852.1.root"
19-Jun-2020 10:11:36 CDT  Initiating request to open input file "/pnfs/GM2/mc/run1_gasgun_1062/runs_1567190000/1567190852/gm2ringsim_muon_gasgun_truth_22551297_1567190852.1.root"
19-Jun-2020 10:11:36 CDT  Opened input file "/pnfs/GM2/mc/run1_gasgun_1062/runs_1567190000/1567190852/gm2ringsim_muon_gasgun_truth_22551297_1567190852.1.root"
19-Jun-2020 10:13:16 CDT  Closed input file "/pnfs/GM2/mc/run1_gasgun_1062/runs_1567190000/1567190852/gm2ringsim_muon_gasgun_truth_22551297_1567190852.1.root"
19-Jun-2020 10:13:16 CDT  Initiating request to open input file "/pnfs/GM2/mc/run1_gasgun_1062/runs_1567190000/1567190852/gm2ringsim_muon_gasgun_truth_22551298_1567190852.1.root"
19-Jun-2020 10:13:16 CDT  Opened input file "/pnfs/GM2/mc/run1_gasgun_1062/runs_1567190000/1567190852/gm2ringsim_muon_gasgun_truth_22551298_1567190852.1.root"
19-Jun-2020 10:14:52 CDT  Closed input file "/pnfs/GM2/mc/run1_gasgun_1062/runs_1567190000/1567190852/gm2ringsim_muon_gasgun_truth_22551298_1567190852.1.root"
19-Jun-2020 10:14:52 CDT  Initiating request to open input file "/pnfs/GM2/mc/run1_gasgun_1062/runs_1567190000/1567190852/gm2ringsim_muon_gasgun_truth_22551299_1567190852.1.root"
19-Jun-2020 10:14:52 CDT  Opened input file "/pnfs/GM2/mc/run1_gasgun_1062/runs_1567190000/1567190852/gm2ringsim_muon_gasgun_truth_22551299_1567190852.1.root"
19-Jun-2020 10:16:17 CDT  Closed input file "/pnfs/GM2/mc/run1_gasgun_1062/runs_1567190000/1567190852/gm2ringsim_muon_gasgun_truth_22551299_1567190852.1.root"
%MSG-i summary:  ImposeDeadTime:deadTime@EndJob 19-Jun-2020 10:16:17 CDT  ModuleEndJob

--------- Tracker Impose Dead Time Report ---------
  Total num digits killed = 0 (of 86779, 0%)
  Total num digits kept = 86779 (of 86779, 100%)
------------------------------------------------

%MSG
%MSG-i summary:  KillStraws:killStraws@EndJob 19-Jun-2020 10:16:17 CDT  ModuleEndJob

--------- Tracker Kill Straws Report ---------
  Num straws to kill = 0
  Total num digits killed = 0 (of 86779, 0%)
  Total num digits kept = 86779 (of 86779, 100%)
----------------------------------------------

%MSG
%MSG-i summary:  RemoveFlash:removeFlash@EndJob 19-Jun-2020 10:16:17 CDT  ModuleEndJob

--------- Tracker Remove Flash Report ---------
  Total num digits removed = 0 (of 86779, 0%)
  Total num digits kept = 86779 (of 86779, 100%)
----------------------------------------------

%MSG

TrigReport ---------- Event  Summary ------------
TrigReport Events total = 100000 passed = 100000 failed = 0

TrigReport ------ Modules in End-Path: end_path ------------
TrigReport  Trig Bit#        Run    Success      Error Name
TrigReport     0    0     100000     100000          0 zero
TrigReport     0    0     100000     100000          0 one
TrigReport     0    0     100000     100000          0 two
TrigReport     0    0     100000     100000          0 three
TrigReport     0    0     100000     100000          0 four
TrigReport     0    0     100000     100000          0 five
TrigReport     0    0     100000     100000          0 six
TrigReport     0    0     100000     100000          0 seven
TrigReport     0    0     100000     100000          0 eight
TrigReport     0    0     100000     100000          0 nine
TrigReport     0    0     100000     100000          0 ten
TrigReport     0    0     100000     100000          0 eleven
TrigReport     0    0     100000     100000          0 twelve
TrigReport     0    0     100000     100000          0 thirteen
TrigReport     0    0     100000     100000          0 fourteen
TrigReport     0    0     100000     100000          0 fifteen
TrigReport     0    0     100000     100000          0 sixteen
TrigReport     0    0     100000     100000          0 seventeen
TrigReport     0    0     100000     100000          0 eighteen
TrigReport     0    0     100000     100000          0 nineteen
TrigReport     0    0     100000     100000          0 twenty

TimeReport ---------- Time  Summary ---[sec]----
TimeReport CPU = 1863.333730 Real = 1865.415846

MemReport  ---------- Memory  Summary ---[base-10 MB]----
MemReport  VmPeak = 2362.77 VmHWM = 1207.89

