19-Jun-2020 01:10:36 CDT  Initiating request to open input file "/pnfs/GM2/mc/run1_gasgun_1062/runs_1567190000/1567190852/gm2ringsim_muon_gasgun_truth_22551200_1567190852.1.root"
19-Jun-2020 01:10:36 CDT  Opened input file "/pnfs/GM2/mc/run1_gasgun_1062/runs_1567190000/1567190852/gm2ringsim_muon_gasgun_truth_22551200_1567190852.1.root"
Begin processing the 1st record. run: 1567190852 subRun: 1 event: 1 at 19-Jun-2020 01:12:28 CDT
Begin processing the 101st record. run: 1567190852 subRun: 1 event: 101 at 19-Jun-2020 01:12:35 CDT
Begin processing the 201st record. run: 1567190852 subRun: 1 event: 201 at 19-Jun-2020 01:12:36 CDT
Begin processing the 301st record. run: 1567190852 subRun: 1 event: 301 at 19-Jun-2020 01:12:37 CDT
Begin processing the 401st record. run: 1567190852 subRun: 1 event: 401 at 19-Jun-2020 01:12:39 CDT
Begin processing the 501st record. run: 1567190852 subRun: 1 event: 501 at 19-Jun-2020 01:12:44 CDT
Begin processing the 601st record. run: 1567190852 subRun: 1 event: 601 at 19-Jun-2020 01:12:44 CDT
Begin processing the 701st record. run: 1567190852 subRun: 1 event: 701 at 19-Jun-2020 01:12:46 CDT
Begin processing the 801st record. run: 1567190852 subRun: 1 event: 801 at 19-Jun-2020 01:12:47 CDT
Begin processing the 901st record. run: 1567190852 subRun: 1 event: 901 at 19-Jun-2020 01:12:47 CDT
Begin processing the 2000th record. run: 1567190852 subRun: 1 event: 2000 at 19-Jun-2020 01:13:10 CDT
Begin processing the 3000th record. run: 1567190852 subRun: 1 event: 3000 at 19-Jun-2020 01:13:34 CDT
Begin processing the 5000th record. run: 1567190852 subRun: 1 event: 5000 at 19-Jun-2020 01:14:27 CDT
19-Jun-2020 01:14:27 CDT  Closed input file "/pnfs/GM2/mc/run1_gasgun_1062/runs_1567190000/1567190852/gm2ringsim_muon_gasgun_truth_22551200_1567190852.1.root"
19-Jun-2020 01:14:27 CDT  Initiating request to open input file "/pnfs/GM2/mc/run1_gasgun_1062/runs_1567190000/1567190852/gm2ringsim_muon_gasgun_truth_22551201_1567190852.1.root"
19-Jun-2020 01:14:27 CDT  Opened input file "/pnfs/GM2/mc/run1_gasgun_1062/runs_1567190000/1567190852/gm2ringsim_muon_gasgun_truth_22551201_1567190852.1.root"
Begin processing the 9000th record. run: 1567190852 subRun: 1 event: 4000 at 19-Jun-2020 01:15:45 CDT
19-Jun-2020 01:16:08 CDT  Closed input file "/pnfs/GM2/mc/run1_gasgun_1062/runs_1567190000/1567190852/gm2ringsim_muon_gasgun_truth_22551201_1567190852.1.root"
19-Jun-2020 01:16:08 CDT  Initiating request to open input file "/pnfs/GM2/mc/run1_gasgun_1062/runs_1567190000/1567190852/gm2ringsim_muon_gasgun_truth_22551202_1567190852.1.root"
19-Jun-2020 01:16:08 CDT  Opened input file "/pnfs/GM2/mc/run1_gasgun_1062/runs_1567190000/1567190852/gm2ringsim_muon_gasgun_truth_22551202_1567190852.1.root"
19-Jun-2020 01:17:53 CDT  Closed input file "/pnfs/GM2/mc/run1_gasgun_1062/runs_1567190000/1567190852/gm2ringsim_muon_gasgun_truth_22551202_1567190852.1.root"
19-Jun-2020 01:17:53 CDT  Initiating request to open input file "/pnfs/GM2/mc/run1_gasgun_1062/runs_1567190000/1567190852/gm2ringsim_muon_gasgun_truth_22551203_1567190852.1.root"
19-Jun-2020 01:17:53 CDT  Opened input file "/pnfs/GM2/mc/run1_gasgun_1062/runs_1567190000/1567190852/gm2ringsim_muon_gasgun_truth_22551203_1567190852.1.root"
Begin processing the 17000th record. run: 1567190852 subRun: 1 event: 2000 at 19-Jun-2020 01:18:27 CDT
19-Jun-2020 01:19:21 CDT  Closed input file "/pnfs/GM2/mc/run1_gasgun_1062/runs_1567190000/1567190852/gm2ringsim_muon_gasgun_truth_22551203_1567190852.1.root"
19-Jun-2020 01:19:21 CDT  Initiating request to open input file "/pnfs/GM2/mc/run1_gasgun_1062/runs_1567190000/1567190852/gm2ringsim_muon_gasgun_truth_22551204_1567190852.1.root"
19-Jun-2020 01:19:21 CDT  Opened input file "/pnfs/GM2/mc/run1_gasgun_1062/runs_1567190000/1567190852/gm2ringsim_muon_gasgun_truth_22551204_1567190852.1.root"
19-Jun-2020 01:20:51 CDT  Closed input file "/pnfs/GM2/mc/run1_gasgun_1062/runs_1567190000/1567190852/gm2ringsim_muon_gasgun_truth_22551204_1567190852.1.root"
19-Jun-2020 01:20:51 CDT  Initiating request to open input file "/pnfs/GM2/mc/run1_gasgun_1062/runs_1567190000/1567190852/gm2ringsim_muon_gasgun_truth_22551205_1567190852.1.root"
19-Jun-2020 01:20:51 CDT  Opened input file "/pnfs/GM2/mc/run1_gasgun_1062/runs_1567190000/1567190852/gm2ringsim_muon_gasgun_truth_22551205_1567190852.1.root"
19-Jun-2020 01:22:28 CDT  Closed input file "/pnfs/GM2/mc/run1_gasgun_1062/runs_1567190000/1567190852/gm2ringsim_muon_gasgun_truth_22551205_1567190852.1.root"
19-Jun-2020 01:22:28 CDT  Initiating request to open input file "/pnfs/GM2/mc/run1_gasgun_1062/runs_1567190000/1567190852/gm2ringsim_muon_gasgun_truth_22551206_1567190852.1.root"
19-Jun-2020 01:22:28 CDT  Opened input file "/pnfs/GM2/mc/run1_gasgun_1062/runs_1567190000/1567190852/gm2ringsim_muon_gasgun_truth_22551206_1567190852.1.root"
Begin processing the 33000th record. run: 1567190852 subRun: 1 event: 3000 at 19-Jun-2020 01:23:26 CDT
19-Jun-2020 01:24:04 CDT  Closed input file "/pnfs/GM2/mc/run1_gasgun_1062/runs_1567190000/1567190852/gm2ringsim_muon_gasgun_truth_22551206_1567190852.1.root"
19-Jun-2020 01:24:04 CDT  Initiating request to open input file "/pnfs/GM2/mc/run1_gasgun_1062/runs_1567190000/1567190852/gm2ringsim_muon_gasgun_truth_22551207_1567190852.1.root"
19-Jun-2020 01:24:04 CDT  Opened input file "/pnfs/GM2/mc/run1_gasgun_1062/runs_1567190000/1567190852/gm2ringsim_muon_gasgun_truth_22551207_1567190852.1.root"
19-Jun-2020 01:25:41 CDT  Closed input file "/pnfs/GM2/mc/run1_gasgun_1062/runs_1567190000/1567190852/gm2ringsim_muon_gasgun_truth_22551207_1567190852.1.root"
19-Jun-2020 01:25:41 CDT  Initiating request to open input file "/pnfs/GM2/mc/run1_gasgun_1062/runs_1567190000/1567190852/gm2ringsim_muon_gasgun_truth_22551208_1567190852.1.root"
19-Jun-2020 01:25:41 CDT  Opened input file "/pnfs/GM2/mc/run1_gasgun_1062/runs_1567190000/1567190852/gm2ringsim_muon_gasgun_truth_22551208_1567190852.1.root"
19-Jun-2020 01:27:09 CDT  Closed input file "/pnfs/GM2/mc/run1_gasgun_1062/runs_1567190000/1567190852/gm2ringsim_muon_gasgun_truth_22551208_1567190852.1.root"
19-Jun-2020 01:27:09 CDT  Initiating request to open input file "/pnfs/GM2/mc/run1_gasgun_1062/runs_1567190000/1567190852/gm2ringsim_muon_gasgun_truth_22551209_1567190852.1.root"
19-Jun-2020 01:27:09 CDT  Opened input file "/pnfs/GM2/mc/run1_gasgun_1062/runs_1567190000/1567190852/gm2ringsim_muon_gasgun_truth_22551209_1567190852.1.root"
19-Jun-2020 01:28:41 CDT  Closed input file "/pnfs/GM2/mc/run1_gasgun_1062/runs_1567190000/1567190852/gm2ringsim_muon_gasgun_truth_22551209_1567190852.1.root"
19-Jun-2020 01:28:41 CDT  Initiating request to open input file "/pnfs/GM2/mc/run1_gasgun_1062/runs_1567190000/1567190852/gm2ringsim_muon_gasgun_truth_22551210_1567190852.1.root"
19-Jun-2020 01:28:41 CDT  Opened input file "/pnfs/GM2/mc/run1_gasgun_1062/runs_1567190000/1567190852/gm2ringsim_muon_gasgun_truth_22551210_1567190852.1.root"
19-Jun-2020 01:30:16 CDT  Closed input file "/pnfs/GM2/mc/run1_gasgun_1062/runs_1567190000/1567190852/gm2ringsim_muon_gasgun_truth_22551210_1567190852.1.root"
19-Jun-2020 01:30:16 CDT  Initiating request to open input file "/pnfs/GM2/mc/run1_gasgun_1062/runs_1567190000/1567190852/gm2ringsim_muon_gasgun_truth_22551211_1567190852.1.root"
19-Jun-2020 01:30:16 CDT  Opened input file "/pnfs/GM2/mc/run1_gasgun_1062/runs_1567190000/1567190852/gm2ringsim_muon_gasgun_truth_22551211_1567190852.1.root"
19-Jun-2020 01:31:56 CDT  Closed input file "/pnfs/GM2/mc/run1_gasgun_1062/runs_1567190000/1567190852/gm2ringsim_muon_gasgun_truth_22551211_1567190852.1.root"
19-Jun-2020 01:31:56 CDT  Initiating request to open input file "/pnfs/GM2/mc/run1_gasgun_1062/runs_1567190000/1567190852/gm2ringsim_muon_gasgun_truth_22551212_1567190852.1.root"
19-Jun-2020 01:31:56 CDT  Opened input file "/pnfs/GM2/mc/run1_gasgun_1062/runs_1567190000/1567190852/gm2ringsim_muon_gasgun_truth_22551212_1567190852.1.root"
Begin processing the 65000th record. run: 1567190852 subRun: 1 event: 5000 at 19-Jun-2020 01:33:32 CDT
19-Jun-2020 01:33:32 CDT  Closed input file "/pnfs/GM2/mc/run1_gasgun_1062/runs_1567190000/1567190852/gm2ringsim_muon_gasgun_truth_22551212_1567190852.1.root"
19-Jun-2020 01:33:32 CDT  Initiating request to open input file "/pnfs/GM2/mc/run1_gasgun_1062/runs_1567190000/1567190852/gm2ringsim_muon_gasgun_truth_22551213_1567190852.1.root"
19-Jun-2020 01:33:32 CDT  Opened input file "/pnfs/GM2/mc/run1_gasgun_1062/runs_1567190000/1567190852/gm2ringsim_muon_gasgun_truth_22551213_1567190852.1.root"
19-Jun-2020 01:35:12 CDT  Closed input file "/pnfs/GM2/mc/run1_gasgun_1062/runs_1567190000/1567190852/gm2ringsim_muon_gasgun_truth_22551213_1567190852.1.root"
19-Jun-2020 01:35:12 CDT  Initiating request to open input file "/pnfs/GM2/mc/run1_gasgun_1062/runs_1567190000/1567190852/gm2ringsim_muon_gasgun_truth_22551214_1567190852.1.root"
19-Jun-2020 01:35:12 CDT  Opened input file "/pnfs/GM2/mc/run1_gasgun_1062/runs_1567190000/1567190852/gm2ringsim_muon_gasgun_truth_22551214_1567190852.1.root"
19-Jun-2020 01:36:46 CDT  Closed input file "/pnfs/GM2/mc/run1_gasgun_1062/runs_1567190000/1567190852/gm2ringsim_muon_gasgun_truth_22551214_1567190852.1.root"
19-Jun-2020 01:36:46 CDT  Initiating request to open input file "/pnfs/GM2/mc/run1_gasgun_1062/runs_1567190000/1567190852/gm2ringsim_muon_gasgun_truth_22551215_1567190852.1.root"
19-Jun-2020 01:36:46 CDT  Opened input file "/pnfs/GM2/mc/run1_gasgun_1062/runs_1567190000/1567190852/gm2ringsim_muon_gasgun_truth_22551215_1567190852.1.root"
19-Jun-2020 01:38:35 CDT  Closed input file "/pnfs/GM2/mc/run1_gasgun_1062/runs_1567190000/1567190852/gm2ringsim_muon_gasgun_truth_22551215_1567190852.1.root"
19-Jun-2020 01:38:35 CDT  Initiating request to open input file "/pnfs/GM2/mc/run1_gasgun_1062/runs_1567190000/1567190852/gm2ringsim_muon_gasgun_truth_22551216_1567190852.1.root"
19-Jun-2020 01:38:35 CDT  Opened input file "/pnfs/GM2/mc/run1_gasgun_1062/runs_1567190000/1567190852/gm2ringsim_muon_gasgun_truth_22551216_1567190852.1.root"
19-Jun-2020 01:40:14 CDT  Closed input file "/pnfs/GM2/mc/run1_gasgun_1062/runs_1567190000/1567190852/gm2ringsim_muon_gasgun_truth_22551216_1567190852.1.root"
19-Jun-2020 01:40:14 CDT  Initiating request to open input file "/pnfs/GM2/mc/run1_gasgun_1062/runs_1567190000/1567190852/gm2ringsim_muon_gasgun_truth_22551217_1567190852.1.root"
19-Jun-2020 01:40:14 CDT  Opened input file "/pnfs/GM2/mc/run1_gasgun_1062/runs_1567190000/1567190852/gm2ringsim_muon_gasgun_truth_22551217_1567190852.1.root"
19-Jun-2020 01:41:44 CDT  Closed input file "/pnfs/GM2/mc/run1_gasgun_1062/runs_1567190000/1567190852/gm2ringsim_muon_gasgun_truth_22551217_1567190852.1.root"
19-Jun-2020 01:41:44 CDT  Initiating request to open input file "/pnfs/GM2/mc/run1_gasgun_1062/runs_1567190000/1567190852/gm2ringsim_muon_gasgun_truth_22551219_1567190852.1.root"
19-Jun-2020 01:41:44 CDT  Opened input file "/pnfs/GM2/mc/run1_gasgun_1062/runs_1567190000/1567190852/gm2ringsim_muon_gasgun_truth_22551219_1567190852.1.root"
19-Jun-2020 01:43:18 CDT  Closed input file "/pnfs/GM2/mc/run1_gasgun_1062/runs_1567190000/1567190852/gm2ringsim_muon_gasgun_truth_22551219_1567190852.1.root"
%MSG-i summary:  ImposeDeadTime:deadTime@EndJob 19-Jun-2020 01:43:18 CDT  ModuleEndJob

--------- Tracker Impose Dead Time Report ---------
  Total num digits killed = 0 (of 83496, 0%)
  Total num digits kept = 83496 (of 83496, 100%)
------------------------------------------------

%MSG
%MSG-i summary:  KillStraws:killStraws@EndJob 19-Jun-2020 01:43:18 CDT  ModuleEndJob

--------- Tracker Kill Straws Report ---------
  Num straws to kill = 0
  Total num digits killed = 0 (of 83496, 0%)
  Total num digits kept = 83496 (of 83496, 100%)
----------------------------------------------

%MSG
%MSG-i summary:  RemoveFlash:removeFlash@EndJob 19-Jun-2020 01:43:18 CDT  ModuleEndJob

--------- Tracker Remove Flash Report ---------
  Total num digits removed = 0 (of 83496, 0%)
  Total num digits kept = 83496 (of 83496, 100%)
----------------------------------------------

%MSG

TrigReport ---------- Event  Summary ------------
TrigReport Events total = 95000 passed = 95000 failed = 0

TrigReport ------ Modules in End-Path: end_path ------------
TrigReport  Trig Bit#        Run    Success      Error Name
TrigReport     0    0      95000      95000          0 zero
TrigReport     0    0      95000      95000          0 one
TrigReport     0    0      95000      95000          0 two
TrigReport     0    0      95000      95000          0 three
TrigReport     0    0      95000      95000          0 four
TrigReport     0    0      95000      95000          0 five
TrigReport     0    0      95000      95000          0 six
TrigReport     0    0      95000      95000          0 seven
TrigReport     0    0      95000      95000          0 eight
TrigReport     0    0      95000      95000          0 nine
TrigReport     0    0      95000      95000          0 ten
TrigReport     0    0      95000      95000          0 eleven
TrigReport     0    0      95000      95000          0 twelve
TrigReport     0    0      95000      95000          0 thirteen
TrigReport     0    0      95000      95000          0 fourteen
TrigReport     0    0      95000      95000          0 fifteen
TrigReport     0    0      95000      95000          0 sixteen
TrigReport     0    0      95000      95000          0 seventeen
TrigReport     0    0      95000      95000          0 eighteen
TrigReport     0    0      95000      95000          0 nineteen
TrigReport     0    0      95000      95000          0 twenty

TimeReport ---------- Time  Summary ---[sec]----
TimeReport CPU = 1919.546185 Real = 1924.885448

MemReport  ---------- Memory  Summary ---[base-10 MB]----
MemReport  VmPeak = 2353.99 VmHWM = 1130.06

