19-Jun-2020 14:04:29 CDT  Initiating request to open input file "/pnfs/GM2/mc/run1_gasgun_1062/runs_1567190000/1567190852/gm2ringsim_muon_gasgun_truth_22551380_1567190852.1.root"
19-Jun-2020 14:04:30 CDT  Opened input file "/pnfs/GM2/mc/run1_gasgun_1062/runs_1567190000/1567190852/gm2ringsim_muon_gasgun_truth_22551380_1567190852.1.root"
Begin processing the 1st record. run: 1567190852 subRun: 1 event: 1 at 19-Jun-2020 14:06:23 CDT
Begin processing the 101st record. run: 1567190852 subRun: 1 event: 101 at 19-Jun-2020 14:06:25 CDT
Begin processing the 201st record. run: 1567190852 subRun: 1 event: 201 at 19-Jun-2020 14:06:26 CDT
Begin processing the 301st record. run: 1567190852 subRun: 1 event: 301 at 19-Jun-2020 14:06:27 CDT
Begin processing the 401st record. run: 1567190852 subRun: 1 event: 401 at 19-Jun-2020 14:06:31 CDT
Begin processing the 501st record. run: 1567190852 subRun: 1 event: 501 at 19-Jun-2020 14:06:34 CDT
Begin processing the 601st record. run: 1567190852 subRun: 1 event: 601 at 19-Jun-2020 14:06:35 CDT
Begin processing the 701st record. run: 1567190852 subRun: 1 event: 701 at 19-Jun-2020 14:06:39 CDT
Begin processing the 801st record. run: 1567190852 subRun: 1 event: 801 at 19-Jun-2020 14:06:39 CDT
Begin processing the 901st record. run: 1567190852 subRun: 1 event: 901 at 19-Jun-2020 14:06:41 CDT
Begin processing the 2000th record. run: 1567190852 subRun: 1 event: 2000 at 19-Jun-2020 14:07:06 CDT
Begin processing the 3000th record. run: 1567190852 subRun: 1 event: 3000 at 19-Jun-2020 14:07:23 CDT
Begin processing the 5000th record. run: 1567190852 subRun: 1 event: 5000 at 19-Jun-2020 14:08:08 CDT
19-Jun-2020 14:08:08 CDT  Closed input file "/pnfs/GM2/mc/run1_gasgun_1062/runs_1567190000/1567190852/gm2ringsim_muon_gasgun_truth_22551380_1567190852.1.root"
19-Jun-2020 14:08:08 CDT  Initiating request to open input file "/pnfs/GM2/mc/run1_gasgun_1062/runs_1567190000/1567190852/gm2ringsim_muon_gasgun_truth_22551381_1567190852.1.root"
19-Jun-2020 14:08:08 CDT  Opened input file "/pnfs/GM2/mc/run1_gasgun_1062/runs_1567190000/1567190852/gm2ringsim_muon_gasgun_truth_22551381_1567190852.1.root"
Begin processing the 9000th record. run: 1567190852 subRun: 1 event: 4000 at 19-Jun-2020 14:09:21 CDT
19-Jun-2020 14:09:37 CDT  Closed input file "/pnfs/GM2/mc/run1_gasgun_1062/runs_1567190000/1567190852/gm2ringsim_muon_gasgun_truth_22551381_1567190852.1.root"
19-Jun-2020 14:09:37 CDT  Initiating request to open input file "/pnfs/GM2/mc/run1_gasgun_1062/runs_1567190000/1567190852/gm2ringsim_muon_gasgun_truth_22551382_1567190852.1.root"
19-Jun-2020 14:09:37 CDT  Opened input file "/pnfs/GM2/mc/run1_gasgun_1062/runs_1567190000/1567190852/gm2ringsim_muon_gasgun_truth_22551382_1567190852.1.root"
19-Jun-2020 14:11:15 CDT  Closed input file "/pnfs/GM2/mc/run1_gasgun_1062/runs_1567190000/1567190852/gm2ringsim_muon_gasgun_truth_22551382_1567190852.1.root"
19-Jun-2020 14:11:15 CDT  Initiating request to open input file "/pnfs/GM2/mc/run1_gasgun_1062/runs_1567190000/1567190852/gm2ringsim_muon_gasgun_truth_22551383_1567190852.1.root"
19-Jun-2020 14:11:15 CDT  Opened input file "/pnfs/GM2/mc/run1_gasgun_1062/runs_1567190000/1567190852/gm2ringsim_muon_gasgun_truth_22551383_1567190852.1.root"
Begin processing the 17000th record. run: 1567190852 subRun: 1 event: 2000 at 19-Jun-2020 14:11:55 CDT
19-Jun-2020 14:12:47 CDT  Closed input file "/pnfs/GM2/mc/run1_gasgun_1062/runs_1567190000/1567190852/gm2ringsim_muon_gasgun_truth_22551383_1567190852.1.root"
19-Jun-2020 14:12:47 CDT  Initiating request to open input file "/pnfs/GM2/mc/run1_gasgun_1062/runs_1567190000/1567190852/gm2ringsim_muon_gasgun_truth_22551384_1567190852.1.root"
19-Jun-2020 14:12:47 CDT  Opened input file "/pnfs/GM2/mc/run1_gasgun_1062/runs_1567190000/1567190852/gm2ringsim_muon_gasgun_truth_22551384_1567190852.1.root"
19-Jun-2020 14:14:24 CDT  Closed input file "/pnfs/GM2/mc/run1_gasgun_1062/runs_1567190000/1567190852/gm2ringsim_muon_gasgun_truth_22551384_1567190852.1.root"
19-Jun-2020 14:14:24 CDT  Initiating request to open input file "/pnfs/GM2/mc/run1_gasgun_1062/runs_1567190000/1567190852/gm2ringsim_muon_gasgun_truth_22551385_1567190852.1.root"
19-Jun-2020 14:14:25 CDT  Opened input file "/pnfs/GM2/mc/run1_gasgun_1062/runs_1567190000/1567190852/gm2ringsim_muon_gasgun_truth_22551385_1567190852.1.root"
19-Jun-2020 14:16:11 CDT  Closed input file "/pnfs/GM2/mc/run1_gasgun_1062/runs_1567190000/1567190852/gm2ringsim_muon_gasgun_truth_22551385_1567190852.1.root"
19-Jun-2020 14:16:11 CDT  Initiating request to open input file "/pnfs/GM2/mc/run1_gasgun_1062/runs_1567190000/1567190852/gm2ringsim_muon_gasgun_truth_22551386_1567190852.1.root"
19-Jun-2020 14:16:11 CDT  Opened input file "/pnfs/GM2/mc/run1_gasgun_1062/runs_1567190000/1567190852/gm2ringsim_muon_gasgun_truth_22551386_1567190852.1.root"
Begin processing the 33000th record. run: 1567190852 subRun: 1 event: 3000 at 19-Jun-2020 14:17:15 CDT
19-Jun-2020 14:17:49 CDT  Closed input file "/pnfs/GM2/mc/run1_gasgun_1062/runs_1567190000/1567190852/gm2ringsim_muon_gasgun_truth_22551386_1567190852.1.root"
19-Jun-2020 14:17:49 CDT  Initiating request to open input file "/pnfs/GM2/mc/run1_gasgun_1062/runs_1567190000/1567190852/gm2ringsim_muon_gasgun_truth_22551387_1567190852.1.root"
19-Jun-2020 14:17:49 CDT  Opened input file "/pnfs/GM2/mc/run1_gasgun_1062/runs_1567190000/1567190852/gm2ringsim_muon_gasgun_truth_22551387_1567190852.1.root"
19-Jun-2020 14:19:19 CDT  Closed input file "/pnfs/GM2/mc/run1_gasgun_1062/runs_1567190000/1567190852/gm2ringsim_muon_gasgun_truth_22551387_1567190852.1.root"
19-Jun-2020 14:19:19 CDT  Initiating request to open input file "/pnfs/GM2/mc/run1_gasgun_1062/runs_1567190000/1567190852/gm2ringsim_muon_gasgun_truth_22551388_1567190852.1.root"
19-Jun-2020 14:19:19 CDT  Opened input file "/pnfs/GM2/mc/run1_gasgun_1062/runs_1567190000/1567190852/gm2ringsim_muon_gasgun_truth_22551388_1567190852.1.root"
19-Jun-2020 14:20:53 CDT  Closed input file "/pnfs/GM2/mc/run1_gasgun_1062/runs_1567190000/1567190852/gm2ringsim_muon_gasgun_truth_22551388_1567190852.1.root"
19-Jun-2020 14:20:53 CDT  Initiating request to open input file "/pnfs/GM2/mc/run1_gasgun_1062/runs_1567190000/1567190852/gm2ringsim_muon_gasgun_truth_22551389_1567190852.1.root"
19-Jun-2020 14:20:54 CDT  Opened input file "/pnfs/GM2/mc/run1_gasgun_1062/runs_1567190000/1567190852/gm2ringsim_muon_gasgun_truth_22551389_1567190852.1.root"
19-Jun-2020 14:22:30 CDT  Closed input file "/pnfs/GM2/mc/run1_gasgun_1062/runs_1567190000/1567190852/gm2ringsim_muon_gasgun_truth_22551389_1567190852.1.root"
19-Jun-2020 14:22:30 CDT  Initiating request to open input file "/pnfs/GM2/mc/run1_gasgun_1062/runs_1567190000/1567190852/gm2ringsim_muon_gasgun_truth_22551390_1567190852.1.root"
19-Jun-2020 14:22:30 CDT  Opened input file "/pnfs/GM2/mc/run1_gasgun_1062/runs_1567190000/1567190852/gm2ringsim_muon_gasgun_truth_22551390_1567190852.1.root"
19-Jun-2020 14:24:06 CDT  Closed input file "/pnfs/GM2/mc/run1_gasgun_1062/runs_1567190000/1567190852/gm2ringsim_muon_gasgun_truth_22551390_1567190852.1.root"
19-Jun-2020 14:24:06 CDT  Initiating request to open input file "/pnfs/GM2/mc/run1_gasgun_1062/runs_1567190000/1567190852/gm2ringsim_muon_gasgun_truth_22551391_1567190852.1.root"
19-Jun-2020 14:24:06 CDT  Opened input file "/pnfs/GM2/mc/run1_gasgun_1062/runs_1567190000/1567190852/gm2ringsim_muon_gasgun_truth_22551391_1567190852.1.root"
19-Jun-2020 14:25:47 CDT  Closed input file "/pnfs/GM2/mc/run1_gasgun_1062/runs_1567190000/1567190852/gm2ringsim_muon_gasgun_truth_22551391_1567190852.1.root"
19-Jun-2020 14:25:47 CDT  Initiating request to open input file "/pnfs/GM2/mc/run1_gasgun_1062/runs_1567190000/1567190852/gm2ringsim_muon_gasgun_truth_22551392_1567190852.1.root"
19-Jun-2020 14:25:47 CDT  Opened input file "/pnfs/GM2/mc/run1_gasgun_1062/runs_1567190000/1567190852/gm2ringsim_muon_gasgun_truth_22551392_1567190852.1.root"
Begin processing the 65000th record. run: 1567190852 subRun: 1 event: 5000 at 19-Jun-2020 14:27:12 CDT
19-Jun-2020 14:27:12 CDT  Closed input file "/pnfs/GM2/mc/run1_gasgun_1062/runs_1567190000/1567190852/gm2ringsim_muon_gasgun_truth_22551392_1567190852.1.root"
19-Jun-2020 14:27:12 CDT  Initiating request to open input file "/pnfs/GM2/mc/run1_gasgun_1062/runs_1567190000/1567190852/gm2ringsim_muon_gasgun_truth_22551393_1567190852.1.root"
19-Jun-2020 14:27:13 CDT  Opened input file "/pnfs/GM2/mc/run1_gasgun_1062/runs_1567190000/1567190852/gm2ringsim_muon_gasgun_truth_22551393_1567190852.1.root"
19-Jun-2020 14:28:47 CDT  Closed input file "/pnfs/GM2/mc/run1_gasgun_1062/runs_1567190000/1567190852/gm2ringsim_muon_gasgun_truth_22551393_1567190852.1.root"
19-Jun-2020 14:28:47 CDT  Initiating request to open input file "/pnfs/GM2/mc/run1_gasgun_1062/runs_1567190000/1567190852/gm2ringsim_muon_gasgun_truth_22551394_1567190852.1.root"
19-Jun-2020 14:28:47 CDT  Opened input file "/pnfs/GM2/mc/run1_gasgun_1062/runs_1567190000/1567190852/gm2ringsim_muon_gasgun_truth_22551394_1567190852.1.root"
19-Jun-2020 14:30:26 CDT  Closed input file "/pnfs/GM2/mc/run1_gasgun_1062/runs_1567190000/1567190852/gm2ringsim_muon_gasgun_truth_22551394_1567190852.1.root"
19-Jun-2020 14:30:26 CDT  Initiating request to open input file "/pnfs/GM2/mc/run1_gasgun_1062/runs_1567190000/1567190852/gm2ringsim_muon_gasgun_truth_22551395_1567190852.1.root"
19-Jun-2020 14:30:26 CDT  Opened input file "/pnfs/GM2/mc/run1_gasgun_1062/runs_1567190000/1567190852/gm2ringsim_muon_gasgun_truth_22551395_1567190852.1.root"
19-Jun-2020 14:32:04 CDT  Closed input file "/pnfs/GM2/mc/run1_gasgun_1062/runs_1567190000/1567190852/gm2ringsim_muon_gasgun_truth_22551395_1567190852.1.root"
19-Jun-2020 14:32:04 CDT  Initiating request to open input file "/pnfs/GM2/mc/run1_gasgun_1062/runs_1567190000/1567190852/gm2ringsim_muon_gasgun_truth_22551396_1567190852.1.root"
19-Jun-2020 14:32:04 CDT  Opened input file "/pnfs/GM2/mc/run1_gasgun_1062/runs_1567190000/1567190852/gm2ringsim_muon_gasgun_truth_22551396_1567190852.1.root"
19-Jun-2020 14:33:41 CDT  Closed input file "/pnfs/GM2/mc/run1_gasgun_1062/runs_1567190000/1567190852/gm2ringsim_muon_gasgun_truth_22551396_1567190852.1.root"
19-Jun-2020 14:33:41 CDT  Initiating request to open input file "/pnfs/GM2/mc/run1_gasgun_1062/runs_1567190000/1567190852/gm2ringsim_muon_gasgun_truth_22551397_1567190852.1.root"
19-Jun-2020 14:33:41 CDT  Opened input file "/pnfs/GM2/mc/run1_gasgun_1062/runs_1567190000/1567190852/gm2ringsim_muon_gasgun_truth_22551397_1567190852.1.root"
19-Jun-2020 14:35:04 CDT  Closed input file "/pnfs/GM2/mc/run1_gasgun_1062/runs_1567190000/1567190852/gm2ringsim_muon_gasgun_truth_22551397_1567190852.1.root"
19-Jun-2020 14:35:04 CDT  Initiating request to open input file "/pnfs/GM2/mc/run1_gasgun_1062/runs_1567190000/1567190852/gm2ringsim_muon_gasgun_truth_22551398_1567190852.1.root"
19-Jun-2020 14:35:04 CDT  Opened input file "/pnfs/GM2/mc/run1_gasgun_1062/runs_1567190000/1567190852/gm2ringsim_muon_gasgun_truth_22551398_1567190852.1.root"
19-Jun-2020 14:36:34 CDT  Closed input file "/pnfs/GM2/mc/run1_gasgun_1062/runs_1567190000/1567190852/gm2ringsim_muon_gasgun_truth_22551398_1567190852.1.root"
19-Jun-2020 14:36:34 CDT  Initiating request to open input file "/pnfs/GM2/mc/run1_gasgun_1062/runs_1567190000/1567190852/gm2ringsim_muon_gasgun_truth_22551399_1567190852.1.root"
19-Jun-2020 14:36:34 CDT  Opened input file "/pnfs/GM2/mc/run1_gasgun_1062/runs_1567190000/1567190852/gm2ringsim_muon_gasgun_truth_22551399_1567190852.1.root"
19-Jun-2020 14:38:11 CDT  Closed input file "/pnfs/GM2/mc/run1_gasgun_1062/runs_1567190000/1567190852/gm2ringsim_muon_gasgun_truth_22551399_1567190852.1.root"
%MSG-i summary:  ImposeDeadTime:deadTime@EndJob 19-Jun-2020 14:38:11 CDT  ModuleEndJob

--------- Tracker Impose Dead Time Report ---------
  Total num digits killed = 0 (of 84614, 0%)
  Total num digits kept = 84614 (of 84614, 100%)
------------------------------------------------

%MSG
%MSG-i summary:  KillStraws:killStraws@EndJob 19-Jun-2020 14:38:11 CDT  ModuleEndJob

--------- Tracker Kill Straws Report ---------
  Num straws to kill = 0
  Total num digits killed = 0 (of 84614, 0%)
  Total num digits kept = 84614 (of 84614, 100%)
----------------------------------------------

%MSG
%MSG-i summary:  RemoveFlash:removeFlash@EndJob 19-Jun-2020 14:38:11 CDT  ModuleEndJob

--------- Tracker Remove Flash Report ---------
  Total num digits removed = 0 (of 84614, 0%)
  Total num digits kept = 84614 (of 84614, 100%)
----------------------------------------------

%MSG

TrigReport ---------- Event  Summary ------------
TrigReport Events total = 100000 passed = 100000 failed = 0

TrigReport ------ Modules in End-Path: end_path ------------
TrigReport  Trig Bit#        Run    Success      Error Name
TrigReport     0    0     100000     100000          0 zero
TrigReport     0    0     100000     100000          0 one
TrigReport     0    0     100000     100000          0 two
TrigReport     0    0     100000     100000          0 three
TrigReport     0    0     100000     100000          0 four
TrigReport     0    0     100000     100000          0 five
TrigReport     0    0     100000     100000          0 six
TrigReport     0    0     100000     100000          0 seven
TrigReport     0    0     100000     100000          0 eight
TrigReport     0    0     100000     100000          0 nine
TrigReport     0    0     100000     100000          0 ten
TrigReport     0    0     100000     100000          0 eleven
TrigReport     0    0     100000     100000          0 twelve
TrigReport     0    0     100000     100000          0 thirteen
TrigReport     0    0     100000     100000          0 fourteen
TrigReport     0    0     100000     100000          0 fifteen
TrigReport     0    0     100000     100000          0 sixteen
TrigReport     0    0     100000     100000          0 seventeen
TrigReport     0    0     100000     100000          0 eighteen
TrigReport     0    0     100000     100000          0 nineteen
TrigReport     0    0     100000     100000          0 twenty

TimeReport ---------- Time  Summary ---[sec]----
TimeReport CPU = 1960.593944 Real = 1983.865484

MemReport  ---------- Memory  Summary ---[base-10 MB]----
MemReport  VmPeak = 2361.58 VmHWM = 1200.49

