05-Aug-2020 16:29:34 CDT  Initiating request to open input file "gm2offline_full_17632340_15921.00313.root"
05-Aug-2020 16:29:35 CDT  Opened input file "gm2offline_full_17632340_15921.00313.root"
Begin processing the 1st record. run: 15921 subRun: 313 event: 1 at 05-Aug-2020 16:32:35 CDT
Begin processing the 101st record. run: 15921 subRun: 313 event: 101 at 05-Aug-2020 21:30:44 CDT
06-Aug-2020 00:18:13 CDT  Closed input file "gm2offline_full_17632340_15921.00313.root"
%MSG-i summary:  ImposeDeadTime:deadTime@EndJob 06-Aug-2020 00:18:13 CDT  ModuleEndJob

--------- Tracker Impose Dead Time Report ---------
  Total num digits killed = 65607 (of 589355, 11.132%)
  Total num digits kept = 523748 (of 589355, 88.868%)
------------------------------------------------

%MSG
%MSG-i summary:  KillStraws:killStraws@EndJob 06-Aug-2020 00:18:13 CDT  ModuleEndJob

--------- Tracker Kill Straws Report ---------
  Num straws to kill = 0
  Total num digits killed = 0 (of 589355, 0%)
  Total num digits kept = 589355 (of 589355, 100%)
----------------------------------------------

%MSG
%MSG-i summary:  RemoveFlash:removeFlash@EndJob 06-Aug-2020 00:18:13 CDT  ModuleEndJob

--------- Tracker Remove Flash Report ---------
  Total num digits removed = 0 (of 589355, 0%)
  Total num digits kept = 589355 (of 589355, 100%)
----------------------------------------------

%MSG

====================================================================================================================================
TimeTracker printout (sec)                            Min           Avg           Max         Median          RMS         nEvts   
====================================================================================================================================
Full event                                        0.00379846      180.079       498.388      0.0980894      193.791        155    
------------------------------------------------------------------------------------------------------------------------------------
source:RootInput(read)                            0.000405919   0.00580055     0.0256632    0.000729633   0.00728368       155    
trackPath:TrackFilter:TrackerFillTypeFilter       0.00314307     0.0395625     0.135808      0.0386802     0.0222024       155    
trackPath:TriggerResults:TriggerResultInserter     2.214e-05    4.63247e-05   0.00186644    3.6457e-05     0.0001471       155    
end_path:mainFit:LowDCAsPlots                      5.098e-06     0.0349516     0.191679     1.5086e-05     0.0418815       155    
end_path:FSQ:LowDCAsPlots                          2.375e-06     0.0270331     0.109154      3.841e-06     0.0299849       155    
end_path:A:LowDCAsPlots                            2.235e-06     0.0264517     0.105402      4.819e-06     0.0293119       155    
end_path:B:LowDCAsPlots                            2.305e-06     0.0229676     0.0840147     3.981e-06     0.0254227       155    
end_path:C:LowDCAsPlots                            2.165e-06     0.0226562     0.081687      3.911e-06     0.0250984       155    
end_path:D:LowDCAsPlots                            2.095e-06     0.0223303     0.0809839     3.841e-06     0.0247746       155    
end_path:E:LowDCAsPlots                            2.095e-06     0.0221492     0.0801949     3.981e-06     0.0245788       155    
end_path:F:LowDCAsPlots                            2.095e-06     0.0219682     0.0796304     4.05e-06      0.0244077       155    
end_path:G:LowDCAsPlots                            2.095e-06     0.0218676     0.0787976     4.191e-06      0.02423        155    
end_path:H:LowDCAsPlots                            2.305e-06     0.0216694     0.0795394      4.4e-06      0.0240852       155    
end_path:I:LowDCAsPlots                            2.165e-06     0.0215706     0.078335      3.701e-06     0.0239768       155    
end_path:J:LowDCAsPlots                            2.025e-06     0.0214703     0.0780853     3.981e-06     0.0238806       155    
end_path:K:LowDCAsPlots                            2.165e-06     0.021382      0.0769571     3.562e-06     0.0237872       155    
end_path:L:LowDCAsPlots                            2.096e-06     0.021114      0.0759952     3.562e-06     0.0234905       155    
end_path:M:LowDCAsPlots                            2.096e-06     0.0209533     0.0756771     4.051e-06     0.0233276       155    
end_path:N:LowDCAsPlots                            2.095e-06     0.0207375     0.0747962     4.051e-06     0.0230961       155    
end_path:O:LowDCAsPlots                            2.025e-06     0.0206543     0.0744101     3.842e-06     0.0230369       155    
end_path:P:LowDCAsPlots                            2.235e-06     0.0205017     0.0744254     3.631e-06     0.0228013       155    
end_path:Q:LowDCAsPlots                            2.165e-06     0.0203947     0.0733124     3.841e-06     0.022693        155    
end_path:R:LowDCAsPlots                            2.165e-06     0.0202751     0.0734502     3.632e-06     0.0225675       155    
end_path:S:LowDCAsPlots                            2.095e-06     0.0201979     0.074365      3.772e-06     0.0224968       155    
end_path:T:LowDCAsPlots                            2.095e-06     0.0200709     0.0734212     3.981e-06     0.0223475       155    
end_path:U:LowDCAsPlots                            2.025e-06     0.0199905     0.0743665     3.911e-06     0.0222705       155    
end_path:V:LowDCAsPlots                            2.026e-06     0.0198548     0.0733194     3.771e-06     0.022087        155    
end_path:X:LowDCAsPlots                            2.095e-06     0.0198348     0.0733055     3.771e-06     0.0220776       155    
end_path:Y:LowDCAsPlots                            2.235e-06     0.0197251     0.0733695     3.981e-06     0.0219639       155    
end_path:Z:LowDCAsPlots                            2.165e-06     0.0196059     0.0725445     3.772e-06     0.0218438       155    
end_path:AA:LowDCAsPlots                           2.165e-06     0.0194983     0.0730696     3.702e-06     0.0217267       155    
end_path:AB:LowDCAsPlots                           2.165e-06     0.0194626     0.0724116     3.772e-06     0.021679        155    
end_path:AC:LowDCAsPlots                           2.026e-06     0.0194308     0.0731961     4.191e-06     0.0216461       155    
end_path:AD:LowDCAsPlots                           2.165e-06     0.0194375     0.0732545     4.121e-06     0.0216793       155    
end_path:AE:LowDCAsPlots                           2.096e-06      0.01939      0.0728711     3.771e-06     0.0216192       155    
end_path:AF:LowDCAsPlots                           2.165e-06     0.0191357     0.0729648     3.701e-06     0.0213643       155    
end_path:AG:LowDCAsPlots                           2.165e-06     0.0189746     0.0728929     4.33e-06      0.0211883       155    
end_path:AH:LowDCAsPlots                           2.235e-06     0.0188045     0.0738256     3.842e-06     0.0210363       155    
end_path:AI:LowDCAsPlots                           2.165e-06     0.0186376     0.0726946     3.632e-06     0.0208892       155    
end_path:AJ:LowDCAsPlots                           2.095e-06     0.0184408     0.0717207     3.701e-06     0.0206661       155    
trackPath:artg4:BuildCoordSystems                  2.374e-06    2.99936e-06    6.146e-06     2.864e-06    5.87425e-07      73     
trackPath:removeFlash:RemoveFlash                  0.0096356     0.031212      0.0560787     0.032615      0.0128044       73     
trackPath:killStraws:KillStraws                   0.00106494    0.00144589    0.00307693    0.00148986    0.00029222       73     
trackPath:digitTimeSync:DigitTimeSyncer           0.000757011   0.00104537    0.00283591    0.00102625    0.000246019      73     
trackPath:deadTime:ImposeDeadTime                 0.00786777     0.0101242      0.0137       0.0102666    0.00107842       73     
trackPath:timeIslands:TimeIsland                  0.00209943    0.00317866    0.00420634    0.00324937    0.00044937       73     
trackPath:clustering:ClusterFormation              0.0125932     0.0191958     0.0243922     0.019596     0.00256295       73     
trackPath:seeds:SeedFormation                      0.036221      0.0556025     0.088218      0.0555736    0.00895039       73     
trackPath:trackCandidates:TrackFinding             0.0707008     0.108589      0.146359      0.109161      0.0178831       73     
trackPath:candidateCleaner:CandidateCleaner       0.00340812    0.00538031    0.00789878    0.00541404    0.00103168       73     
trackPath:t0Finder:T0Finder                         5.72865       7.54956       9.36758       7.56641      0.830557        73     
trackPath:driftDistReco:DriftDistanceCal          0.00520758    0.00739469     0.010936      0.0074136    0.00120226       73     
trackPath:tracksMainFit:GeaneReco                   5.1135        6.99056       8.66884       6.99427      0.797429        73     
trackPath:tracksFSQ:GeaneReco                       14.3623       19.8845       24.2214       19.8494       2.31838        73     
trackPath:tracksA:GeaneReco                         15.1814       20.7402       25.8675       20.6104       2.62573        73     
trackPath:tracksB:GeaneReco                         8.44373       11.4155       14.8614       11.4754       1.53935        73     
trackPath:tracksC:GeaneReco                         8.28001       11.1607       14.6825       11.2652       1.51884        73     
trackPath:tracksD:GeaneReco                         8.22723       11.0293       14.4811       11.1394       1.5105         73     
trackPath:tracksE:GeaneReco                         7.84226       10.9219       14.5379       11.0481       1.50244        73     
trackPath:tracksF:GeaneReco                         7.79988       10.8073       14.2458       11.0127       1.49407        73     
trackPath:tracksG:GeaneReco                         7.69219       10.7371       14.2611       10.9546       1.47656        73     
trackPath:tracksH:GeaneReco                         7.67342       10.6498       13.8366       10.8747       1.45402        73     
trackPath:tracksI:GeaneReco                         7.66555       10.5964       13.7589       10.8168       1.44707        73     
trackPath:tracksJ:GeaneReco                         7.62007       10.5531       13.5524       10.6533       1.42969        73     
trackPath:tracksK:GeaneReco                         7.5768        10.5049       13.6113       10.677        1.43449        73     
trackPath:tracksL:GeaneReco                         7.37338       10.159        13.2278       10.2476       1.36961        73     
trackPath:tracksM:GeaneReco                         7.25026       9.97268       12.9344       10.0821       1.34399        73     
trackPath:tracksN:GeaneReco                         6.93676       9.82068       12.7397       9.91994       1.33456        73     
trackPath:tracksO:GeaneReco                         6.94394       9.71427       12.7263       9.79894       1.31958        73     
trackPath:tracksP:GeaneReco                         6.93542       9.60603       12.581        9.69513       1.30117        73     
trackPath:tracksQ:GeaneReco                         6.92365       9.50612       12.5887       9.57774       1.30345        73     
trackPath:tracksR:GeaneReco                         6.85668       9.41228       12.5735       9.47594       1.29984        73     
trackPath:tracksS:GeaneReco                         6.83329       9.33302       12.5719       9.41357       1.27778        73     
trackPath:tracksT:GeaneReco                         6.56323       9.25323       12.4708       9.36834       1.27296        73     
trackPath:tracksU:GeaneReco                         6.55363       9.19895       12.4233       9.30664       1.26758        73     
trackPath:tracksV:GeaneReco                         6.34674       9.1317        12.3629       9.20434       1.27206        73     
trackPath:tracksX:GeaneReco                         6.34285       9.04378       12.3819       9.14879        1.277         73     
trackPath:tracksY:GeaneReco                         6.34726       8.99708       12.123        9.08536       1.26876        73     
trackPath:tracksZ:GeaneReco                         6.34157       8.94089       12.109        9.03043       1.2654         73     
trackPath:tracksAA:GeaneReco                        6.33258       8.86722       12.0209       8.99437       1.25293        73     
trackPath:tracksAB:GeaneReco                        6.2703        8.82325       11.8591       8.94848       1.23806        73     
trackPath:tracksAC:GeaneReco                        6.26509       8.78853       11.7954       8.89737       1.21724        73     
trackPath:tracksAD:GeaneReco                        6.10818       8.72384       11.5633       8.82264       1.20137        73     
trackPath:tracksAE:GeaneReco                        6.10828       8.67444       11.5517       8.78457       1.18039        73     
trackPath:tracksAF:GeaneReco                        6.05082       8.47661       11.1569       8.62126       1.12069        73     
trackPath:tracksAG:GeaneReco                        5.87131       8.30552       11.1373       8.35179       1.08231        73     
trackPath:tracksAH:GeaneReco                        5.71786       8.14428       11.1683       8.16461       1.08345        73     
trackPath:tracksAI:GeaneReco                        5.57256       8.0243        10.9388       8.01303       1.06312        73     
trackPath:tracksAJ:GeaneReco                        5.56462       7.89461       10.9254       7.77501       1.04297        73     
====================================================================================================================================

TrigReport ---------- Event  Summary ------------
TrigReport Events total = 155 passed = 73 failed = 82

TrigReport ------ Modules in End-Path: end_path ------------
TrigReport  Trig Bit#        Run    Success      Error Name
TrigReport     0    0         73         73          0 mainFit
TrigReport     0    0         73         73          0 FSQ
TrigReport     0    0         73         73          0 A
TrigReport     0    0         73         73          0 B
TrigReport     0    0         73         73          0 C
TrigReport     0    0         73         73          0 D
TrigReport     0    0         73         73          0 E
TrigReport     0    0         73         73          0 F
TrigReport     0    0         73         73          0 G
TrigReport     0    0         73         73          0 H
TrigReport     0    0         73         73          0 I
TrigReport     0    0         73         73          0 J
TrigReport     0    0         73         73          0 K
TrigReport     0    0         73         73          0 L
TrigReport     0    0         73         73          0 M
TrigReport     0    0         73         73          0 N
TrigReport     0    0         73         73          0 O
TrigReport     0    0         73         73          0 P
TrigReport     0    0         73         73          0 Q
TrigReport     0    0         73         73          0 R
TrigReport     0    0         73         73          0 S
TrigReport     0    0         73         73          0 T
TrigReport     0    0         73         73          0 U
TrigReport     0    0         73         73          0 V
TrigReport     0    0         73         73          0 X
TrigReport     0    0         73         73          0 Y
TrigReport     0    0         73         73          0 Z
TrigReport     0    0         73         73          0 AA
TrigReport     0    0         73         73          0 AB
TrigReport     0    0         73         73          0 AC
TrigReport     0    0         73         73          0 AD
TrigReport     0    0         73         73          0 AE
TrigReport     0    0         73         73          0 AF
TrigReport     0    0         73         73          0 AG
TrigReport     0    0         73         73          0 AH
TrigReport     0    0         73         73          0 AI
TrigReport     0    0         73         73          0 AJ

TimeReport ---------- Time  Summary ---[sec]----
TimeReport CPU = 28054.311097 Real = 28083.528772

MemReport  ---------- Memory  Summary ---[base-10 MB]----
MemReport  VmPeak = 3537.72 VmHWM = 2540.94

