25-Jun-2020 18:48:12 CDT  Initiating request to open input file "root://fndca1.fnal.gov:1094/pnfs/fnal.gov/usr/GM2/mc/run1_gasgun_1062/runs_1567190000/1567190852/gm2ringsim_muon_gasgun_truth_22551200_1567190852.1.root"
25-Jun-2020 18:48:13 CDT  Opened input file "root://fndca1.fnal.gov:1094/pnfs/fnal.gov/usr/GM2/mc/run1_gasgun_1062/runs_1567190000/1567190852/gm2ringsim_muon_gasgun_truth_22551200_1567190852.1.root"
Begin processing the 1st record. run: 1567190852 subRun: 1 event: 1 at 25-Jun-2020 18:50:10 CDT
Begin processing the 101st record. run: 1567190852 subRun: 1 event: 101 at 25-Jun-2020 18:50:17 CDT
Begin processing the 201st record. run: 1567190852 subRun: 1 event: 201 at 25-Jun-2020 18:50:18 CDT
Begin processing the 301st record. run: 1567190852 subRun: 1 event: 301 at 25-Jun-2020 18:50:19 CDT
Begin processing the 401st record. run: 1567190852 subRun: 1 event: 401 at 25-Jun-2020 18:50:21 CDT
Begin processing the 501st record. run: 1567190852 subRun: 1 event: 501 at 25-Jun-2020 18:50:26 CDT
Begin processing the 601st record. run: 1567190852 subRun: 1 event: 601 at 25-Jun-2020 18:50:26 CDT
Begin processing the 701st record. run: 1567190852 subRun: 1 event: 701 at 25-Jun-2020 18:50:28 CDT
Begin processing the 801st record. run: 1567190852 subRun: 1 event: 801 at 25-Jun-2020 18:50:29 CDT
Begin processing the 901st record. run: 1567190852 subRun: 1 event: 901 at 25-Jun-2020 18:50:29 CDT
Begin processing the 2000th record. run: 1567190852 subRun: 1 event: 2000 at 25-Jun-2020 18:50:54 CDT
Begin processing the 3000th record. run: 1567190852 subRun: 1 event: 3000 at 25-Jun-2020 18:51:20 CDT
Begin processing the 5000th record. run: 1567190852 subRun: 1 event: 5000 at 25-Jun-2020 18:52:15 CDT
25-Jun-2020 18:52:15 CDT  Closed input file "root://fndca1.fnal.gov:1094/pnfs/fnal.gov/usr/GM2/mc/run1_gasgun_1062/runs_1567190000/1567190852/gm2ringsim_muon_gasgun_truth_22551200_1567190852.1.root"
%MSG-i summary:  ImposeDeadTime:deadTime@EndJob 25-Jun-2020 18:52:15 CDT  ModuleEndJob

--------- Tracker Impose Dead Time Report ---------
  Total num digits killed = 0 (of 4723, 0%)
  Total num digits kept = 4723 (of 4723, 100%)
------------------------------------------------

%MSG
%MSG-i summary:  KillStraws:killStraws@EndJob 25-Jun-2020 18:52:15 CDT  ModuleEndJob

--------- Tracker Kill Straws Report ---------
  Num straws to kill = 0
  Total num digits killed = 0 (of 4723, 0%)
  Total num digits kept = 4723 (of 4723, 100%)
----------------------------------------------

%MSG
%MSG-i summary:  RemoveFlash:removeFlash@EndJob 25-Jun-2020 18:52:15 CDT  ModuleEndJob

--------- Tracker Remove Flash Report ---------
  Total num digits removed = 0 (of 4723, 0%)
  Total num digits kept = 4723 (of 4723, 100%)
----------------------------------------------

%MSG

TrigReport ---------- Event  Summary ------------
TrigReport Events total = 5000 passed = 5000 failed = 0

TrigReport ------ Modules in End-Path: end_path ------------
TrigReport  Trig Bit#        Run    Success      Error Name
TrigReport     0    0       5000       5000          0 zero
TrigReport     0    0       5000       5000          0 one
TrigReport     0    0       5000       5000          0 two
TrigReport     0    0       5000       5000          0 three
TrigReport     0    0       5000       5000          0 four
TrigReport     0    0       5000       5000          0 five
TrigReport     0    0       5000       5000          0 six
TrigReport     0    0       5000       5000          0 seven
TrigReport     0    0       5000       5000          0 eight
TrigReport     0    0       5000       5000          0 nine
TrigReport     0    0       5000       5000          0 ten
TrigReport     0    0       5000       5000          0 eleven
TrigReport     0    0       5000       5000          0 twelve
TrigReport     0    0       5000       5000          0 thirteen
TrigReport     0    0       5000       5000          0 fourteen
TrigReport     0    0       5000       5000          0 fifteen
TrigReport     0    0       5000       5000          0 sixteen
TrigReport     0    0       5000       5000          0 seventeen
TrigReport     0    0       5000       5000          0 eighteen
TrigReport     0    0       5000       5000          0 nineteen
TrigReport     0    0       5000       5000          0 twenty

TimeReport ---------- Time  Summary ---[sec]----
TimeReport CPU = 197.554968 Real = 201.961690

MemReport  ---------- Memory  Summary ---[base-10 MB]----
MemReport  VmPeak = 2510.08 VmHWM = 1205.65

